#
# A fatal error has been detected by the Java Runtime Environment:
#
#  EXCEPTION_ACCESS_VIOLATION (0xc0000005) at pc=0x000000006ee76520, pid=18372, tid=0x0000000000004b50
#
# JRE version: OpenJDK Runtime Environment (8.0_252-b09) (build 1.8.0_252-b09)
# Java VM: OpenJDK 64-Bit Server VM (25.252-b09 mixed mode windows-amd64 compressed oops)
# Problematic frame:
# C  [xuggle1939623430833891522.dll+0x736520]
#
# Failed to write core dump. Minidumps are not enabled by default on client versions of Windows
#
# If you would like to submit a bug report, please visit:
#   http://bugreport.java.com/bugreport/crash.jsp
# The crash happened outside the Java Virtual Machine in native code.
# See problematic frame for where to report the bug.
#

---------------  T H R E A D  ---------------

Current thread (0x00000216e1a76000):  JavaThread "Thread-3" [_thread_in_native, id=19280, stack(0x000000aeee400000,0x000000aeee500000)]

siginfo: ExceptionCode=0xc0000005, reading address 0xffffffffffffffff

Registers:
RAX=0x00000216e2511970, RBX=0x00000216e6510120, RCX=0x00000216e2511970, RDX=0x0000000000000009
RSP=0x000000aeee4fdd40, RBP=0x00000216e25110b0, RSI=0x00000216e2512970, RDI=0x0000000000000004
R8 =0x000000006ee77580, R9 =0x000000006ee76490, R10=0x00000216e2570950, R11=0x00000216e657ea30
R12=0x00000216e657f230, R13=0x0000000000000004, R14=0x0000000000000184, R15=0x000000006fab8f20
RIP=0x000000006ee76520, EFLAGS=0x0000000000010202

Top of Stack: (sp=0x000000aeee4fdd40)
0x000000aeee4fdd40:   000000006ee76665 000000006ee774c5
0x000000aeee4fdd50:   000000006ee77505 000000006ee77545
0x000000aeee4fdd60:   000000006ee77585 000000006ee79426
0x000000aeee4fdd70:   000000006fab8f20 00000216e2511970
0x000000aeee4fdd80:   00000216e65125e0 0000021626081f31
0x000000aeee4fdd90:   3fe0000000000000 0000000000000000
0x000000aeee4fdda0:   40c7760000000000 0000000000000000
0x000000aeee4fddb0:   3fe0000000000000 0000000000000001
0x000000aeee4fddc0:   00000216e65135e0 000000006ea45d24
0x000000aeee4fddd0:   3f40624dd2f1a9fc 0000000000000000
0x000000aeee4fdde0:   0000000000000000 0000000000000000
0x000000aeee4fddf0:   0000000000000000 0000000000000000
0x000000aeee4fde00:   00000216e651c4e0 000000006fab7320
0x000000aeee4fde10:   00000216e24f6fe0 00000216e6510080
0x000000aeee4fde20:   0000000000000001 00000216e25110b0
0x000000aeee4fde30:   00000216e2511130 0000000000000000 

Instructions: (pc=0x000000006ee76520)
0x000000006ee76500:   c4 e3 5d 0c c0 55 c5 e4 5c c8 c5 e4 58 c0 c5 fc
0x000000006ee76510:   29 01 c5 fc 29 49 20 c3 0f 1f 84 00 00 00 00 00
0x000000006ee76520:   c5 fc 28 51 40 c5 fc 28 59 60 c5 ec 5c fb c5 ec
0x000000006ee76530:   58 d3 c5 c4 57 3d 26 41 84 00 c5 ec c6 df be c5 


Register to memory mapping:

RAX=0x00000216e2511970 is an unknown value
RBX=0x00000216e6510120 is an unknown value
RCX=0x00000216e2511970 is an unknown value
RDX=0x0000000000000009 is an unknown value
RSP=0x000000aeee4fdd40 is pointing into the stack for thread: 0x00000216e1a76000
RBP=0x00000216e25110b0 is an unknown value
RSI=0x00000216e2512970 is an unknown value
RDI=0x0000000000000004 is an unknown value
R8 =0x000000006ee77580 is an unknown value
R9 =0x000000006ee76490 is an unknown value
R10=0x00000216e2570950 is an unknown value
R11=0x00000216e657ea30 is an unknown value
R12=0x00000216e657f230 is an unknown value
R13=0x0000000000000004 is an unknown value
R14=0x0000000000000184 is an unknown value
R15=0x000000006fab8f20 is an unknown value


Stack: [0x000000aeee400000,0x000000aeee500000],  sp=0x000000aeee4fdd40,  free space=1015k
Native frames: (J=compiled Java code, j=interpreted, Vv=VM code, C=native code)
C  [xuggle1939623430833891522.dll+0x736520]

Java frames: (J=compiled Java code, j=interpreted, Vv=VM code)
j  com.xuggle.xuggler.XugglerJNI.IContainer_open__SWIG_0(JLcom/xuggle/xuggler/IContainer;Ljava/lang/String;IJLcom/xuggle/xuggler/IContainerFormat;)I+0
j  com.xuggle.xuggler.IContainer.open(Ljava/lang/String;Lcom/xuggle/xuggler/IContainer$Type;Lcom/xuggle/xuggler/IContainerFormat;)I+15
j  com.app.PlayerController$Task.run()V+52
j  java.lang.Thread.run()V+11
v  ~StubRoutines::call_stub

---------------  P R O C E S S  ---------------

Java Threads: ( => current thread )
=>0x00000216e1a76000 JavaThread "Thread-3" [_thread_in_native, id=19280, stack(0x000000aeee400000,0x000000aeee500000)]
  0x00000216e1966000 JavaThread "Service Thread" daemon [_thread_blocked, id=21604, stack(0x000000aeee200000,0x000000aeee300000)]
  0x00000216e18e4000 JavaThread "C1 CompilerThread3" daemon [_thread_blocked, id=22220, stack(0x000000aeee100000,0x000000aeee200000)]
  0x00000216e18df000 JavaThread "C2 CompilerThread2" daemon [_thread_blocked, id=19112, stack(0x000000aeee000000,0x000000aeee100000)]
  0x00000216e18de800 JavaThread "C2 CompilerThread1" daemon [_thread_blocked, id=15364, stack(0x000000aeedf00000,0x000000aeee000000)]
  0x00000216df6de000 JavaThread "C2 CompilerThread0" daemon [_thread_blocked, id=10352, stack(0x000000aeede00000,0x000000aeedf00000)]
  0x00000216df6dd000 JavaThread "JDWP Command Reader" daemon [_thread_in_native, id=21688, stack(0x000000aeedd00000,0x000000aeede00000)]
  0x00000216df6d4800 JavaThread "JDWP Event Helper Thread" daemon [_thread_blocked, id=23152, stack(0x000000aeedc00000,0x000000aeedd00000)]
  0x00000216df6d1000 JavaThread "JDWP Transport Listener: dt_socket" daemon [_thread_blocked, id=6644, stack(0x000000aeedb00000,0x000000aeedc00000)]
  0x00000216e18d3000 JavaThread "Attach Listener" daemon [_thread_blocked, id=13108, stack(0x000000aeeda00000,0x000000aeedb00000)]
  0x00000216e18d2800 JavaThread "Signal Dispatcher" daemon [_thread_blocked, id=8844, stack(0x000000aeed900000,0x000000aeeda00000)]
  0x00000216df67e800 JavaThread "Finalizer" daemon [_thread_blocked, id=11824, stack(0x000000aeed800000,0x000000aeed900000)]
  0x00000216df672000 JavaThread "Reference Handler" daemon [_thread_blocked, id=15264, stack(0x000000aeed700000,0x000000aeed800000)]
  0x00000216c4468800 JavaThread "main" [_thread_in_native, id=164, stack(0x000000aeecb00000,0x000000aeecc00000)]

Other Threads:
  0x00000216df644800 VMThread [stack: 0x000000aeed600000,0x000000aeed700000] [id=19560]
  0x00000216e1966800 WatcherThread [stack: 0x000000aeee300000,0x000000aeee400000] [id=15020]

VM state:not at safepoint (normal execution)

VM Mutex/Monitor currently owned by a thread: None

heap address: 0x00000006c2600000, size: 4058 MB, Compressed Oops mode: Zero based, Oop shift amount: 3
Narrow klass base: 0x0000000000000000, Narrow klass shift: 3
Compressed class space size: 1073741824 Address: 0x00000007c0000000

Heap:
 PSYoungGen      total 136704K, used 52317K [0x000000076b780000, 0x0000000774b80000, 0x00000007c0000000)
  eden space 125952K, 33% used [0x000000076b780000,0x000000076e01b9e8,0x0000000773280000)
  from space 10752K, 99% used [0x0000000774100000,0x0000000774b7bbc8,0x0000000774b80000)
  to   space 10752K, 0% used [0x0000000773680000,0x0000000773680000,0x0000000774100000)
 ParOldGen       total 192512K, used 116272K [0x00000006c2600000, 0x00000006ce200000, 0x000000076b780000)
  object space 192512K, 60% used [0x00000006c2600000,0x00000006c978c340,0x00000006ce200000)
 Metaspace       used 5307K, capacity 5366K, committed 5504K, reserved 1056768K
  class space    used 544K, capacity 594K, committed 640K, reserved 1048576K

Card table byte_map: [0x00000216d5570000,0x00000216d5d60000] byte_map_base: 0x00000216d1f5d000

Marking Bits: (ParMarkBitMap*) 0x000000006c255010
 Begin Bits: [0x00000216d62b0000, 0x00000216da218000)
 End Bits:   [0x00000216da218000, 0x00000216de180000)

Polling page: 0x00000216c4690000

CodeCache: size=245760Kb used=1911Kb max_used=1918Kb free=243848Kb
 bounds [0x00000216c61b0000, 0x00000216c6420000, 0x00000216d51b0000]
 total_blobs=694 nmethods=368 adapters=248
 compilation: enabled

Compilation events (10 events):
Event: 12.907 Thread 0x00000216df6de000  364   !   4       java.net.AbstractPlainSocketImpl::acquireFD (29 bytes)
Event: 12.910 Thread 0x00000216df6de000 nmethod 364 0x00000216c638df10 code [0x00000216c638e040, 0x00000216c638e298]
Event: 13.002 Thread 0x00000216e18e4000  365       1       java.util.concurrent.atomic.AtomicLong::get (5 bytes)
Event: 13.002 Thread 0x00000216e18e4000 nmethod 365 0x00000216c638dc50 code [0x00000216c638dda0, 0x00000216c638deb8]
Event: 13.002 Thread 0x00000216e18e4000  366       3       com.xuggle.ferry.JNIReference::isDeleted (18 bytes)
Event: 13.003 Thread 0x00000216e18e4000 nmethod 366 0x00000216c638b1d0 code [0x00000216c638b340, 0x00000216c638b5f8]
Event: 16.080 Thread 0x00000216e18e4000  367       3       java.nio.Buffer::position (43 bytes)
Event: 16.081 Thread 0x00000216e18e4000 nmethod 367 0x00000216c638ac90 code [0x00000216c638ae00, 0x00000216c638b0f0]
Event: 16.086 Thread 0x00000216e18e4000  368       3       java.nio.CharBuffer::arrayOffset (35 bytes)
Event: 16.086 Thread 0x00000216e18e4000 nmethod 368 0x00000216c638cf50 code [0x00000216c638d0e0, 0x00000216c638d420]

GC Heap History (10 events):
Event: 6.749 GC heap before
{Heap before GC invocations=1 (full 0):
 PSYoungGen      total 75776K, used 64898K [0x000000076b780000, 0x0000000770c00000, 0x00000007c0000000)
  eden space 65024K, 99% used [0x000000076b780000,0x000000076f6e0808,0x000000076f700000)
  from space 10752K, 0% used [0x0000000770180000,0x0000000770180000,0x0000000770c00000)
  to   space 10752K, 0% used [0x000000076f700000,0x000000076f700000,0x0000000770180000)
 ParOldGen       total 173568K, used 0K [0x00000006c2600000, 0x00000006ccf80000, 0x000000076b780000)
  object space 173568K, 0% used [0x00000006c2600000,0x00000006c2600000,0x00000006ccf80000)
 Metaspace       used 5247K, capacity 5366K, committed 5504K, reserved 1056768K
  class space    used 539K, capacity 594K, committed 640K, reserved 1048576K
Event: 6.781 GC heap after
Heap after GC invocations=1 (full 0):
 PSYoungGen      total 75776K, used 10735K [0x000000076b780000, 0x0000000770c00000, 0x00000007c0000000)
  eden space 65024K, 0% used [0x000000076b780000,0x000000076b780000,0x000000076f700000)
  from space 10752K, 99% used [0x000000076f700000,0x000000077017bfd0,0x0000000770180000)
  to   space 10752K, 0% used [0x0000000770180000,0x0000000770180000,0x0000000770c00000)
 ParOldGen       total 173568K, used 48172K [0x00000006c2600000, 0x00000006ccf80000, 0x000000076b780000)
  object space 173568K, 27% used [0x00000006c2600000,0x00000006c550b2d8,0x00000006ccf80000)
 Metaspace       used 5247K, capacity 5366K, committed 5504K, reserved 1056768K
  class space    used 539K, capacity 594K, committed 640K, reserved 1048576K
}
Event: 7.111 GC heap before
{Heap before GC invocations=2 (full 0):
 PSYoungGen      total 75776K, used 75630K [0x000000076b780000, 0x0000000770c00000, 0x00000007c0000000)
  eden space 65024K, 99% used [0x000000076b780000,0x000000076f6df890,0x000000076f700000)
  from space 10752K, 99% used [0x000000076f700000,0x000000077017bfd0,0x0000000770180000)
  to   space 10752K, 0% used [0x0000000770180000,0x0000000770180000,0x0000000770c00000)
 ParOldGen       total 173568K, used 48172K [0x00000006c2600000, 0x00000006ccf80000, 0x000000076b780000)
  object space 173568K, 27% used [0x00000006c2600000,0x00000006c550b2d8,0x00000006ccf80000)
 Metaspace       used 5276K, capacity 5366K, committed 5504K, reserved 1056768K
  class space    used 540K, capacity 594K, committed 640K, reserved 1048576K
Event: 7.152 GC heap after
Heap after GC invocations=2 (full 0):
 PSYoungGen      total 75776K, used 10730K [0x000000076b780000, 0x0000000774b80000, 0x00000007c0000000)
  eden space 65024K, 0% used [0x000000076b780000,0x000000076b780000,0x000000076f700000)
  from space 10752K, 99% used [0x0000000770180000,0x0000000770bfa9b0,0x0000000770c00000)
  to   space 10752K, 0% used [0x000000076f700000,0x000000076f700000,0x0000000770180000)
 ParOldGen       total 173568K, used 102613K [0x00000006c2600000, 0x00000006ccf80000, 0x000000076b780000)
  object space 173568K, 59% used [0x00000006c2600000,0x00000006c8a356c8,0x00000006ccf80000)
 Metaspace       used 5276K, capacity 5366K, committed 5504K, reserved 1056768K
  class space    used 540K, capacity 594K, committed 640K, reserved 1048576K
}
Event: 12.606 GC heap before
{Heap before GC invocations=3 (full 0):
 PSYoungGen      total 75776K, used 75712K [0x000000076b780000, 0x0000000774b80000, 0x00000007c0000000)
  eden space 65024K, 99% used [0x000000076b780000,0x000000076f6f5868,0x000000076f700000)
  from space 10752K, 99% used [0x0000000770180000,0x0000000770bfa9b0,0x0000000770c00000)
  to   space 10752K, 0% used [0x000000076f700000,0x000000076f700000,0x0000000770180000)
 ParOldGen       total 173568K, used 102613K [0x00000006c2600000, 0x00000006ccf80000, 0x000000076b780000)
  object space 173568K, 59% used [0x00000006c2600000,0x00000006c8a356c8,0x00000006ccf80000)
 Metaspace       used 5278K, capacity 5366K, committed 5504K, reserved 1056768K
  class space    used 540K, capacity 594K, committed 640K, reserved 1048576K
Event: 12.632 GC heap after
Heap after GC invocations=3 (full 0):
 PSYoungGen      total 75776K, used 10742K [0x000000076b780000, 0x0000000774b80000, 0x00000007c0000000)
  eden space 65024K, 0% used [0x000000076b780000,0x000000076b780000,0x000000076f700000)
  from space 10752K, 99% used [0x000000076f700000,0x000000077017d818,0x0000000770180000)
  to   space 10752K, 0% used [0x0000000774100000,0x0000000774100000,0x0000000774b80000)
 ParOldGen       total 173568K, used 157139K [0x00000006c2600000, 0x00000006ccf80000, 0x000000076b780000)
  object space 173568K, 90% used [0x00000006c2600000,0x00000006cbf74c40,0x00000006ccf80000)
 Metaspace       used 5278K, capacity 5366K, committed 5504K, reserved 1056768K
  class space    used 540K, capacity 594K, committed 640K, reserved 1048576K
}
Event: 12.632 GC heap before
{Heap before GC invocations=4 (full 1):
 PSYoungGen      total 75776K, used 10742K [0x000000076b780000, 0x0000000774b80000, 0x00000007c0000000)
  eden space 65024K, 0% used [0x000000076b780000,0x000000076b780000,0x000000076f700000)
  from space 10752K, 99% used [0x000000076f700000,0x000000077017d818,0x0000000770180000)
  to   space 10752K, 0% used [0x0000000774100000,0x0000000774100000,0x0000000774b80000)
 ParOldGen       total 173568K, used 157139K [0x00000006c2600000, 0x00000006ccf80000, 0x000000076b780000)
  object space 173568K, 90% used [0x00000006c2600000,0x00000006cbf74c40,0x00000006ccf80000)
 Metaspace       used 5278K, capacity 5366K, committed 5504K, reserved 1056768K
  class space    used 540K, capacity 594K, committed 640K, reserved 1048576K
Event: 12.672 GC heap after
Heap after GC invocations=4 (full 1):
 PSYoungGen      total 75776K, used 0K [0x000000076b780000, 0x0000000774b80000, 0x00000007c0000000)
  eden space 65024K, 0% used [0x000000076b780000,0x000000076b780000,0x000000076f700000)
  from space 10752K, 0% used [0x000000076f700000,0x000000076f700000,0x0000000770180000)
  to   space 10752K, 0% used [0x0000000774100000,0x0000000774100000,0x0000000774b80000)
 ParOldGen       total 192512K, used 64302K [0x00000006c2600000, 0x00000006ce200000, 0x000000076b780000)
  object space 192512K, 33% used [0x00000006c2600000,0x00000006c64cbb68,0x00000006ce200000)
 Metaspace       used 5278K, capacity 5366K, committed 5504K, reserved 1056768K
  class space    used 540K, capacity 594K, committed 640K, reserved 1048576K
}
Event: 12.921 GC heap before
{Heap before GC invocations=5 (full 1):
 PSYoungGen      total 75776K, used 64869K [0x000000076b780000, 0x0000000774b80000, 0x00000007c0000000)
  eden space 65024K, 99% used [0x000000076b780000,0x000000076f6d94c0,0x000000076f700000)
  from space 10752K, 0% used [0x000000076f700000,0x000000076f700000,0x0000000770180000)
  to   space 10752K, 0% used [0x0000000774100000,0x0000000774100000,0x0000000774b80000)
 ParOldGen       total 192512K, used 64302K [0x00000006c2600000, 0x00000006ce200000, 0x000000076b780000)
  object space 192512K, 33% used [0x00000006c2600000,0x00000006c64cbb68,0x00000006ce200000)
 Metaspace       used 5278K, capacity 5366K, committed 5504K, reserved 1056768K
  class space    used 540K, capacity 594K, committed 640K, reserved 1048576K
Event: 12.936 GC heap after
Heap after GC invocations=5 (full 1):
 PSYoungGen      total 136704K, used 10734K [0x000000076b780000, 0x0000000774b80000, 0x00000007c0000000)
  eden space 125952K, 0% used [0x000000076b780000,0x000000076b780000,0x0000000773280000)
  from space 10752K, 99% used [0x0000000774100000,0x0000000774b7bbc8,0x0000000774b80000)
  to   space 10752K, 0% used [0x0000000773680000,0x0000000773680000,0x0000000774100000)
 ParOldGen       total 192512K, used 116272K [0x00000006c2600000, 0x00000006ce200000, 0x000000076b780000)
  object space 192512K, 60% used [0x00000006c2600000,0x00000006c978c340,0x00000006ce200000)
 Metaspace       used 5278K, capacity 5366K, committed 5504K, reserved 1056768K
  class space    used 540K, capacity 594K, committed 640K, reserved 1048576K
}

Deoptimization events (2 events):
Event: 4.862 Thread 0x00000216e1a76000 Uncommon trap: reason=unstable_if action=reinterpret pc=0x00000216c632e378 method=java.util.zip.InflaterInputStream.read([BII)I @ 69
Event: 6.337 Thread 0x00000216e1a76000 Uncommon trap: reason=unstable_if action=reinterpret pc=0x00000216c632c2e4 method=java.util.zip.InflaterInputStream.read([BII)I @ 69

Classes redefined (0 events):
No events

Internal exceptions (10 events):
Event: 3.516 Thread 0x00000216e1a76000 Exception <a 'java/security/PrivilegedActionException'> (0x000000076bc06ba0) thrown at [J:\jenkins\tmp\workspace\build\src\hotspot\src\share\vm\prims\jvm.cpp, line 1502]
Event: 3.516 Thread 0x00000216e1a76000 Exception <a 'java/security/PrivilegedActionException'> (0x000000076bc06db0) thrown at [J:\jenkins\tmp\workspace\build\src\hotspot\src\share\vm\prims\jvm.cpp, line 1502]
Event: 3.516 Thread 0x00000216e1a76000 Exception <a 'java/security/PrivilegedActionException'> (0x000000076bc07e88) thrown at [J:\jenkins\tmp\workspace\build\src\hotspot\src\share\vm\prims\jvm.cpp, line 1502]
Event: 3.516 Thread 0x00000216e1a76000 Exception <a 'java/security/PrivilegedActionException'> (0x000000076bc08098) thrown at [J:\jenkins\tmp\workspace\build\src\hotspot\src\share\vm\prims\jvm.cpp, line 1502]
Event: 3.517 Thread 0x00000216e1a76000 Exception <a 'java/security/PrivilegedActionException'> (0x000000076bc09110) thrown at [J:\jenkins\tmp\workspace\build\src\hotspot\src\share\vm\prims\jvm.cpp, line 1502]
Event: 3.517 Thread 0x00000216e1a76000 Exception <a 'java/security/PrivilegedActionException'> (0x000000076bc09320) thrown at [J:\jenkins\tmp\workspace\build\src\hotspot\src\share\vm\prims\jvm.cpp, line 1502]
Event: 3.517 Thread 0x00000216e1a76000 Exception <a 'java/security/PrivilegedActionException'> (0x000000076bc0a340) thrown at [J:\jenkins\tmp\workspace\build\src\hotspot\src\share\vm\prims\jvm.cpp, line 1502]
Event: 3.517 Thread 0x00000216e1a76000 Exception <a 'java/security/PrivilegedActionException'> (0x000000076bc0a550) thrown at [J:\jenkins\tmp\workspace\build\src\hotspot\src\share\vm\prims\jvm.cpp, line 1502]
Event: 3.519 Thread 0x00000216e1a76000 Exception <a 'java/lang/NoClassDefFoundError': org/slf4j/impl/StaticLoggerBinder> (0x000000076bc10020) thrown at [J:\jenkins\tmp\workspace\build\src\hotspot\src\share\vm\classfile\systemDictionary.cpp, line 199]
Event: 16.076 Thread 0x00000216e1a76000 Exception <a 'java/net/SocketException': Connection reset by peer: socket write error> (0x000000076daff1e8) thrown at [J:\jenkins\tmp\workspace\build\src\hotspot\src\share\vm\prims\jni.cpp, line 737]

Events (10 events):
Event: 16.103 Thread 0x00000216e1a76000 Thread exited: 0x00000216e1a76000
Event: 18.535 Thread 0x00000216e1a76000 Thread added: 0x00000216e1a76000
Event: 18.536 Executing VM operation: RevokeBias
Event: 18.536 Executing VM operation: RevokeBias done
Event: 18.536 Executing VM operation: RevokeBias
Event: 18.536 Executing VM operation: RevokeBias done
Event: 18.536 Executing VM operation: RevokeBias
Event: 18.537 Executing VM operation: RevokeBias done
Event: 18.537 Executing VM operation: RevokeBias
Event: 18.537 Executing VM operation: RevokeBias done


Dynamic libraries:
0x00007ff629240000 - 0x00007ff62927a000 	C:\Program Files\AdoptOpenJDK\jdk-8.0.252.09-hotspot\bin\java.exe
0x00007ffb9c8c0000 - 0x00007ffb9cab0000 	C:\Windows\SYSTEM32\ntdll.dll
0x00007ffb9b9a0000 - 0x00007ffb9ba52000 	C:\Windows\System32\KERNEL32.DLL
0x00007ffb99bf0000 - 0x00007ffb99e94000 	C:\Windows\System32\KERNELBASE.dll
0x00007ffb9aba0000 - 0x00007ffb9ac43000 	C:\Windows\System32\ADVAPI32.dll
0x00007ffb9ad30000 - 0x00007ffb9adce000 	C:\Windows\System32\msvcrt.dll
0x00007ffb9ac50000 - 0x00007ffb9ace7000 	C:\Windows\System32\sechost.dll
0x00007ffb9ba60000 - 0x00007ffb9bb80000 	C:\Windows\System32\RPCRT4.dll
0x00007ffb9b670000 - 0x00007ffb9b804000 	C:\Windows\System32\USER32.dll
0x00007ffb9a770000 - 0x00007ffb9a791000 	C:\Windows\System32\win32u.dll
0x00007ffb9c630000 - 0x00007ffb9c656000 	C:\Windows\System32\GDI32.dll
0x00007ffb9a7d0000 - 0x00007ffb9a966000 	C:\Windows\System32\gdi32full.dll
0x00007ffb9a6d0000 - 0x00007ffb9a76e000 	C:\Windows\System32\msvcp_win.dll
0x00007ffb99af0000 - 0x00007ffb99bea000 	C:\Windows\System32\ucrtbase.dll
0x00007ffb7f3f0000 - 0x00007ffb7f674000 	C:\Windows\WinSxS\amd64_microsoft.windows.common-controls_6595b64144ccf1df_6.0.18362.959_none_e6c7bbbf130c62bb\COMCTL32.dll
0x00007ffb9c220000 - 0x00007ffb9c555000 	C:\Windows\System32\combase.dll
0x00007ffb99ea0000 - 0x00007ffb99f20000 	C:\Windows\System32\bcryptPrimitives.dll
0x00007ffb9ad00000 - 0x00007ffb9ad2e000 	C:\Windows\System32\IMM32.DLL
0x00007ffb55280000 - 0x00007ffb5536f000 	C:\Program Files\AdoptOpenJDK\jdk-8.0.252.09-hotspot\jre\bin\msvcr120.dll
0x00007ffb54e00000 - 0x00007ffb54ea6000 	C:\Program Files\AdoptOpenJDK\jdk-8.0.252.09-hotspot\jre\bin\msvcp120.dll
0x000000006bad0000 - 0x000000006c2ce000 	C:\Program Files\AdoptOpenJDK\jdk-8.0.252.09-hotspot\jre\bin\server\jvm.dll
0x00007ffb9c870000 - 0x00007ffb9c878000 	C:\Windows\System32\PSAPI.DLL
0x00007ffb85d90000 - 0x00007ffb85d99000 	C:\Windows\SYSTEM32\WSOCK32.dll
0x00007ffb892e0000 - 0x00007ffb89304000 	C:\Windows\SYSTEM32\WINMM.dll
0x00007ffb91390000 - 0x00007ffb9139a000 	C:\Windows\SYSTEM32\VERSION.dll
0x00007ffb9b8c0000 - 0x00007ffb9b92f000 	C:\Windows\System32\WS2_32.dll
0x00007ffb8af40000 - 0x00007ffb8af6d000 	C:\Windows\SYSTEM32\WINMMBASE.dll
0x00007ffb99aa0000 - 0x00007ffb99aea000 	C:\Windows\System32\cfgmgr32.dll
0x00007ffb911d0000 - 0x00007ffb911df000 	C:\Program Files\AdoptOpenJDK\jdk-8.0.252.09-hotspot\jre\bin\verify.dll
0x00007ffb6f2b0000 - 0x00007ffb6f2d8000 	C:\Program Files\AdoptOpenJDK\jdk-8.0.252.09-hotspot\jre\bin\java.dll
0x00007ffb574b0000 - 0x00007ffb574e5000 	C:\Program Files\AdoptOpenJDK\jdk-8.0.252.09-hotspot\jre\bin\jdwp.dll
0x00007ffb91e40000 - 0x00007ffb91e48000 	C:\Program Files\AdoptOpenJDK\jdk-8.0.252.09-hotspot\jre\bin\npt.dll
0x00007ffb7a570000 - 0x00007ffb7a586000 	C:\Program Files\AdoptOpenJDK\jdk-8.0.252.09-hotspot\jre\bin\zip.dll
0x00007ffb9af80000 - 0x00007ffb9b666000 	C:\Windows\System32\SHELL32.dll
0x00007ffb9ae30000 - 0x00007ffb9aed9000 	C:\Windows\System32\shcore.dll
0x00007ffb99f20000 - 0x00007ffb9a6a2000 	C:\Windows\System32\windows.storage.dll
0x00007ffb99810000 - 0x00007ffb99833000 	C:\Windows\System32\profapi.dll
0x00007ffb997c0000 - 0x00007ffb9980a000 	C:\Windows\System32\powrprof.dll
0x00007ffb99770000 - 0x00007ffb99780000 	C:\Windows\System32\UMPDC.dll
0x00007ffb9add0000 - 0x00007ffb9ae22000 	C:\Windows\System32\shlwapi.dll
0x00007ffb997a0000 - 0x00007ffb997b1000 	C:\Windows\System32\kernel.appcore.dll
0x00007ffb9a6b0000 - 0x00007ffb9a6c7000 	C:\Windows\System32\cryptsp.dll
0x00007ffb8e200000 - 0x00007ffb8e209000 	C:\Program Files\AdoptOpenJDK\jdk-8.0.252.09-hotspot\jre\bin\dt_socket.dll
0x00007ffb67560000 - 0x00007ffb67576000 	C:\Windows\system32\napinsp.dll
0x00007ffb67520000 - 0x00007ffb6753a000 	C:\Windows\system32\pnrpnsp.dll
0x00007ffb98fe0000 - 0x00007ffb99047000 	C:\Windows\System32\mswsock.dll
0x00007ffb98d30000 - 0x00007ffb98dfb000 	C:\Windows\SYSTEM32\DNSAPI.dll
0x00007ffb9c660000 - 0x00007ffb9c668000 	C:\Windows\System32\NSI.dll
0x00007ffb98cf0000 - 0x00007ffb98d2a000 	C:\Windows\SYSTEM32\IPHLPAPI.DLL
0x00007ffb6afa0000 - 0x00007ffb6afae000 	C:\Windows\System32\winrnr.dll
0x00007ffb91300000 - 0x00007ffb9131c000 	C:\Windows\system32\NLAapi.dll
0x00007ffb922f0000 - 0x00007ffb92305000 	C:\Windows\system32\wshbth.dll
0x00007ffb8e0c0000 - 0x00007ffb8e137000 	C:\Windows\System32\fwpuclnt.dll
0x00007ffb9a7a0000 - 0x00007ffb9a7c6000 	C:\Windows\System32\bcrypt.dll
0x00007ffb8c5c0000 - 0x00007ffb8c5ca000 	C:\Windows\System32\rasadhlp.dll
0x00007ffb6bf00000 - 0x00007ffb6bf1a000 	C:\Program Files\AdoptOpenJDK\jdk-8.0.252.09-hotspot\jre\bin\net.dll
0x00007ffb98b50000 - 0x00007ffb98b83000 	C:\Windows\system32\rsaenh.dll
0x00007ffb99660000 - 0x00007ffb99685000 	C:\Windows\SYSTEM32\USERENV.dll
0x00007ffb991b0000 - 0x00007ffb991bc000 	C:\Windows\SYSTEM32\CRYPTBASE.dll
0x00007ffb8f140000 - 0x00007ffb8f156000 	C:\Windows\SYSTEM32\dhcpcsvc6.DLL
0x00007ffb8f700000 - 0x00007ffb8f71c000 	C:\Windows\SYSTEM32\dhcpcsvc.DLL
0x00007ffb6bee0000 - 0x00007ffb6bef2000 	C:\Program Files\AdoptOpenJDK\jdk-8.0.252.09-hotspot\jre\bin\nio.dll
0x000000006e740000 - 0x000000006fda5000 	C:\Users\rando\AppData\Local\Temp\xuggle\xuggle1939623430833891522.dll
0x00007ffb9aa40000 - 0x00007ffb9ab97000 	C:\Windows\System32\ole32.dll
0x00007ffb8c9f0000 - 0x00007ffb8ca08000 	C:\Windows\SYSTEM32\AVICAP32.dll
0x00007ffb5fad0000 - 0x00007ffb5faf9000 	C:\Windows\SYSTEM32\MSVFW32.dll
0x00007ffb94ea0000 - 0x00007ffb95094000 	C:\Windows\SYSTEM32\dbghelp.dll

VM Arguments:
jvm_args: -agentlib:jdwp=transport=dt_socket,server=n,suspend=y,address=localhost:54235 -Dfile.encoding=UTF-8 
java_command: com.app.App
java_class_path (initial): C:\Users\rando\AppData\Local\Temp\cp_a7yzsb170gp4q6gm2n78y5896.jar
Launcher Type: SUN_STANDARD

Environment Variables:
JAVA_HOME=C:\Program Files\AdoptOpenJDK\jdk-8.0.252.09-hotspot
PATH=C:\Python38\Scripts\;C:\Python38\;C:\Windows\system32;C:\Windows;C:\Windows\System32\Wbem;C:\Windows\System32\WindowsPowerShell\v1.0\;C:\Windows\System32\OpenSSH\;C:\Program Files (x86)\NVIDIA Corporation\PhysX\Common;C:\Program Files\NVIDIA Corporation\NVIDIA NvDLISR;C:\Program Files\Intel\WiFi\bin\;C:\Program Files\Common Files\Intel\WirelessCommon\;C:\Program Files\Microsoft SQL Server\130\Tools\Binn\;C:\Program Files\Microsoft SQL Server\Client SDK\ODBC\170\Tools\Binn\;C:\Program Files\Git\cmd;C:\Program Files\dotnet\;C:\Program Files\nodejs\;C:\ProgramData\chocolatey\bin;C:\Users\rando\AppData\Local\Microsoft\WindowsApps;C:\Users\rando\AppData\Local\atom\bin;C:\MinGW\bin;C:\Users\rando\AppData\Local\Programs\Microsoft VS Code\bin;C:\Program Files\AdoptOpenJDK\jdk-8.0.252.09-hotspot\bin;C:\Program Files\apache-maven-3.6.3\bin;C:\Program Files\PostgreSQL\12\bin;C:\Users\rando\.dotnet\tools;C:\Users\rando\AppData\Roaming\npm;
USERNAME=rando
OS=Windows_NT
PROCESSOR_IDENTIFIER=Intel64 Family 6 Model 158 Stepping 10, GenuineIntel



---------------  S Y S T E M  ---------------

OS: Windows 10.0 , 64 bit Build 18362 (10.0.18362.959)

CPU:total 12 (initial active 12) (6 cores per cpu, 2 threads per core) family 6 model 158 stepping 10, cmov, cx8, fxsr, mmx, sse, sse2, sse3, ssse3, sse4.1, sse4.2, popcnt, avx, avx2, aes, clmul, erms, 3dnowpref, lzcnt, ht, tsc, tscinvbit, bmi1, bmi2, adx

Memory: 4k page, physical 16618432k(5789304k free), swap 19862824k(2591408k free)

vm_info: OpenJDK 64-Bit Server VM (25.252-b09) for windows-amd64 JRE (1.8.0_252-b09), built on Apr 22 2020 09:32:45 by "jenkins" with MS VC++ 12.0 (VS2013)

time: Sun Aug 02 19:41:07 2020
timezone: ???? (?W?€??)
elapsed time: 18 seconds (0d 0h 0m 18s)

