#
# A fatal error has been detected by the Java Runtime Environment:
#
#  EXCEPTION_ACCESS_VIOLATION (0xc0000005) at pc=0x0000000000000000, pid=8600, tid=0x0000000000004528
#
# JRE version: OpenJDK Runtime Environment (8.0_252-b09) (build 1.8.0_252-b09)
# Java VM: OpenJDK 64-Bit Server VM (25.252-b09 mixed mode windows-amd64 compressed oops)
# Problematic frame:
# C  0x0000000000000000
#
# Failed to write core dump. Minidumps are not enabled by default on client versions of Windows
#
# If you would like to submit a bug report, please visit:
#   http://bugreport.java.com/bugreport/crash.jsp
# The crash happened outside the Java Virtual Machine in native code.
# See problematic frame for where to report the bug.
#

---------------  T H R E A D  ---------------

Current thread (0x0000016cd87d8000):  JavaThread "Thread-1" [_thread_in_native, id=17704, stack(0x000000105e400000,0x000000105e500000)]

siginfo: ExceptionCode=0xc0000005, ExceptionInformation=0x0000000000000008 0x0000000000000000

Registers:
RAX=0x0000016cd92a53e0, RBX=0x0000016cd5bc4f00, RCX=0x0000016cd92a53e0, RDX=0x0000000000000000
RSP=0x000000105e4ff1c8, RBP=0x000000105e4ff250, RSI=0x0000000000000000, RDI=0x0000016cc8d3d000
R8 =0x0000016cd92a53e0, R9 =0x000000105e4ff458, R10=0x0000016cbcfb495b, R11=0x000000006bcc4260
R12=0x0000000000000000, R13=0x0000016cd5bc4f00, R14=0x000000105e4ff468, R15=0x0000016cd87d8000
RIP=0x0000000000000000, EFLAGS=0x0000000000010206

Top of Stack: (sp=0x000000105e4ff1c8)
0x000000105e4ff1c8:   000000006e7d0900 0000016cd92a53e0
0x000000105e4ff1d8:   0000016cd87d8000 00000052b4a27cea
0x000000105e4ff1e8:   0000000000000000 0000000000000001
0x000000105e4ff1f8:   000000006bbd91ac 0000016cd5ba4028
0x000000105e4ff208:   0000016cd87d8000 0000000000000000
0x000000105e4ff218:   0000000000000001 000000006c035840
0x000000105e4ff228:   0000016cbb2a7c70 0000000000000003
0x000000105e4ff238:   000000000000000e 000000006f2ae300
0x000000105e4ff248:   000000006f2f3504 000000105e4ff2d0
0x000000105e4ff258:   000000006e7d09fd 000000105e4ff1d0
0x000000105e4ff268:   000000105e4ff258 0000016cd87d8000
0x000000105e4ff278:   0000000000000000 00000000000000b6
0x000000105e4ff288:   0000016cd5bad7c0 0000000000000000
0x000000105e4ff298:   000000006bba76f1 00000000000000b6
0x000000105e4ff2a8:   000000105e4ff3f8 0000000000000006
0x000000105e4ff2b8:   00000000d5ba5780 0000016cd92a53e0 

Instructions: (pc=0x0000000000000000)
0xffffffffffffffe0:   


Register to memory mapping:

RAX=0x0000016cd92a53e0 is an unknown value
RBX={method} {0x0000016cd5bc4f08} 'IContainer_close' '(JLcom/xuggle/xuggler/IContainer;)I' in 'com/xuggle/xuggler/XugglerJNI'
RCX=0x0000016cd92a53e0 is an unknown value
RDX=0x0000000000000000 is an unknown value
RSP=0x000000105e4ff1c8 is pointing into the stack for thread: 0x0000016cd87d8000
RBP=0x000000105e4ff250 is pointing into the stack for thread: 0x0000016cd87d8000
RSI=0x0000000000000000 is an unknown value
RDI=0x0000016cc8d3d000 is an unknown value
R8 =0x0000016cd92a53e0 is an unknown value
R9 =0x000000105e4ff458 is pointing into the stack for thread: 0x0000016cd87d8000
R10=0x0000016cbcfb495b is at code_begin+1915 in an Interpreter codelet
method entry point (kind = native)  [0x0000016cbcfb41e0, 0x0000016cbcfb54c0]  4832 bytes
R11=0x000000006bcc4260 is an unknown value
R12=0x0000000000000000 is an unknown value
R13={method} {0x0000016cd5bc4f08} 'IContainer_close' '(JLcom/xuggle/xuggler/IContainer;)I' in 'com/xuggle/xuggler/XugglerJNI'
R14=0x000000105e4ff468 is pointing into the stack for thread: 0x0000016cd87d8000
R15=0x0000016cd87d8000 is a thread


Stack: [0x000000105e400000,0x000000105e500000],  sp=0x000000105e4ff1c8,  free space=1020k
Native frames: (J=compiled Java code, j=interpreted, Vv=VM code, C=native code)

Java frames: (J=compiled Java code, j=interpreted, Vv=VM code)
j  com.xuggle.xuggler.XugglerJNI.IContainer_close(JLcom/xuggle/xuggler/IContainer;)I+0
j  com.xuggle.xuggler.IContainer.close()I+5
j  com.app.PlayerController$Task.run()V+659
j  java.lang.Thread.run()V+11
v  ~StubRoutines::call_stub

---------------  P R O C E S S  ---------------

Java Threads: ( => current thread )
=>0x0000016cd87d8000 JavaThread "Thread-1" [_thread_in_native, id=17704, stack(0x000000105e400000,0x000000105e500000)]
  0x0000016cd8725800 JavaThread "Service Thread" daemon [_thread_blocked, id=25180, stack(0x000000105e200000,0x000000105e300000)]
  0x0000016cd86bb000 JavaThread "C1 CompilerThread3" daemon [_thread_blocked, id=10896, stack(0x000000105e100000,0x000000105e200000)]
  0x0000016cd86b8800 JavaThread "C2 CompilerThread2" daemon [_thread_blocked, id=20512, stack(0x000000105e000000,0x000000105e100000)]
  0x0000016cd86b7800 JavaThread "C2 CompilerThread1" daemon [_thread_blocked, id=18300, stack(0x000000105df00000,0x000000105e000000)]
  0x0000016cd86b6000 JavaThread "C2 CompilerThread0" daemon [_thread_blocked, id=5536, stack(0x000000105de00000,0x000000105df00000)]
  0x0000016cd86a9800 JavaThread "JDWP Command Reader" daemon [_thread_in_native, id=7576, stack(0x000000105dd00000,0x000000105de00000)]
  0x0000016cd6298800 JavaThread "JDWP Event Helper Thread" daemon [_thread_blocked, id=9932, stack(0x000000105dc00000,0x000000105dd00000)]
  0x0000016cd6291800 JavaThread "JDWP Transport Listener: dt_socket" daemon [_thread_blocked, id=17924, stack(0x000000105db00000,0x000000105dc00000)]
  0x0000016cd86a2800 JavaThread "Attach Listener" daemon [_thread_blocked, id=6324, stack(0x000000105da00000,0x000000105db00000)]
  0x0000016cd625b000 JavaThread "Signal Dispatcher" daemon [_thread_blocked, id=24756, stack(0x000000105d900000,0x000000105da00000)]
  0x0000016cd623e800 JavaThread "Finalizer" daemon [_thread_blocked, id=4564, stack(0x000000105d800000,0x000000105d900000)]
  0x0000016cd6233000 JavaThread "Reference Handler" daemon [_thread_blocked, id=21688, stack(0x000000105d700000,0x000000105d800000)]
  0x0000016cbb248000 JavaThread "main" [_thread_in_native, id=12272, stack(0x000000105cb00000,0x000000105cc00000)]

Other Threads:
  0x0000016cd6205000 VMThread [stack: 0x000000105d600000,0x000000105d700000] [id=23768]
  0x0000016cd8726800 WatcherThread [stack: 0x000000105e300000,0x000000105e400000] [id=17220]

VM state:not at safepoint (normal execution)

VM Mutex/Monitor currently owned by a thread: None

heap address: 0x00000006c2600000, size: 4058 MB, Compressed Oops mode: Zero based, Oop shift amount: 3
Narrow klass base: 0x0000000000000000, Narrow klass shift: 3
Compressed class space size: 1073741824 Address: 0x00000007c0000000

Heap:
 PSYoungGen      total 137216K, used 24460K [0x000000076b780000, 0x0000000774b80000, 0x00000007c0000000)
  eden space 126464K, 10% used [0x000000076b780000,0x000000076c4e7808,0x0000000773300000)
  from space 10752K, 99% used [0x0000000774100000,0x0000000774b7bbc8,0x0000000774b80000)
  to   space 10752K, 0% used [0x0000000773680000,0x0000000773680000,0x0000000774100000)
 ParOldGen       total 190976K, used 117959K [0x00000006c2600000, 0x00000006ce080000, 0x000000076b780000)
  object space 190976K, 61% used [0x00000006c2600000,0x00000006c9931eb0,0x00000006ce080000)
 Metaspace       used 5283K, capacity 5366K, committed 5504K, reserved 1056768K
  class space    used 540K, capacity 594K, committed 640K, reserved 1048576K

Card table byte_map: [0x0000016ccc350000,0x0000016cccb40000] byte_map_base: 0x0000016cc8d3d000

Marking Bits: (ParMarkBitMap*) 0x000000006c255010
 Begin Bits: [0x0000016ccd090000, 0x0000016cd0ff8000)
 End Bits:   [0x0000016cd0ff8000, 0x0000016cd4f60000)

Polling page: 0x0000016cbcf60000

CodeCache: size=245760Kb used=1916Kb max_used=1927Kb free=243844Kb
 bounds [0x0000016cbcf90000, 0x0000016cbd200000, 0x0000016ccbf90000]
 total_blobs=689 nmethods=363 adapters=248
 compilation: enabled

Compilation events (10 events):
Event: 13.079 Thread 0x0000016cd86b6000 nmethod 358 0x0000016cbd16de10 code [0x0000016cbd16df80, 0x0000016cbd16e548]
Event: 13.081 Thread 0x0000016cd86b7800 nmethod 357 0x0000016cbd170a90 code [0x0000016cbd170c40, 0x0000016cbd171708]
Event: 13.145 Thread 0x0000016cd86b8800  360       4       java.util.concurrent.atomic.AtomicInteger::<init> (5 bytes)
Event: 13.146 Thread 0x0000016cd86b8800 nmethod 360 0x0000016cbd172510 code [0x0000016cbd172640, 0x0000016cbd172698]
Event: 13.248 Thread 0x0000016cd86b6000  361       4       com.xuggle.ferry.JNIReference::delete (39 bytes)
Event: 13.248 Thread 0x0000016cd86bb000  362       1       java.io.OutputStream::flush (1 bytes)
Event: 13.249 Thread 0x0000016cd86bb000 nmethod 362 0x0000016cbd172250 code [0x0000016cbd1723a0, 0x0000016cbd1724b8]
Event: 13.250 Thread 0x0000016cd86b6000 nmethod 361 0x0000016cbd171e90 code [0x0000016cbd171fe0, 0x0000016cbd172108]
Event: 13.264 Thread 0x0000016cd86b7800  363   !   4       java.net.AbstractPlainSocketImpl::acquireFD (29 bytes)
Event: 13.266 Thread 0x0000016cd86b7800 nmethod 363 0x0000016cbd170650 code [0x0000016cbd170780, 0x0000016cbd1709d8]

GC Heap History (10 events):
Event: 7.096 GC heap before
{Heap before GC invocations=1 (full 0):
 PSYoungGen      total 75776K, used 64898K [0x000000076b780000, 0x0000000770c00000, 0x00000007c0000000)
  eden space 65024K, 99% used [0x000000076b780000,0x000000076f6e0808,0x000000076f700000)
  from space 10752K, 0% used [0x0000000770180000,0x0000000770180000,0x0000000770c00000)
  to   space 10752K, 0% used [0x000000076f700000,0x000000076f700000,0x0000000770180000)
 ParOldGen       total 173568K, used 0K [0x00000006c2600000, 0x00000006ccf80000, 0x000000076b780000)
  object space 173568K, 0% used [0x00000006c2600000,0x00000006c2600000,0x00000006ccf80000)
 Metaspace       used 5249K, capacity 5366K, committed 5504K, reserved 1056768K
  class space    used 539K, capacity 594K, committed 640K, reserved 1048576K
Event: 7.131 GC heap after
Heap after GC invocations=1 (full 0):
 PSYoungGen      total 75776K, used 10742K [0x000000076b780000, 0x0000000770c00000, 0x00000007c0000000)
  eden space 65024K, 0% used [0x000000076b780000,0x000000076b780000,0x000000076f700000)
  from space 10752K, 99% used [0x000000076f700000,0x000000077017d838,0x0000000770180000)
  to   space 10752K, 0% used [0x0000000770180000,0x0000000770180000,0x0000000770c00000)
 ParOldGen       total 173568K, used 47911K [0x00000006c2600000, 0x00000006ccf80000, 0x000000076b780000)
  object space 173568K, 27% used [0x00000006c2600000,0x00000006c54c9c10,0x00000006ccf80000)
 Metaspace       used 5249K, capacity 5366K, committed 5504K, reserved 1056768K
  class space    used 539K, capacity 594K, committed 640K, reserved 1048576K
}
Event: 7.528 GC heap before
{Heap before GC invocations=2 (full 0):
 PSYoungGen      total 75776K, used 75766K [0x000000076b780000, 0x0000000770c00000, 0x00000007c0000000)
  eden space 65024K, 100% used [0x000000076b780000,0x000000076f700000,0x000000076f700000)
  from space 10752K, 99% used [0x000000076f700000,0x000000077017d838,0x0000000770180000)
  to   space 10752K, 0% used [0x0000000770180000,0x0000000770180000,0x0000000770c00000)
 ParOldGen       total 173568K, used 47911K [0x00000006c2600000, 0x00000006ccf80000, 0x000000076b780000)
  object space 173568K, 27% used [0x00000006c2600000,0x00000006c54c9c10,0x00000006ccf80000)
 Metaspace       used 5282K, capacity 5366K, committed 5504K, reserved 1056768K
  class space    used 540K, capacity 594K, committed 640K, reserved 1048576K
Event: 7.567 GC heap after
Heap after GC invocations=2 (full 0):
 PSYoungGen      total 75776K, used 10751K [0x000000076b780000, 0x0000000774b80000, 0x00000007c0000000)
  eden space 65024K, 0% used [0x000000076b780000,0x000000076b780000,0x000000076f700000)
  from space 10752K, 99% used [0x0000000770180000,0x0000000770bfffc0,0x0000000770c00000)
  to   space 10752K, 0% used [0x000000076f700000,0x000000076f700000,0x0000000770180000)
 ParOldGen       total 173568K, used 101381K [0x00000006c2600000, 0x00000006ccf80000, 0x000000076b780000)
  object space 173568K, 58% used [0x00000006c2600000,0x00000006c89017a8,0x00000006ccf80000)
 Metaspace       used 5282K, capacity 5366K, committed 5504K, reserved 1056768K
  class space    used 540K, capacity 594K, committed 640K, reserved 1048576K
}
Event: 12.985 GC heap before
{Heap before GC invocations=3 (full 0):
 PSYoungGen      total 75776K, used 75751K [0x000000076b780000, 0x0000000774b80000, 0x00000007c0000000)
  eden space 65024K, 99% used [0x000000076b780000,0x000000076f6f9ca8,0x000000076f700000)
  from space 10752K, 99% used [0x0000000770180000,0x0000000770bfffc0,0x0000000770c00000)
  to   space 10752K, 0% used [0x000000076f700000,0x000000076f700000,0x0000000770180000)
 ParOldGen       total 173568K, used 101381K [0x00000006c2600000, 0x00000006ccf80000, 0x000000076b780000)
  object space 173568K, 58% used [0x00000006c2600000,0x00000006c89017a8,0x00000006ccf80000)
 Metaspace       used 5283K, capacity 5366K, committed 5504K, reserved 1056768K
  class space    used 540K, capacity 594K, committed 640K, reserved 1048576K
Event: 13.018 GC heap after
Heap after GC invocations=3 (full 0):
 PSYoungGen      total 75776K, used 10737K [0x000000076b780000, 0x0000000774b80000, 0x00000007c0000000)
  eden space 65024K, 0% used [0x000000076b780000,0x000000076b780000,0x000000076f700000)
  from space 10752K, 99% used [0x000000076f700000,0x000000077017c690,0x0000000770180000)
  to   space 10752K, 0% used [0x0000000774100000,0x0000000774100000,0x0000000774b80000)
 ParOldGen       total 173568K, used 155827K [0x00000006c2600000, 0x00000006ccf80000, 0x000000076b780000)
  object space 173568K, 89% used [0x00000006c2600000,0x00000006cbe2ced8,0x00000006ccf80000)
 Metaspace       used 5283K, capacity 5366K, committed 5504K, reserved 1056768K
  class space    used 540K, capacity 594K, committed 640K, reserved 1048576K
}
Event: 13.018 GC heap before
{Heap before GC invocations=4 (full 1):
 PSYoungGen      total 75776K, used 10737K [0x000000076b780000, 0x0000000774b80000, 0x00000007c0000000)
  eden space 65024K, 0% used [0x000000076b780000,0x000000076b780000,0x000000076f700000)
  from space 10752K, 99% used [0x000000076f700000,0x000000077017c690,0x0000000770180000)
  to   space 10752K, 0% used [0x0000000774100000,0x0000000774100000,0x0000000774b80000)
 ParOldGen       total 173568K, used 155827K [0x00000006c2600000, 0x00000006ccf80000, 0x000000076b780000)
  object space 173568K, 89% used [0x00000006c2600000,0x00000006cbe2ced8,0x00000006ccf80000)
 Metaspace       used 5283K, capacity 5366K, committed 5504K, reserved 1056768K
  class space    used 540K, capacity 594K, committed 640K, reserved 1048576K
Event: 13.046 GC heap after
Heap after GC invocations=4 (full 1):
 PSYoungGen      total 75776K, used 0K [0x000000076b780000, 0x0000000774b80000, 0x00000007c0000000)
  eden space 65024K, 0% used [0x000000076b780000,0x000000076b780000,0x000000076f700000)
  from space 10752K, 0% used [0x000000076f700000,0x000000076f700000,0x0000000770180000)
  to   space 10752K, 0% used [0x0000000774100000,0x0000000774100000,0x0000000774b80000)
 ParOldGen       total 190976K, used 64301K [0x00000006c2600000, 0x00000006ce080000, 0x000000076b780000)
  object space 190976K, 33% used [0x00000006c2600000,0x00000006c64cb4a0,0x00000006ce080000)
 Metaspace       used 5283K, capacity 5366K, committed 5504K, reserved 1056768K
  class space    used 540K, capacity 594K, committed 640K, reserved 1048576K
}
Event: 13.276 GC heap before
{Heap before GC invocations=5 (full 1):
 PSYoungGen      total 75776K, used 65024K [0x000000076b780000, 0x0000000774b80000, 0x00000007c0000000)
  eden space 65024K, 100% used [0x000000076b780000,0x000000076f700000,0x000000076f700000)
  from space 10752K, 0% used [0x000000076f700000,0x000000076f700000,0x0000000770180000)
  to   space 10752K, 0% used [0x0000000774100000,0x0000000774100000,0x0000000774b80000)
 ParOldGen       total 190976K, used 64301K [0x00000006c2600000, 0x00000006ce080000, 0x000000076b780000)
  object space 190976K, 33% used [0x00000006c2600000,0x00000006c64cb4a0,0x00000006ce080000)
 Metaspace       used 5283K, capacity 5366K, committed 5504K, reserved 1056768K
  class space    used 540K, capacity 594K, committed 640K, reserved 1048576K
Event: 13.288 GC heap after
Heap after GC invocations=5 (full 1):
 PSYoungGen      total 137216K, used 10734K [0x000000076b780000, 0x0000000774b80000, 0x00000007c0000000)
  eden space 126464K, 0% used [0x000000076b780000,0x000000076b780000,0x0000000773300000)
  from space 10752K, 99% used [0x0000000774100000,0x0000000774b7bbc8,0x0000000774b80000)
  to   space 10752K, 0% used [0x0000000773680000,0x0000000773680000,0x0000000774100000)
 ParOldGen       total 190976K, used 117959K [0x00000006c2600000, 0x00000006ce080000, 0x000000076b780000)
  object space 190976K, 61% used [0x00000006c2600000,0x00000006c9931eb0,0x00000006ce080000)
 Metaspace       used 5283K, capacity 5366K, committed 5504K, reserved 1056768K
  class space    used 540K, capacity 594K, committed 640K, reserved 1048576K
}

Deoptimization events (2 events):
Event: 5.268 Thread 0x0000016cd87d8000 Uncommon trap: reason=unstable_if action=reinterpret pc=0x0000016cbd115838 method=java.util.zip.InflaterInputStream.read([BII)I @ 69
Event: 6.694 Thread 0x0000016cd87d8000 Uncommon trap: reason=unstable_if action=reinterpret pc=0x0000016cbd117d24 method=java.util.zip.InflaterInputStream.read([BII)I @ 69

Classes redefined (0 events):
No events

Internal exceptions (10 events):
Event: 3.773 Thread 0x0000016cd87d8000 Exception <a 'java/security/PrivilegedActionException'> (0x000000076bbf6b38) thrown at [J:\jenkins\tmp\workspace\build\src\hotspot\src\share\vm\prims\jvm.cpp, line 1502]
Event: 3.778 Thread 0x0000016cd87d8000 Exception <a 'java/security/PrivilegedActionException'> (0x000000076bc06ba0) thrown at [J:\jenkins\tmp\workspace\build\src\hotspot\src\share\vm\prims\jvm.cpp, line 1502]
Event: 3.778 Thread 0x0000016cd87d8000 Exception <a 'java/security/PrivilegedActionException'> (0x000000076bc06db0) thrown at [J:\jenkins\tmp\workspace\build\src\hotspot\src\share\vm\prims\jvm.cpp, line 1502]
Event: 3.778 Thread 0x0000016cd87d8000 Exception <a 'java/security/PrivilegedActionException'> (0x000000076bc07e88) thrown at [J:\jenkins\tmp\workspace\build\src\hotspot\src\share\vm\prims\jvm.cpp, line 1502]
Event: 3.778 Thread 0x0000016cd87d8000 Exception <a 'java/security/PrivilegedActionException'> (0x000000076bc08098) thrown at [J:\jenkins\tmp\workspace\build\src\hotspot\src\share\vm\prims\jvm.cpp, line 1502]
Event: 3.778 Thread 0x0000016cd87d8000 Exception <a 'java/security/PrivilegedActionException'> (0x000000076bc09110) thrown at [J:\jenkins\tmp\workspace\build\src\hotspot\src\share\vm\prims\jvm.cpp, line 1502]
Event: 3.778 Thread 0x0000016cd87d8000 Exception <a 'java/security/PrivilegedActionException'> (0x000000076bc09320) thrown at [J:\jenkins\tmp\workspace\build\src\hotspot\src\share\vm\prims\jvm.cpp, line 1502]
Event: 3.779 Thread 0x0000016cd87d8000 Exception <a 'java/security/PrivilegedActionException'> (0x000000076bc0a340) thrown at [J:\jenkins\tmp\workspace\build\src\hotspot\src\share\vm\prims\jvm.cpp, line 1502]
Event: 3.779 Thread 0x0000016cd87d8000 Exception <a 'java/security/PrivilegedActionException'> (0x000000076bc0a550) thrown at [J:\jenkins\tmp\workspace\build\src\hotspot\src\share\vm\prims\jvm.cpp, line 1502]
Event: 3.781 Thread 0x0000016cd87d8000 Exception <a 'java/lang/NoClassDefFoundError': org/slf4j/impl/StaticLoggerBinder> (0x000000076bc10020) thrown at [J:\jenkins\tmp\workspace\build\src\hotspot\src\share\vm\classfile\systemDictionary.cpp, line 199]

Events (10 events):
Event: 7.162 Executing VM operation: RevokeBias
Event: 7.163 Executing VM operation: RevokeBias done
Event: 7.528 Executing VM operation: ParallelGCFailedAllocation
Event: 7.567 Executing VM operation: ParallelGCFailedAllocation done
Event: 12.985 Executing VM operation: ParallelGCFailedAllocation
Event: 13.046 Executing VM operation: ParallelGCFailedAllocation done
Event: 13.073 Executing VM operation: RevokeBias
Event: 13.073 Executing VM operation: RevokeBias done
Event: 13.275 Executing VM operation: ParallelGCFailedAllocation
Event: 13.288 Executing VM operation: ParallelGCFailedAllocation done


Dynamic libraries:
0x00007ff629240000 - 0x00007ff62927a000 	C:\Program Files\AdoptOpenJDK\jdk-8.0.252.09-hotspot\bin\java.exe
0x00007ffb9c8c0000 - 0x00007ffb9cab0000 	C:\Windows\SYSTEM32\ntdll.dll
0x00007ffb9b9a0000 - 0x00007ffb9ba52000 	C:\Windows\System32\KERNEL32.DLL
0x00007ffb99bf0000 - 0x00007ffb99e94000 	C:\Windows\System32\KERNELBASE.dll
0x00007ffb9aba0000 - 0x00007ffb9ac43000 	C:\Windows\System32\ADVAPI32.dll
0x00007ffb9ad30000 - 0x00007ffb9adce000 	C:\Windows\System32\msvcrt.dll
0x00007ffb9ac50000 - 0x00007ffb9ace7000 	C:\Windows\System32\sechost.dll
0x00007ffb9ba60000 - 0x00007ffb9bb80000 	C:\Windows\System32\RPCRT4.dll
0x00007ffb9b670000 - 0x00007ffb9b804000 	C:\Windows\System32\USER32.dll
0x00007ffb9a770000 - 0x00007ffb9a791000 	C:\Windows\System32\win32u.dll
0x00007ffb9c630000 - 0x00007ffb9c656000 	C:\Windows\System32\GDI32.dll
0x00007ffb9a7d0000 - 0x00007ffb9a966000 	C:\Windows\System32\gdi32full.dll
0x00007ffb9a6d0000 - 0x00007ffb9a76e000 	C:\Windows\System32\msvcp_win.dll
0x00007ffb99af0000 - 0x00007ffb99bea000 	C:\Windows\System32\ucrtbase.dll
0x00007ffb7f3f0000 - 0x00007ffb7f674000 	C:\Windows\WinSxS\amd64_microsoft.windows.common-controls_6595b64144ccf1df_6.0.18362.959_none_e6c7bbbf130c62bb\COMCTL32.dll
0x00007ffb9c220000 - 0x00007ffb9c555000 	C:\Windows\System32\combase.dll
0x00007ffb99ea0000 - 0x00007ffb99f20000 	C:\Windows\System32\bcryptPrimitives.dll
0x00007ffb9ad00000 - 0x00007ffb9ad2e000 	C:\Windows\System32\IMM32.DLL
0x00007ffb55280000 - 0x00007ffb5536f000 	C:\Program Files\AdoptOpenJDK\jdk-8.0.252.09-hotspot\jre\bin\msvcr120.dll
0x00007ffb54e00000 - 0x00007ffb54ea6000 	C:\Program Files\AdoptOpenJDK\jdk-8.0.252.09-hotspot\jre\bin\msvcp120.dll
0x000000006bad0000 - 0x000000006c2ce000 	C:\Program Files\AdoptOpenJDK\jdk-8.0.252.09-hotspot\jre\bin\server\jvm.dll
0x00007ffb9c870000 - 0x00007ffb9c878000 	C:\Windows\System32\PSAPI.DLL
0x00007ffb85d90000 - 0x00007ffb85d99000 	C:\Windows\SYSTEM32\WSOCK32.dll
0x00007ffb892e0000 - 0x00007ffb89304000 	C:\Windows\SYSTEM32\WINMM.dll
0x00007ffb9b8c0000 - 0x00007ffb9b92f000 	C:\Windows\System32\WS2_32.dll
0x00007ffb91390000 - 0x00007ffb9139a000 	C:\Windows\SYSTEM32\VERSION.dll
0x00007ffb8af40000 - 0x00007ffb8af6d000 	C:\Windows\SYSTEM32\winmmbase.dll
0x00007ffb99aa0000 - 0x00007ffb99aea000 	C:\Windows\System32\cfgmgr32.dll
0x00007ffb911d0000 - 0x00007ffb911df000 	C:\Program Files\AdoptOpenJDK\jdk-8.0.252.09-hotspot\jre\bin\verify.dll
0x00007ffb6f2b0000 - 0x00007ffb6f2d8000 	C:\Program Files\AdoptOpenJDK\jdk-8.0.252.09-hotspot\jre\bin\java.dll
0x00007ffb574b0000 - 0x00007ffb574e5000 	C:\Program Files\AdoptOpenJDK\jdk-8.0.252.09-hotspot\jre\bin\jdwp.dll
0x00007ffb91e40000 - 0x00007ffb91e48000 	C:\Program Files\AdoptOpenJDK\jdk-8.0.252.09-hotspot\jre\bin\npt.dll
0x00007ffb7a570000 - 0x00007ffb7a586000 	C:\Program Files\AdoptOpenJDK\jdk-8.0.252.09-hotspot\jre\bin\zip.dll
0x00007ffb9af80000 - 0x00007ffb9b666000 	C:\Windows\System32\SHELL32.dll
0x00007ffb9ae30000 - 0x00007ffb9aed9000 	C:\Windows\System32\shcore.dll
0x00007ffb99f20000 - 0x00007ffb9a6a2000 	C:\Windows\System32\windows.storage.dll
0x00007ffb99810000 - 0x00007ffb99833000 	C:\Windows\System32\profapi.dll
0x00007ffb997c0000 - 0x00007ffb9980a000 	C:\Windows\System32\powrprof.dll
0x00007ffb99770000 - 0x00007ffb99780000 	C:\Windows\System32\UMPDC.dll
0x00007ffb9add0000 - 0x00007ffb9ae22000 	C:\Windows\System32\shlwapi.dll
0x00007ffb997a0000 - 0x00007ffb997b1000 	C:\Windows\System32\kernel.appcore.dll
0x00007ffb9a6b0000 - 0x00007ffb9a6c7000 	C:\Windows\System32\cryptsp.dll
0x00007ffb8e610000 - 0x00007ffb8e619000 	C:\Program Files\AdoptOpenJDK\jdk-8.0.252.09-hotspot\jre\bin\dt_socket.dll
0x00007ffb67560000 - 0x00007ffb67576000 	C:\Windows\system32\napinsp.dll
0x00007ffb67520000 - 0x00007ffb6753a000 	C:\Windows\system32\pnrpnsp.dll
0x00007ffb98fe0000 - 0x00007ffb99047000 	C:\Windows\System32\mswsock.dll
0x00007ffb98d30000 - 0x00007ffb98dfb000 	C:\Windows\SYSTEM32\DNSAPI.dll
0x00007ffb9c660000 - 0x00007ffb9c668000 	C:\Windows\System32\NSI.dll
0x00007ffb98cf0000 - 0x00007ffb98d2a000 	C:\Windows\SYSTEM32\IPHLPAPI.DLL
0x00007ffb6afa0000 - 0x00007ffb6afae000 	C:\Windows\System32\winrnr.dll
0x00007ffb91300000 - 0x00007ffb9131c000 	C:\Windows\system32\NLAapi.dll
0x00007ffb922f0000 - 0x00007ffb92305000 	C:\Windows\system32\wshbth.dll
0x00007ffb8e0c0000 - 0x00007ffb8e137000 	C:\Windows\System32\fwpuclnt.dll
0x00007ffb9a7a0000 - 0x00007ffb9a7c6000 	C:\Windows\System32\bcrypt.dll
0x00007ffb8c5c0000 - 0x00007ffb8c5ca000 	C:\Windows\System32\rasadhlp.dll
0x00007ffb6bf00000 - 0x00007ffb6bf1a000 	C:\Program Files\AdoptOpenJDK\jdk-8.0.252.09-hotspot\jre\bin\net.dll
0x00007ffb98b50000 - 0x00007ffb98b83000 	C:\Windows\system32\rsaenh.dll
0x00007ffb99660000 - 0x00007ffb99685000 	C:\Windows\SYSTEM32\USERENV.dll
0x00007ffb991b0000 - 0x00007ffb991bc000 	C:\Windows\SYSTEM32\CRYPTBASE.dll
0x00007ffb8f140000 - 0x00007ffb8f156000 	C:\Windows\SYSTEM32\dhcpcsvc6.DLL
0x00007ffb8f700000 - 0x00007ffb8f71c000 	C:\Windows\SYSTEM32\dhcpcsvc.DLL
0x00007ffb6bee0000 - 0x00007ffb6bef2000 	C:\Program Files\AdoptOpenJDK\jdk-8.0.252.09-hotspot\jre\bin\nio.dll
0x000000006e740000 - 0x000000006fda5000 	C:\Users\rando\AppData\Local\Temp\xuggle\xuggle941640830256976818.dll
0x00007ffb9aa40000 - 0x00007ffb9ab97000 	C:\Windows\System32\ole32.dll
0x00007ffb8e2d0000 - 0x00007ffb8e2e8000 	C:\Windows\SYSTEM32\AVICAP32.dll
0x00007ffb5fad0000 - 0x00007ffb5faf9000 	C:\Windows\SYSTEM32\MSVFW32.dll
0x00007ffb94ea0000 - 0x00007ffb95094000 	C:\Windows\SYSTEM32\dbghelp.dll

VM Arguments:
jvm_args: -agentlib:jdwp=transport=dt_socket,server=n,suspend=y,address=localhost:53918 -Dfile.encoding=UTF-8 
java_command: com.app.App
java_class_path (initial): C:\Users\rando\AppData\Local\Temp\cp_a7yzsb170gp4q6gm2n78y5896.jar
Launcher Type: SUN_STANDARD

Environment Variables:
JAVA_HOME=C:\Program Files\AdoptOpenJDK\jdk-8.0.252.09-hotspot
PATH=C:\Python38\Scripts\;C:\Python38\;C:\Windows\system32;C:\Windows;C:\Windows\System32\Wbem;C:\Windows\System32\WindowsPowerShell\v1.0\;C:\Windows\System32\OpenSSH\;C:\Program Files (x86)\NVIDIA Corporation\PhysX\Common;C:\Program Files\NVIDIA Corporation\NVIDIA NvDLISR;C:\Program Files\Intel\WiFi\bin\;C:\Program Files\Common Files\Intel\WirelessCommon\;C:\Program Files\Microsoft SQL Server\130\Tools\Binn\;C:\Program Files\Microsoft SQL Server\Client SDK\ODBC\170\Tools\Binn\;C:\Program Files\Git\cmd;C:\Program Files\dotnet\;C:\Program Files\nodejs\;C:\ProgramData\chocolatey\bin;C:\Users\rando\AppData\Local\Microsoft\WindowsApps;C:\Users\rando\AppData\Local\atom\bin;C:\MinGW\bin;C:\Users\rando\AppData\Local\Programs\Microsoft VS Code\bin;C:\Program Files\AdoptOpenJDK\jdk-8.0.252.09-hotspot\bin;C:\Program Files\apache-maven-3.6.3\bin;C:\Program Files\PostgreSQL\12\bin;C:\Users\rando\.dotnet\tools;C:\Users\rando\AppData\Roaming\npm;
USERNAME=rando
OS=Windows_NT
PROCESSOR_IDENTIFIER=Intel64 Family 6 Model 158 Stepping 10, GenuineIntel



---------------  S Y S T E M  ---------------

OS: Windows 10.0 , 64 bit Build 18362 (10.0.18362.959)

CPU:total 12 (initial active 12) (6 cores per cpu, 2 threads per core) family 6 model 158 stepping 10, cmov, cx8, fxsr, mmx, sse, sse2, sse3, ssse3, sse4.1, sse4.2, popcnt, avx, avx2, aes, clmul, erms, 3dnowpref, lzcnt, ht, tsc, tscinvbit, bmi1, bmi2, adx

Memory: 4k page, physical 16618432k(6186036k free), swap 19862824k(2945236k free)

vm_info: OpenJDK 64-Bit Server VM (25.252-b09) for windows-amd64 JRE (1.8.0_252-b09), built on Apr 22 2020 09:32:45 by "jenkins" with MS VC++ 12.0 (VS2013)

time: Sun Aug 02 19:19:23 2020
timezone: ???? (?W?€??)
elapsed time: 13 seconds (0d 0h 0m 13s)

