#
# A fatal error has been detected by the Java Runtime Environment:
#
#  EXCEPTION_ACCESS_VIOLATION (0xc0000005) at pc=0x000000006ee76520, pid=19720, tid=0x0000000000002fb0
#
# JRE version: OpenJDK Runtime Environment (8.0_252-b09) (build 1.8.0_252-b09)
# Java VM: OpenJDK 64-Bit Server VM (25.252-b09 mixed mode windows-amd64 compressed oops)
# Problematic frame:
# C  [xuggle2987881973862619739.dll+0x736520]
#
# Failed to write core dump. Minidumps are not enabled by default on client versions of Windows
#
# If you would like to submit a bug report, please visit:
#   http://bugreport.java.com/bugreport/crash.jsp
# The crash happened outside the Java Virtual Machine in native code.
# See problematic frame for where to report the bug.
#

---------------  T H R E A D  ---------------

Current thread (0x00000279bdb91800):  JavaThread "Thread-66" [_thread_in_native, id=12208, stack(0x000000b7c7200000,0x000000b7c7300000)]

siginfo: ExceptionCode=0xc0000005, reading address 0xffffffffffffffff

Registers:
RAX=0x00000279bda7d5d0, RBX=0x00000279d35b0160, RCX=0x00000279bda7d5d0, RDX=0x0000000000000009
RSP=0x000000b7c72fdbc0, RBP=0x00000279bda7cd10, RSI=0x00000279bda7e5d0, RDI=0x0000000000000004
R8 =0x000000006ee77580, R9 =0x000000006ee76490, R10=0x00000279c6653a00, R11=0x00000279bdaff890
R12=0x00000279bdb00090, R13=0x0000000000000004, R14=0x0000000000000184, R15=0x000000006fab8f20
RIP=0x000000006ee76520, EFLAGS=0x0000000000010202

Top of Stack: (sp=0x000000b7c72fdbc0)
0x000000b7c72fdbc0:   000000006ee76665 000000006ee774c5
0x000000b7c72fdbd0:   000000006ee77505 000000006ee77545
0x000000b7c72fdbe0:   000000006ee77585 000000006ee79426
0x000000b7c72fdbf0:   000000006fab8f20 00000279bda7d5d0
0x000000b7c72fdc00:   00000279d35b2620 4166345d0a59d2df
0x000000b7c72fdc10:   3fe0000000000000 0000000000000000
0x000000b7c72fdc20:   40c7760000000000 0000000000000000
0x000000b7c72fdc30:   3fe0000000000000 0000000000000001
0x000000b7c72fdc40:   00000279d35b3620 000000006ea45d24
0x000000b7c72fdc50:   3f40624dd2f1a9fc 0000000000000000
0x000000b7c72fdc60:   0000000000000000 0000000000000000
0x000000b7c72fdc70:   0000000000000000 0000000000000000
0x000000b7c72fdc80:   00000279d35bc520 000000006fab7320
0x000000b7c72fdc90:   41663c30d516cc4e 00000279d35b00c0
0x000000b7c72fdca0:   0000000000000001 00000279bda7cd10
0x000000b7c72fdcb0:   00000279bda7cd90 0000000000000000 

Instructions: (pc=0x000000006ee76520)
0x000000006ee76500:   c4 e3 5d 0c c0 55 c5 e4 5c c8 c5 e4 58 c0 c5 fc
0x000000006ee76510:   29 01 c5 fc 29 49 20 c3 0f 1f 84 00 00 00 00 00
0x000000006ee76520:   c5 fc 28 51 40 c5 fc 28 59 60 c5 ec 5c fb c5 ec
0x000000006ee76530:   58 d3 c5 c4 57 3d 26 41 84 00 c5 ec c6 df be c5 


Register to memory mapping:

RAX=0x00000279bda7d5d0 is an unknown value
RBX=0x00000279d35b0160 is an unknown value
RCX=0x00000279bda7d5d0 is an unknown value
RDX=0x0000000000000009 is an unknown value
RSP=0x000000b7c72fdbc0 is pointing into the stack for thread: 0x00000279bdb91800
RBP=0x00000279bda7cd10 is an unknown value
RSI=0x00000279bda7e5d0 is an unknown value
RDI=0x0000000000000004 is an unknown value
R8 =0x000000006ee77580 is an unknown value
R9 =0x000000006ee76490 is an unknown value
R10=0x00000279c6653a00 is an unknown value
R11=0x00000279bdaff890 is an unknown value
R12=0x00000279bdb00090 is an unknown value
R13=0x0000000000000004 is an unknown value
R14=0x0000000000000184 is an unknown value
R15=0x000000006fab8f20 is an unknown value


Stack: [0x000000b7c7200000,0x000000b7c7300000],  sp=0x000000b7c72fdbc0,  free space=1014k
Native frames: (J=compiled Java code, j=interpreted, Vv=VM code, C=native code)
C  [xuggle2987881973862619739.dll+0x736520]

Java frames: (J=compiled Java code, j=interpreted, Vv=VM code)
j  com.xuggle.xuggler.XugglerJNI.IContainer_open__SWIG_0(JLcom/xuggle/xuggler/IContainer;Ljava/lang/String;IJLcom/xuggle/xuggler/IContainerFormat;)I+0
j  com.xuggle.xuggler.IContainer.open(Ljava/lang/String;Lcom/xuggle/xuggler/IContainer$Type;Lcom/xuggle/xuggler/IContainerFormat;)I+15
j  com.app.PlayerController$Task.run()V+34
j  java.lang.Thread.run()V+11
v  ~StubRoutines::call_stub

---------------  P R O C E S S  ---------------

Java Threads: ( => current thread )
  0x00000279bdb95000 JavaThread "Thread-67" [_thread_in_native, id=21744, stack(0x000000b7c9600000,0x000000b7c9700000)]
=>0x00000279bdb91800 JavaThread "Thread-66" [_thread_in_native, id=12208, stack(0x000000b7c7200000,0x000000b7c7300000)]
  0x00000279bdb93800 JavaThread "Thread-65" [_thread_in_native, id=11432, stack(0x000000b7c9000000,0x000000b7c9100000)]
  0x00000279bdb92000 JavaThread "Thread-63" [_thread_blocked, id=11916, stack(0x000000b7c7300000,0x000000b7c7400000)]
  0x00000279bea37800 JavaThread "Java Sound Event Dispatcher" daemon [_thread_blocked, id=13840, stack(0x000000b7c9300000,0x000000b7c9400000)]
  0x00000279bd7e1000 JavaThread "Thread-0" [_thread_in_native, id=17924, stack(0x000000b7c8e00000,0x000000b7c8f00000)]
  0x00000279bd72b000 JavaThread "Service Thread" daemon [_thread_blocked, id=12916, stack(0x000000b7c8c00000,0x000000b7c8d00000)]
  0x00000279bd6a5800 JavaThread "C1 CompilerThread3" daemon [_thread_blocked, id=11784, stack(0x000000b7c8b00000,0x000000b7c8c00000)]
  0x00000279bd6a1000 JavaThread "C2 CompilerThread2" daemon [_thread_blocked, id=21208, stack(0x000000b7c8a00000,0x000000b7c8b00000)]
  0x00000279bd6a0000 JavaThread "C2 CompilerThread1" daemon [_thread_blocked, id=14952, stack(0x000000b7c8900000,0x000000b7c8a00000)]
  0x00000279bd69e800 JavaThread "C2 CompilerThread0" daemon [_thread_blocked, id=648, stack(0x000000b7c8800000,0x000000b7c8900000)]
  0x00000279bd694000 JavaThread "JDWP Command Reader" daemon [_thread_in_native, id=24156, stack(0x000000b7c8700000,0x000000b7c8800000)]
  0x00000279bb24a000 JavaThread "JDWP Event Helper Thread" daemon [_thread_blocked, id=24544, stack(0x000000b7c8600000,0x000000b7c8700000)]
  0x00000279bb247000 JavaThread "JDWP Transport Listener: dt_socket" daemon [_thread_blocked, id=22656, stack(0x000000b7c8500000,0x000000b7c8600000)]
  0x00000279bd693000 JavaThread "Attach Listener" daemon [_thread_blocked, id=19872, stack(0x000000b7c8400000,0x000000b7c8500000)]
  0x00000279bd692800 JavaThread "Signal Dispatcher" daemon [_thread_blocked, id=8112, stack(0x000000b7c8300000,0x000000b7c8400000)]
  0x00000279bb1f6800 JavaThread "Finalizer" daemon [_thread_blocked, id=18260, stack(0x000000b7c8200000,0x000000b7c8300000)]
  0x00000279bb1eb000 JavaThread "Reference Handler" daemon [_thread_blocked, id=16820, stack(0x000000b7c8100000,0x000000b7c8200000)]
  0x00000279a0289800 JavaThread "main" [_thread_in_native, id=14992, stack(0x000000b7c7500000,0x000000b7c7600000)]

Other Threads:
  0x00000279bb1be000 VMThread [stack: 0x000000b7c8000000,0x000000b7c8100000] [id=10388]
  0x00000279bd734000 WatcherThread [stack: 0x000000b7c8d00000,0x000000b7c8e00000] [id=19864]

VM state:not at safepoint (normal execution)

VM Mutex/Monitor currently owned by a thread: None

heap address: 0x00000006c2600000, size: 4058 MB, Compressed Oops mode: Zero based, Oop shift amount: 3
Narrow klass base: 0x0000000000000000, Narrow klass shift: 3
Compressed class space size: 1073741824 Address: 0x00000007c0000000

Heap:
 PSYoungGen      total 923648K, used 524872K [0x000000076b780000, 0x00000007c0000000, 0x00000007c0000000)
  eden space 462336K, 18% used [0x000000076b780000,0x0000000770c71500,0x0000000787b00000)
  from space 461312K, 94% used [0x0000000787b00000,0x00000007a26a0ee8,0x00000007a3d80000)
  to   space 461312K, 0% used [0x00000007a3d80000,0x00000007a3d80000,0x00000007c0000000)
 ParOldGen       total 569344K, used 427338K [0x00000006c2600000, 0x00000006e5200000, 0x000000076b780000)
  object space 569344K, 75% used [0x00000006c2600000,0x00000006dc7529f0,0x00000006e5200000)
 Metaspace       used 6652K, capacity 6856K, committed 7040K, reserved 1056768K
  class space    used 695K, capacity 769K, committed 896K, reserved 1048576K

Card table byte_map: [0x00000279b1300000,0x00000279b1af0000] byte_map_base: 0x00000279adced000

Marking Bits: (ParMarkBitMap*) 0x000000006c255010
 Begin Bits: [0x00000279b2040000, 0x00000279b5fa8000)
 End Bits:   [0x00000279b5fa8000, 0x00000279b9f10000)

Polling page: 0x00000279a1f10000

CodeCache: size=245760Kb used=2795Kb max_used=2795Kb free=242964Kb
 bounds [0x00000279a1f40000, 0x00000279a2200000, 0x00000279b0f40000]
 total_blobs=1055 nmethods=696 adapters=281
 compilation: enabled

Compilation events (10 events):
Event: 137.551 Thread 0x00000279bd6a5800  734   !   3       com.sun.media.sound.DirectAudioDevice$DirectDL::checkLine (66 bytes)
Event: 137.551 Thread 0x00000279bd6a5800 nmethod 734 0x00000279a21f9c50 code [0x00000279a21f9de0, 0x00000279a21fa2f0]
Event: 138.168 Thread 0x00000279bd6a5800  736       3       com.app.Music::put (9 bytes)
Event: 138.168 Thread 0x00000279bd6a5800 nmethod 736 0x00000279a21f9490 code [0x00000279a21f9600, 0x00000279a21f97d0]
Event: 178.668 Thread 0x00000279bd6a5800  738       3       java.net.DualStackPlainSocketImpl::socketAvailable (10 bytes)
Event: 178.668 Thread 0x00000279bd6a5800 nmethod 738 0x00000279a21f8cd0 code [0x00000279a21f8e40, 0x00000279a21f9000]
Event: 183.476 Thread 0x00000279bd6a5800  740   !   3       com.sun.media.sound.EventDispatcher::monitorLines (53 bytes)
Event: 183.477 Thread 0x00000279bd6a5800 nmethod 740 0x00000279a21fb750 code [0x00000279a21fb940, 0x00000279a21fc210]
Event: 195.552 Thread 0x00000279bd6a5800  741   !   3       java.nio.charset.CharsetDecoder::decode (287 bytes)
Event: 195.555 Thread 0x00000279bd6a5800 nmethod 741 0x00000279a21fc950 code [0x00000279a21fcc40, 0x00000279a21fe4a0]

GC Heap History (10 events):
Event: 47.273 GC heap before
{Heap before GC invocations=15 (full 4):
 PSYoungGen      total 721920K, used 721844K [0x000000076b780000, 0x00000007b3380000, 0x00000007c0000000)
  eden space 433664K, 99% used [0x000000076b780000,0x0000000785eed858,0x0000000785f00000)
  from space 288256K, 99% used [0x000000079b080000,0x00000007ac9ff950,0x00000007aca00000)
  to   space 345600K, 0% used [0x0000000785f00000,0x0000000785f00000,0x000000079b080000)
 ParOldGen       total 569344K, used 358231K [0x00000006c2600000, 0x00000006e5200000, 0x000000076b780000)
  object space 569344K, 62% used [0x00000006c2600000,0x00000006d83d5e48,0x00000006e5200000)
 Metaspace       used 6544K, capacity 6716K, committed 6912K, reserved 1056768K
  class space    used 686K, capacity 767K, committed 768K, reserved 1048576K
Event: 47.413 GC heap after
Heap after GC invocations=15 (full 4):
 PSYoungGen      total 779264K, used 345590K [0x000000076b780000, 0x00000007c0000000, 0x00000007c0000000)
  eden space 433664K, 0% used [0x000000076b780000,0x000000076b780000,0x0000000785f00000)
  from space 345600K, 99% used [0x0000000785f00000,0x000000079b07d900,0x000000079b080000)
  to   space 425984K, 0% used [0x00000007a6000000,0x00000007a6000000,0x00000007c0000000)
 ParOldGen       total 569344K, used 426085K [0x00000006c2600000, 0x00000006e5200000, 0x000000076b780000)
  object space 569344K, 74% used [0x00000006c2600000,0x00000006dc619708,0x00000006e5200000)
 Metaspace       used 6544K, capacity 6716K, committed 6912K, reserved 1056768K
  class space    used 686K, capacity 767K, committed 768K, reserved 1048576K
}
Event: 60.870 GC heap before
{Heap before GC invocations=16 (full 4):
 PSYoungGen      total 779264K, used 779190K [0x000000076b780000, 0x00000007c0000000, 0x00000007c0000000)
  eden space 433664K, 99% used [0x000000076b780000,0x0000000785eeffd8,0x0000000785f00000)
  from space 345600K, 99% used [0x0000000785f00000,0x000000079b07d900,0x000000079b080000)
  to   space 425984K, 0% used [0x00000007a6000000,0x00000007a6000000,0x00000007c0000000)
 ParOldGen       total 569344K, used 426085K [0x00000006c2600000, 0x00000006e5200000, 0x000000076b780000)
  object space 569344K, 74% used [0x00000006c2600000,0x00000006dc619708,0x00000006e5200000)
 Metaspace       used 6555K, capacity 6780K, committed 6912K, reserved 1056768K
  class space    used 686K, capacity 767K, committed 768K, reserved 1048576K
Event: 61.078 GC heap after
Heap after GC invocations=16 (full 4):
 PSYoungGen      total 888320K, used 406159K [0x000000076b780000, 0x00000007c0000000, 0x00000007c0000000)
  eden space 462336K, 0% used [0x000000076b780000,0x000000076b780000,0x0000000787b00000)
  from space 425984K, 95% used [0x00000007a6000000,0x00000007beca3dc0,0x00000007c0000000)
  to   space 461312K, 0% used [0x0000000787b00000,0x0000000787b00000,0x00000007a3d80000)
 ParOldGen       total 569344K, used 426337K [0x00000006c2600000, 0x00000006e5200000, 0x000000076b780000)
  object space 569344K, 74% used [0x00000006c2600000,0x00000006dc658580,0x00000006e5200000)
 Metaspace       used 6555K, capacity 6780K, committed 6912K, reserved 1056768K
  class space    used 686K, capacity 767K, committed 768K, reserved 1048576K
}
Event: 69.613 GC heap before
{Heap before GC invocations=17 (full 4):
 PSYoungGen      total 888320K, used 868388K [0x000000076b780000, 0x00000007c0000000, 0x00000007c0000000)
  eden space 462336K, 99% used [0x000000076b780000,0x0000000787ae5388,0x0000000787b00000)
  from space 425984K, 95% used [0x00000007a6000000,0x00000007beca3dc0,0x00000007c0000000)
  to   space 461312K, 0% used [0x0000000787b00000,0x0000000787b00000,0x00000007a3d80000)
 ParOldGen       total 569344K, used 426337K [0x00000006c2600000, 0x00000006e5200000, 0x000000076b780000)
  object space 569344K, 74% used [0x00000006c2600000,0x00000006dc658580,0x00000006e5200000)
 Metaspace       used 6640K, capacity 6856K, committed 7040K, reserved 1056768K
  class space    used 695K, capacity 769K, committed 896K, reserved 1048576K
Event: 69.685 GC heap after
Heap after GC invocations=17 (full 4):
 PSYoungGen      total 923648K, used 439435K [0x000000076b780000, 0x00000007c0000000, 0x00000007c0000000)
  eden space 462336K, 0% used [0x000000076b780000,0x000000076b780000,0x0000000787b00000)
  from space 461312K, 95% used [0x0000000787b00000,0x00000007a2822ea0,0x00000007a3d80000)
  to   space 461312K, 0% used [0x00000007a3d80000,0x00000007a3d80000,0x00000007c0000000)
 ParOldGen       total 569344K, used 426580K [0x00000006c2600000, 0x00000006e5200000, 0x000000076b780000)
  object space 569344K, 74% used [0x00000006c2600000,0x00000006dc6953f8,0x00000006e5200000)
 Metaspace       used 6640K, capacity 6856K, committed 7040K, reserved 1056768K
  class space    used 695K, capacity 769K, committed 896K, reserved 1048576K
}
Event: 100.298 GC heap before
{Heap before GC invocations=18 (full 4):
 PSYoungGen      total 923648K, used 901600K [0x000000076b780000, 0x00000007c0000000, 0x00000007c0000000)
  eden space 462336K, 99% used [0x000000076b780000,0x0000000787ad5538,0x0000000787b00000)
  from space 461312K, 95% used [0x0000000787b00000,0x00000007a2822ea0,0x00000007a3d80000)
  to   space 461312K, 0% used [0x00000007a3d80000,0x00000007a3d80000,0x00000007c0000000)
 ParOldGen       total 569344K, used 426580K [0x00000006c2600000, 0x00000006e5200000, 0x000000076b780000)
  object space 569344K, 74% used [0x00000006c2600000,0x00000006dc6953f8,0x00000006e5200000)
 Metaspace       used 6642K, capacity 6856K, committed 7040K, reserved 1056768K
  class space    used 695K, capacity 769K, committed 896K, reserved 1048576K
Event: 100.344 GC heap after
Heap after GC invocations=18 (full 4):
 PSYoungGen      total 923648K, used 439328K [0x000000076b780000, 0x00000007c0000000, 0x00000007c0000000)
  eden space 462336K, 0% used [0x000000076b780000,0x000000076b780000,0x0000000787b00000)
  from space 461312K, 95% used [0x00000007a3d80000,0x00000007bea882a8,0x00000007c0000000)
  to   space 461312K, 0% used [0x0000000787b00000,0x0000000787b00000,0x00000007a3d80000)
 ParOldGen       total 569344K, used 427118K [0x00000006c2600000, 0x00000006e5200000, 0x000000076b780000)
  object space 569344K, 75% used [0x00000006c2600000,0x00000006dc71bb78,0x00000006e5200000)
 Metaspace       used 6642K, capacity 6856K, committed 7040K, reserved 1056768K
  class space    used 695K, capacity 769K, committed 896K, reserved 1048576K
}
Event: 144.713 GC heap before
{Heap before GC invocations=19 (full 4):
 PSYoungGen      total 923648K, used 901664K [0x000000076b780000, 0x00000007c0000000, 0x00000007c0000000)
  eden space 462336K, 100% used [0x000000076b780000,0x0000000787b00000,0x0000000787b00000)
  from space 461312K, 95% used [0x00000007a3d80000,0x00000007bea882a8,0x00000007c0000000)
  to   space 461312K, 0% used [0x0000000787b00000,0x0000000787b00000,0x00000007a3d80000)
 ParOldGen       total 569344K, used 427118K [0x00000006c2600000, 0x00000006e5200000, 0x000000076b780000)
  object space 569344K, 75% used [0x00000006c2600000,0x00000006dc71bb78,0x00000006e5200000)
 Metaspace       used 6650K, capacity 6856K, committed 7040K, reserved 1056768K
  class space    used 695K, capacity 769K, committed 896K, reserved 1048576K
Event: 144.756 GC heap after
Heap after GC invocations=19 (full 4):
 PSYoungGen      total 923648K, used 437891K [0x000000076b780000, 0x00000007c0000000, 0x00000007c0000000)
  eden space 462336K, 0% used [0x000000076b780000,0x000000076b780000,0x0000000787b00000)
  from space 461312K, 94% used [0x0000000787b00000,0x00000007a26a0ee8,0x00000007a3d80000)
  to   space 461312K, 0% used [0x00000007a3d80000,0x00000007a3d80000,0x00000007c0000000)
 ParOldGen       total 569344K, used 427338K [0x00000006c2600000, 0x00000006e5200000, 0x000000076b780000)
  object space 569344K, 75% used [0x00000006c2600000,0x00000006dc7529f0,0x00000006e5200000)
 Metaspace       used 6650K, capacity 6856K, committed 7040K, reserved 1056768K
  class space    used 695K, capacity 769K, committed 896K, reserved 1048576K
}

Deoptimization events (6 events):
Event: 3.456 Thread 0x00000279bd7e2800 Uncommon trap: reason=unstable_if action=reinterpret pc=0x00000279a20c2438 method=java.util.zip.InflaterInputStream.read([BII)I @ 69
Event: 4.654 Thread 0x00000279bd7e2800 Uncommon trap: reason=unstable_if action=reinterpret pc=0x00000279a20c03a4 method=java.util.zip.InflaterInputStream.read([BII)I @ 69
Event: 6.397 Thread 0x00000279c1554800 Uncommon trap: reason=unstable_if action=reinterpret pc=0x00000279a217969c method=com.app.Music.run()V @ 76
Event: 38.908 Thread 0x00000279bd7e1000 Uncommon trap: reason=class_check action=maybe_recompile pc=0x00000279a20bfa34 method=java.util.HashMap.removeNode(ILjava/lang/Object;Ljava/lang/Object;ZZ)Ljava/util/HashMap$Node; @ 283
Event: 38.909 Thread 0x00000279bd7e1000 Uncommon trap: reason=class_check action=maybe_recompile pc=0x00000279a20bfa34 method=java.util.HashMap.removeNode(ILjava/lang/Object;Ljava/lang/Object;ZZ)Ljava/util/HashMap$Node; @ 283
Event: 42.337 Thread 0x00000279bdb92000 Uncommon trap: reason=unstable_if action=reinterpret pc=0x00000279a20bfb70 method=java.util.HashMap.removeNode(ILjava/lang/Object;Ljava/lang/Object;ZZ)Ljava/util/HashMap$Node; @ 58

Classes redefined (0 events):
No events

Internal exceptions (10 events):
Event: 18.360 Thread 0x00000279bdb91800 Exception <a 'java/net/SocketException': Connection reset by peer: socket write error> (0x000000077286fdf0) thrown at [J:\jenkins\tmp\workspace\build\src\hotspot\src\share\vm\prims\jni.cpp, line 737]
Event: 21.605 Thread 0x00000279bdb93800 Exception <a 'java/net/SocketException': Connection reset by peer: socket write error> (0x0000000771b4c588) thrown at [J:\jenkins\tmp\workspace\build\src\hotspot\src\share\vm\prims\jni.cpp, line 737]
Event: 25.258 Thread 0x00000279bdb95000 Exception <a 'java/net/SocketException': Connection reset by peer: socket write error> (0x0000000773550b60) thrown at [J:\jenkins\tmp\workspace\build\src\hotspot\src\share\vm\prims\jni.cpp, line 737]
Event: 29.027 Thread 0x00000279bdb93800 Exception <a 'java/net/SocketException': Connection reset by peer: socket write error> (0x000000076eefa140) thrown at [J:\jenkins\tmp\workspace\build\src\hotspot\src\share\vm\prims\jni.cpp, line 737]
Event: 37.504 Thread 0x00000279bdb91800 Exception <a 'java/net/SocketException': Connection reset by peer: socket write error> (0x000000077f519048) thrown at [J:\jenkins\tmp\workspace\build\src\hotspot\src\share\vm\prims\jni.cpp, line 737]
Event: 44.694 Thread 0x00000279bdb93000 Exception <a 'java/net/SocketException': Connection reset by peer: socket write error> (0x000000077c0c65f8) thrown at [J:\jenkins\tmp\workspace\build\src\hotspot\src\share\vm\prims\jni.cpp, line 737]
Event: 49.046 Thread 0x00000279bdb93000 Exception <a 'java/net/SocketException': Connection reset by peer: socket write error> (0x000000076e6c45b0) thrown at [J:\jenkins\tmp\workspace\build\src\hotspot\src\share\vm\prims\jni.cpp, line 737]
Event: 52.994 Thread 0x00000279bdb91800 Exception <a 'java/net/SocketException': Connection reset by peer: socket write error> (0x000000077db06220) thrown at [J:\jenkins\tmp\workspace\build\src\hotspot\src\share\vm\prims\jni.cpp, line 737]
Event: 62.543 Thread 0x00000279bdb93000 Exception <a 'java/net/SocketException': Connection reset by peer: socket write error> (0x0000000772891208) thrown at [J:\jenkins\tmp\workspace\build\src\hotspot\src\share\vm\prims\jni.cpp, line 737]
Event: 67.882 Thread 0x00000279bdb95000 Exception <a 'java/net/SocketException': Connection reset by peer: socket write error> (0x0000000780a435f8) thrown at [J:\jenkins\tmp\workspace\build\src\hotspot\src\share\vm\prims\jni.cpp, line 737]

Events (10 events):
Event: 144.758 Thread 0x00000279bb1eb000 DEOPT UNPACKING pc=0x00000279a1f875d8 sp=0x000000b7c81ff450 mode 0
Event: 144.881 Executing VM operation: RevokeBias
Event: 144.881 Executing VM operation: RevokeBias done
Event: 144.881 Thread 0x00000279bdb96800 Thread exited: 0x00000279bdb96800
Event: 195.996 Thread 0x00000279bdb91800 Thread added: 0x00000279bdb91800
Event: 195.999 Executing VM operation: RevokeBias
Event: 195.999 Thread 0x00000279bdb95000 Thread added: 0x00000279bdb95000
Event: 196.000 Executing VM operation: RevokeBias done
Event: 196.000 Executing VM operation: RevokeBias
Event: 196.000 Executing VM operation: RevokeBias done


Dynamic libraries:
0x00007ff629240000 - 0x00007ff62927a000 	C:\Program Files\AdoptOpenJDK\jdk-8.0.252.09-hotspot\bin\java.exe
0x00007ffb9c8c0000 - 0x00007ffb9cab0000 	C:\Windows\SYSTEM32\ntdll.dll
0x00007ffb9b9a0000 - 0x00007ffb9ba52000 	C:\Windows\System32\KERNEL32.DLL
0x00007ffb99bf0000 - 0x00007ffb99e94000 	C:\Windows\System32\KERNELBASE.dll
0x00007ffb9aba0000 - 0x00007ffb9ac43000 	C:\Windows\System32\ADVAPI32.dll
0x00007ffb9ad30000 - 0x00007ffb9adce000 	C:\Windows\System32\msvcrt.dll
0x00007ffb9ac50000 - 0x00007ffb9ace7000 	C:\Windows\System32\sechost.dll
0x00007ffb9ba60000 - 0x00007ffb9bb80000 	C:\Windows\System32\RPCRT4.dll
0x00007ffb9b670000 - 0x00007ffb9b804000 	C:\Windows\System32\USER32.dll
0x00007ffb9a770000 - 0x00007ffb9a791000 	C:\Windows\System32\win32u.dll
0x00007ffb9c630000 - 0x00007ffb9c656000 	C:\Windows\System32\GDI32.dll
0x00007ffb9a7d0000 - 0x00007ffb9a966000 	C:\Windows\System32\gdi32full.dll
0x00007ffb9a6d0000 - 0x00007ffb9a76e000 	C:\Windows\System32\msvcp_win.dll
0x00007ffb99af0000 - 0x00007ffb99bea000 	C:\Windows\System32\ucrtbase.dll
0x00007ffb7f3f0000 - 0x00007ffb7f674000 	C:\Windows\WinSxS\amd64_microsoft.windows.common-controls_6595b64144ccf1df_6.0.18362.959_none_e6c7bbbf130c62bb\COMCTL32.dll
0x00007ffb9c220000 - 0x00007ffb9c555000 	C:\Windows\System32\combase.dll
0x00007ffb99ea0000 - 0x00007ffb99f20000 	C:\Windows\System32\bcryptPrimitives.dll
0x00007ffb9ad00000 - 0x00007ffb9ad2e000 	C:\Windows\System32\IMM32.DLL
0x00007ffb55280000 - 0x00007ffb5536f000 	C:\Program Files\AdoptOpenJDK\jdk-8.0.252.09-hotspot\jre\bin\msvcr120.dll
0x00007ffb54e00000 - 0x00007ffb54ea6000 	C:\Program Files\AdoptOpenJDK\jdk-8.0.252.09-hotspot\jre\bin\msvcp120.dll
0x000000006bad0000 - 0x000000006c2ce000 	C:\Program Files\AdoptOpenJDK\jdk-8.0.252.09-hotspot\jre\bin\server\jvm.dll
0x00007ffb9c870000 - 0x00007ffb9c878000 	C:\Windows\System32\PSAPI.DLL
0x00007ffb85d90000 - 0x00007ffb85d99000 	C:\Windows\SYSTEM32\WSOCK32.dll
0x00007ffb892e0000 - 0x00007ffb89304000 	C:\Windows\SYSTEM32\WINMM.dll
0x00007ffb91390000 - 0x00007ffb9139a000 	C:\Windows\SYSTEM32\VERSION.dll
0x00007ffb9b8c0000 - 0x00007ffb9b92f000 	C:\Windows\System32\WS2_32.dll
0x00007ffb8af40000 - 0x00007ffb8af6d000 	C:\Windows\SYSTEM32\WINMMBASE.dll
0x00007ffb99aa0000 - 0x00007ffb99aea000 	C:\Windows\System32\cfgmgr32.dll
0x00007ffb911d0000 - 0x00007ffb911df000 	C:\Program Files\AdoptOpenJDK\jdk-8.0.252.09-hotspot\jre\bin\verify.dll
0x00007ffb6f2b0000 - 0x00007ffb6f2d8000 	C:\Program Files\AdoptOpenJDK\jdk-8.0.252.09-hotspot\jre\bin\java.dll
0x00007ffb70700000 - 0x00007ffb70735000 	C:\Program Files\AdoptOpenJDK\jdk-8.0.252.09-hotspot\jre\bin\jdwp.dll
0x00007ffb8e200000 - 0x00007ffb8e208000 	C:\Program Files\AdoptOpenJDK\jdk-8.0.252.09-hotspot\jre\bin\npt.dll
0x00007ffb7a570000 - 0x00007ffb7a586000 	C:\Program Files\AdoptOpenJDK\jdk-8.0.252.09-hotspot\jre\bin\zip.dll
0x00007ffb9af80000 - 0x00007ffb9b666000 	C:\Windows\System32\SHELL32.dll
0x00007ffb9ae30000 - 0x00007ffb9aed9000 	C:\Windows\System32\shcore.dll
0x00007ffb99f20000 - 0x00007ffb9a6a2000 	C:\Windows\System32\windows.storage.dll
0x00007ffb99810000 - 0x00007ffb99833000 	C:\Windows\System32\profapi.dll
0x00007ffb997c0000 - 0x00007ffb9980a000 	C:\Windows\System32\powrprof.dll
0x00007ffb99770000 - 0x00007ffb99780000 	C:\Windows\System32\UMPDC.dll
0x00007ffb9add0000 - 0x00007ffb9ae22000 	C:\Windows\System32\shlwapi.dll
0x00007ffb997a0000 - 0x00007ffb997b1000 	C:\Windows\System32\kernel.appcore.dll
0x00007ffb9a6b0000 - 0x00007ffb9a6c7000 	C:\Windows\System32\cryptsp.dll
0x00007ffb8ca00000 - 0x00007ffb8ca09000 	C:\Program Files\AdoptOpenJDK\jdk-8.0.252.09-hotspot\jre\bin\dt_socket.dll
0x00007ffb67560000 - 0x00007ffb67576000 	C:\Windows\system32\napinsp.dll
0x00007ffb67520000 - 0x00007ffb6753a000 	C:\Windows\system32\pnrpnsp.dll
0x00007ffb98fe0000 - 0x00007ffb99047000 	C:\Windows\System32\mswsock.dll
0x00007ffb98d30000 - 0x00007ffb98dfb000 	C:\Windows\SYSTEM32\DNSAPI.dll
0x00007ffb9c660000 - 0x00007ffb9c668000 	C:\Windows\System32\NSI.dll
0x00007ffb98cf0000 - 0x00007ffb98d2a000 	C:\Windows\SYSTEM32\IPHLPAPI.DLL
0x00007ffb6afa0000 - 0x00007ffb6afae000 	C:\Windows\System32\winrnr.dll
0x00007ffb91300000 - 0x00007ffb9131c000 	C:\Windows\system32\NLAapi.dll
0x00007ffb922f0000 - 0x00007ffb92305000 	C:\Windows\system32\wshbth.dll
0x00007ffb8e0c0000 - 0x00007ffb8e137000 	C:\Windows\System32\fwpuclnt.dll
0x00007ffb9a7a0000 - 0x00007ffb9a7c6000 	C:\Windows\System32\bcrypt.dll
0x00007ffb8c5c0000 - 0x00007ffb8c5ca000 	C:\Windows\System32\rasadhlp.dll
0x00007ffb6bf00000 - 0x00007ffb6bf1a000 	C:\Program Files\AdoptOpenJDK\jdk-8.0.252.09-hotspot\jre\bin\net.dll
0x00007ffb98b50000 - 0x00007ffb98b83000 	C:\Windows\system32\rsaenh.dll
0x00007ffb99660000 - 0x00007ffb99685000 	C:\Windows\SYSTEM32\USERENV.dll
0x00007ffb991b0000 - 0x00007ffb991bc000 	C:\Windows\SYSTEM32\CRYPTBASE.dll
0x00007ffb8f140000 - 0x00007ffb8f156000 	C:\Windows\SYSTEM32\dhcpcsvc6.DLL
0x00007ffb8f700000 - 0x00007ffb8f71c000 	C:\Windows\SYSTEM32\dhcpcsvc.DLL
0x00007ffb6bee0000 - 0x00007ffb6bef2000 	C:\Program Files\AdoptOpenJDK\jdk-8.0.252.09-hotspot\jre\bin\nio.dll
0x000000006e740000 - 0x000000006fda5000 	C:\Users\rando\AppData\Local\Temp\xuggle\xuggle2987881973862619739.dll
0x00007ffb9aa40000 - 0x00007ffb9ab97000 	C:\Windows\System32\ole32.dll
0x00007ffb67010000 - 0x00007ffb67028000 	C:\Windows\SYSTEM32\AVICAP32.dll
0x00007ffb5fad0000 - 0x00007ffb5faf9000 	C:\Windows\SYSTEM32\MSVFW32.dll
0x00007ffb8c9f0000 - 0x00007ffb8c9fc000 	C:\Program Files\AdoptOpenJDK\jdk-8.0.252.09-hotspot\jre\bin\jsound.dll
0x00007ffb8c9b0000 - 0x00007ffb8c9bb000 	C:\Program Files\AdoptOpenJDK\jdk-8.0.252.09-hotspot\jre\bin\jsoundds.dll
0x00007ffb4c390000 - 0x00007ffb4c429000 	C:\Windows\SYSTEM32\DSOUND.dll
0x00007ffb906f0000 - 0x00007ffb90762000 	C:\Windows\SYSTEM32\MMDevAPI.DLL
0x00007ffb99570000 - 0x00007ffb9959a000 	C:\Windows\SYSTEM32\DEVOBJ.dll
0x00007ffb946b0000 - 0x00007ffb94749000 	C:\Windows\system32\uxtheme.dll
0x00007ffb54880000 - 0x00007ffb548c4000 	C:\Windows\SYSTEM32\wdmaud.drv
0x00007ffb913a0000 - 0x00007ffb913aa000 	C:\Windows\SYSTEM32\AVRT.dll
0x00007ffb91e20000 - 0x00007ffb91e29000 	C:\Windows\SYSTEM32\ksuser.dll
0x00007ffb908e0000 - 0x00007ffb90a3d000 	C:\Windows\SYSTEM32\AUDIOSES.DLL
0x00007ffb9c560000 - 0x00007ffb9c625000 	C:\Windows\System32\OLEAUT32.dll
0x00007ffb92330000 - 0x00007ffb92483000 	C:\Windows\SYSTEM32\wintypes.dll
0x00007ffb82ff0000 - 0x00007ffb82ffd000 	C:\Windows\SYSTEM32\msacm32.drv
0x00007ffb54810000 - 0x00007ffb5482c000 	C:\Windows\SYSTEM32\MSACM32.dll
0x00007ffb82610000 - 0x00007ffb8261a000 	C:\Windows\SYSTEM32\midimap.dll
0x00007ffb9b810000 - 0x00007ffb9b8b2000 	C:\Windows\System32\clbcatq.dll
0x00007ffb949e0000 - 0x00007ffb949f4000 	C:\Windows\SYSTEM32\resourcepolicyclient.dll
0x00007ffb7b2f0000 - 0x00007ffb7b441000 	C:\Windows\System32\Windows.UI.dll
0x00007ffb82710000 - 0x00007ffb827ae000 	C:\Windows\System32\TextInputFramework.dll
0x00007ffb80790000 - 0x00007ffb808ab000 	C:\Windows\System32\InputHost.dll
0x00007ffb94270000 - 0x00007ffb94344000 	C:\Windows\System32\CoreMessaging.dll
0x00007ffb7ca20000 - 0x00007ffb7cd4a000 	C:\Windows\System32\CoreUIComponents.dll
0x00007ffb92cd0000 - 0x00007ffb92dc0000 	C:\Windows\System32\PROPSYS.dll
0x00007ffb987b0000 - 0x00007ffb987e1000 	C:\Windows\SYSTEM32\ntmarta.dll
0x00007ffb94ea0000 - 0x00007ffb95094000 	C:\Windows\SYSTEM32\dbghelp.dll

VM Arguments:
jvm_args: -agentlib:jdwp=transport=dt_socket,server=n,suspend=y,address=localhost:53451 -Dfile.encoding=UTF-8 
java_command: com.app.App
java_class_path (initial): C:\Users\rando\AppData\Local\Temp\cp_ds6hjpws035egcdxzqclh0x8q.jar
Launcher Type: SUN_STANDARD

Environment Variables:
JAVA_HOME=C:\Program Files\AdoptOpenJDK\jdk-8.0.252.09-hotspot
PATH=C:\Python38\Scripts\;C:\Python38\;C:\Windows\system32;C:\Windows;C:\Windows\System32\Wbem;C:\Windows\System32\WindowsPowerShell\v1.0\;C:\Windows\System32\OpenSSH\;C:\Program Files (x86)\NVIDIA Corporation\PhysX\Common;C:\Program Files\NVIDIA Corporation\NVIDIA NvDLISR;C:\Program Files\Intel\WiFi\bin\;C:\Program Files\Common Files\Intel\WirelessCommon\;C:\Program Files\Microsoft SQL Server\130\Tools\Binn\;C:\Program Files\Microsoft SQL Server\Client SDK\ODBC\170\Tools\Binn\;C:\Program Files\Git\cmd;C:\Program Files\dotnet\;C:\Program Files\nodejs\;C:\ProgramData\chocolatey\bin;C:\Users\rando\AppData\Local\Microsoft\WindowsApps;C:\Users\rando\AppData\Local\atom\bin;C:\MinGW\bin;C:\Users\rando\AppData\Local\Programs\Microsoft VS Code\bin;C:\Program Files\AdoptOpenJDK\jdk-8.0.252.09-hotspot\bin;C:\Program Files\apache-maven-3.6.3\bin;C:\Program Files\PostgreSQL\12\bin;C:\Users\rando\.dotnet\tools;C:\Users\rando\AppData\Roaming\npm;
USERNAME=rando
OS=Windows_NT
PROCESSOR_IDENTIFIER=Intel64 Family 6 Model 158 Stepping 10, GenuineIntel



---------------  S Y S T E M  ---------------

OS: Windows 10.0 , 64 bit Build 18362 (10.0.18362.959)

CPU:total 12 (initial active 12) (6 cores per cpu, 2 threads per core) family 6 model 158 stepping 10, cmov, cx8, fxsr, mmx, sse, sse2, sse3, ssse3, sse4.1, sse4.2, popcnt, avx, avx2, aes, clmul, erms, 3dnowpref, lzcnt, ht, tsc, tscinvbit, bmi1, bmi2, adx

Memory: 4k page, physical 16618432k(5616824k free), swap 21291148k(2952024k free)

vm_info: OpenJDK 64-Bit Server VM (25.252-b09) for windows-amd64 JRE (1.8.0_252-b09), built on Apr 22 2020 09:32:45 by "jenkins" with MS VC++ 12.0 (VS2013)

time: Sun Aug 02 18:36:43 2020
timezone: ???? (?W?€??)
elapsed time: 196 seconds (0d 0h 3m 16s)

