#
# A fatal error has been detected by the Java Runtime Environment:
#
#  EXCEPTION_ACCESS_VIOLATION (0xc0000005) at pc=0x000000006ee76520, pid=2008, tid=0x000000000000413c
#
# JRE version: OpenJDK Runtime Environment (8.0_252-b09) (build 1.8.0_252-b09)
# Java VM: OpenJDK 64-Bit Server VM (25.252-b09 mixed mode windows-amd64 compressed oops)
# Problematic frame:
# C  [xuggle9180191980128410613.dll+0x736520]
#
# Failed to write core dump. Minidumps are not enabled by default on client versions of Windows
#
# If you would like to submit a bug report, please visit:
#   http://bugreport.java.com/bugreport/crash.jsp
# The crash happened outside the Java Virtual Machine in native code.
# See problematic frame for where to report the bug.
#

---------------  T H R E A D  ---------------

Current thread (0x00000230ec905800):  JavaThread "Thread-14" [_thread_in_native, id=16700, stack(0x00000078c4c00000,0x00000078c4d00000)]

siginfo: ExceptionCode=0xc0000005, reading address 0xffffffffffffffff

Registers:
RAX=0x00000230ec3d95f0, RBX=0x00000230f4f0af70, RCX=0x00000230ec3d95f0, RDX=0x0000000000000009
RSP=0x00000078c4cfe210, RBP=0x00000230ec3d8d30, RSI=0x00000230ec3da5f0, RDI=0x0000000000000004
R8 =0x000000006ee77580, R9 =0x000000006ee76490, R10=0x00000230ec3bbe70, R11=0x00000230ec3f4370
R12=0x00000230ec3f4b70, R13=0x0000000000000004, R14=0x0000000000000184, R15=0x000000006fab8f20
RIP=0x000000006ee76520, EFLAGS=0x0000000000010202

Top of Stack: (sp=0x00000078c4cfe210)
0x00000078c4cfe210:   000000006ee76665 000000006ee774c5
0x00000078c4cfe220:   000000006ee77505 000000006ee77545
0x00000078c4cfe230:   000000006ee77585 000000006ee79426
0x00000078c4cfe240:   000000006fab8f20 00000230ec3d95f0
0x00000078c4cfe250:   00000230f4f0d430 0000007800001a1a
0x00000078c4cfe260:   3fe0000000000000 0000000000000000
0x00000078c4cfe270:   40c7760000000000 0000000000000000
0x00000078c4cfe280:   3fe0000000000000 0000000000000001
0x00000078c4cfe290:   00000230f4f0e430 000000006ea45d24
0x00000078c4cfe2a0:   3f40624dd2f1a9fc 0000000000000000
0x00000078c4cfe2b0:   0000000000000000 0000000000000000
0x00000078c4cfe2c0:   0000000000000000 0000000000000000
0x00000078c4cfe2d0:   00000230f4f17330 000000006fab7320
0x00000078c4cfe2e0:   00000230ec4263a0 00000230f4f0aed0
0x00000078c4cfe2f0:   0000000000000001 00000230ec3d8d30
0x00000078c4cfe300:   00000230ec3d8db0 0000000000000000 

Instructions: (pc=0x000000006ee76520)
0x000000006ee76500:   c4 e3 5d 0c c0 55 c5 e4 5c c8 c5 e4 58 c0 c5 fc
0x000000006ee76510:   29 01 c5 fc 29 49 20 c3 0f 1f 84 00 00 00 00 00
0x000000006ee76520:   c5 fc 28 51 40 c5 fc 28 59 60 c5 ec 5c fb c5 ec
0x000000006ee76530:   58 d3 c5 c4 57 3d 26 41 84 00 c5 ec c6 df be c5 


Register to memory mapping:

RAX=0x00000230ec3d95f0 is an unknown value
RBX=0x00000230f4f0af70 is an unknown value
RCX=0x00000230ec3d95f0 is an unknown value
RDX=0x0000000000000009 is an unknown value
RSP=0x00000078c4cfe210 is pointing into the stack for thread: 0x00000230ec905800
RBP=0x00000230ec3d8d30 is an unknown value
RSI=0x00000230ec3da5f0 is an unknown value
RDI=0x0000000000000004 is an unknown value
R8 =0x000000006ee77580 is an unknown value
R9 =0x000000006ee76490 is an unknown value
R10=0x00000230ec3bbe70 is an unknown value
R11=0x00000230ec3f4370 is an unknown value
R12=0x00000230ec3f4b70 is an unknown value
R13=0x0000000000000004 is an unknown value
R14=0x0000000000000184 is an unknown value
R15=0x000000006fab8f20 is an unknown value


Stack: [0x00000078c4c00000,0x00000078c4d00000],  sp=0x00000078c4cfe210,  free space=1016k
Native frames: (J=compiled Java code, j=interpreted, Vv=VM code, C=native code)
C  [xuggle9180191980128410613.dll+0x736520]

Java frames: (J=compiled Java code, j=interpreted, Vv=VM code)
j  com.xuggle.xuggler.XugglerJNI.IContainer_open__SWIG_0(JLcom/xuggle/xuggler/IContainer;Ljava/lang/String;IJLcom/xuggle/xuggler/IContainerFormat;)I+0
j  com.xuggle.xuggler.IContainer.open(Ljava/lang/String;Lcom/xuggle/xuggler/IContainer$Type;Lcom/xuggle/xuggler/IContainerFormat;)I+15
j  com.app.PlayerController$Task.run()V+34
j  java.lang.Thread.run()V+11
v  ~StubRoutines::call_stub

---------------  P R O C E S S  ---------------

Java Threads: ( => current thread )
  0x00000230ec903000 JavaThread "Thread-15" [_thread_in_native, id=13772, stack(0x00000078c4d00000,0x00000078c4e00000)]
=>0x00000230ec905800 JavaThread "Thread-14" [_thread_in_native, id=16700, stack(0x00000078c4c00000,0x00000078c4d00000)]
  0x00000230ec900000 JavaThread "Java Sound Event Dispatcher" daemon [_thread_blocked, id=11796, stack(0x00000078c6900000,0x00000078c6a00000)]
  0x00000230ec136800 JavaThread "Thread-0" [_thread_in_native, id=22412, stack(0x00000078c6800000,0x00000078c6900000)]
  0x00000230ec09a800 JavaThread "Service Thread" daemon [_thread_blocked, id=16948, stack(0x00000078c6600000,0x00000078c6700000)]
  0x00000230ec024000 JavaThread "C1 CompilerThread3" daemon [_thread_blocked, id=20132, stack(0x00000078c6500000,0x00000078c6600000)]
  0x00000230ec009000 JavaThread "C2 CompilerThread2" daemon [_thread_blocked, id=13028, stack(0x00000078c6400000,0x00000078c6500000)]
  0x00000230ec008000 JavaThread "C2 CompilerThread1" daemon [_thread_blocked, id=9936, stack(0x00000078c6300000,0x00000078c6400000)]
  0x00000230ec006800 JavaThread "C2 CompilerThread0" daemon [_thread_blocked, id=12980, stack(0x00000078c6200000,0x00000078c6300000)]
  0x00000230e9bde000 JavaThread "JDWP Command Reader" daemon [_thread_in_native, id=20488, stack(0x00000078c6100000,0x00000078c6200000)]
  0x00000230ebffc800 JavaThread "JDWP Event Helper Thread" daemon [_thread_blocked, id=19152, stack(0x00000078c6000000,0x00000078c6100000)]
  0x00000230e9bd3000 JavaThread "JDWP Transport Listener: dt_socket" daemon [_thread_blocked, id=7020, stack(0x00000078c5f00000,0x00000078c6000000)]
  0x00000230e9bad000 JavaThread "Attach Listener" daemon [_thread_blocked, id=24028, stack(0x00000078c5e00000,0x00000078c5f00000)]
  0x00000230ebff3000 JavaThread "Signal Dispatcher" daemon [_thread_blocked, id=17236, stack(0x00000078c5d00000,0x00000078c5e00000)]
  0x00000230e9b7d000 JavaThread "Finalizer" daemon [_thread_blocked, id=20288, stack(0x00000078c5c00000,0x00000078c5d00000)]
  0x00000230e9b75800 JavaThread "Reference Handler" daemon [_thread_blocked, id=23684, stack(0x00000078c5b00000,0x00000078c5c00000)]
  0x00000230cebd9000 JavaThread "main" [_thread_in_native, id=17200, stack(0x00000078c4f00000,0x00000078c5000000)]

Other Threads:
  0x00000230e9b49000 VMThread [stack: 0x00000078c5a00000,0x00000078c5b00000] [id=23648]
  0x00000230ec07b800 WatcherThread [stack: 0x00000078c6700000,0x00000078c6800000] [id=24620]

VM state:not at safepoint (normal execution)

VM Mutex/Monitor currently owned by a thread: None

heap address: 0x00000006c2600000, size: 4058 MB, Compressed Oops mode: Zero based, Oop shift amount: 3
Narrow klass base: 0x0000000000000000, Narrow klass shift: 3
Compressed class space size: 1073741824 Address: 0x00000007c0000000

Heap:
 PSYoungGen      total 330752K, used 97625K [0x000000076b780000, 0x0000000795d00000, 0x00000007c0000000)
  eden space 228864K, 42% used [0x000000076b780000,0x00000007716d6498,0x0000000779700000)
  from space 101888K, 0% used [0x0000000779700000,0x0000000779700000,0x000000077fa80000)
  to   space 124928K, 0% used [0x000000078e300000,0x000000078e300000,0x0000000795d00000)
 ParOldGen       total 402944K, used 210937K [0x00000006c2600000, 0x00000006daf80000, 0x000000076b780000)
  object space 402944K, 52% used [0x00000006c2600000,0x00000006cf3fe720,0x00000006daf80000)
 Metaspace       used 6513K, capacity 6716K, committed 6912K, reserved 1056768K
  class space    used 686K, capacity 767K, committed 768K, reserved 1048576K

Card table byte_map: [0x00000230dfce0000,0x00000230e04d0000] byte_map_base: 0x00000230dc6cd000

Marking Bits: (ParMarkBitMap*) 0x000000006c255010
 Begin Bits: [0x00000230e0a20000, 0x00000230e4988000)
 End Bits:   [0x00000230e4988000, 0x00000230e88f0000)

Polling page: 0x00000230ceb60000

CodeCache: size=245760Kb used=2545Kb max_used=2545Kb free=243214Kb
 bounds [0x00000230d0920000, 0x00000230d0ba0000, 0x00000230df920000]
 total_blobs=958 nmethods=601 adapters=279
 compilation: enabled

Compilation events (10 events):
Event: 59.307 Thread 0x00000230ec024000  604       3       java.io.PrintStream::ensureOpen (18 bytes)
Event: 59.308 Thread 0x00000230ec024000 nmethod 604 0x00000230d0b80810 code [0x00000230d0b80980, 0x00000230d0b80bf0]
Event: 59.308 Thread 0x00000230ec024000  603       1       sun.nio.cs.StreamEncoder::isOpen (5 bytes)
Event: 59.308 Thread 0x00000230ec024000 nmethod 603 0x00000230d0a25c10 code [0x00000230d0a25d60, 0x00000230d0a25e78]
Event: 59.317 Thread 0x00000230ec024000  605       1       java.io.FileDescriptor::access$000 (5 bytes)
Event: 59.318 Thread 0x00000230ec024000 nmethod 605 0x00000230d0a25950 code [0x00000230d0a25aa0, 0x00000230d0a25b98]
Event: 60.504 Thread 0x00000230ec024000  606       3       java.net.URI::access$300 (7 bytes)
Event: 60.505 Thread 0x00000230ec024000 nmethod 606 0x00000230d0b88c50 code [0x00000230d0b88dc0, 0x00000230d0b88f50]
Event: 60.505 Thread 0x00000230ec024000  607       3       java.net.URI::match (56 bytes)
Event: 60.505 Thread 0x00000230ec024000 nmethod 607 0x00000230d0b88750 code [0x00000230d0b888c0, 0x00000230d0b88bd8]

GC Heap History (10 events):
Event: 32.155 GC heap before
{Heap before GC invocations=6 (full 1):
 PSYoungGen      total 138752K, used 138733K [0x000000076b780000, 0x0000000774b80000, 0x00000007c0000000)
  eden space 128000K, 99% used [0x000000076b780000,0x000000077347fbb8,0x0000000773480000)
  from space 10752K, 99% used [0x0000000774100000,0x0000000774b7bbc8,0x0000000774b80000)
  to   space 10752K, 0% used [0x0000000773680000,0x0000000773680000,0x0000000774100000)
 ParOldGen       total 192000K, used 115561K [0x00000006c2600000, 0x00000006ce180000, 0x000000076b780000)
  object space 192000K, 60% used [0x00000006c2600000,0x00000006c96da7a0,0x00000006ce180000)
 Metaspace       used 6478K, capacity 6652K, committed 6656K, reserved 1056768K
  class space    used 682K, capacity 767K, committed 768K, reserved 1048576K
Event: 32.178 GC heap after
Heap after GC invocations=6 (full 1):
 PSYoungGen      total 140800K, used 10637K [0x000000076b780000, 0x0000000784980000, 0x00000007c0000000)
  eden space 130048K, 0% used [0x000000076b780000,0x000000076b780000,0x0000000773680000)
  from space 10752K, 98% used [0x0000000773680000,0x00000007740e3770,0x0000000774100000)
  to   space 80896K, 0% used [0x000000077fa80000,0x000000077fa80000,0x0000000784980000)
 ParOldGen       total 225792K, used 225317K [0x00000006c2600000, 0x00000006d0280000, 0x000000076b780000)
  object space 225792K, 99% used [0x00000006c2600000,0x00000006d02097d8,0x00000006d0280000)
 Metaspace       used 6478K, capacity 6652K, committed 6656K, reserved 1056768K
  class space    used 682K, capacity 767K, committed 768K, reserved 1048576K
}
Event: 32.178 GC heap before
{Heap before GC invocations=7 (full 2):
 PSYoungGen      total 140800K, used 10637K [0x000000076b780000, 0x0000000784980000, 0x00000007c0000000)
  eden space 130048K, 0% used [0x000000076b780000,0x000000076b780000,0x0000000773680000)
  from space 10752K, 98% used [0x0000000773680000,0x00000007740e3770,0x0000000774100000)
  to   space 80896K, 0% used [0x000000077fa80000,0x000000077fa80000,0x0000000784980000)
 ParOldGen       total 225792K, used 225317K [0x00000006c2600000, 0x00000006d0280000, 0x000000076b780000)
  object space 225792K, 99% used [0x00000006c2600000,0x00000006d02097d8,0x00000006d0280000)
 Metaspace       used 6478K, capacity 6652K, committed 6656K, reserved 1056768K
  class space    used 682K, capacity 767K, committed 768K, reserved 1048576K
Event: 32.197 GC heap after
Heap after GC invocations=7 (full 2):
 PSYoungGen      total 140800K, used 0K [0x000000076b780000, 0x0000000784980000, 0x00000007c0000000)
  eden space 130048K, 0% used [0x000000076b780000,0x000000076b780000,0x0000000773680000)
  from space 10752K, 0% used [0x0000000773680000,0x0000000773680000,0x0000000774100000)
  to   space 80896K, 0% used [0x000000077fa80000,0x000000077fa80000,0x0000000784980000)
 ParOldGen       total 289280K, used 120253K [0x00000006c2600000, 0x00000006d4080000, 0x000000076b780000)
  object space 289280K, 41% used [0x00000006c2600000,0x00000006c9b6f568,0x00000006d4080000)
 Metaspace       used 6478K, capacity 6652K, committed 6656K, reserved 1056768K
  class space    used 682K, capacity 767K, committed 768K, reserved 1048576K
}
Event: 47.098 GC heap before
{Heap before GC invocations=8 (full 2):
 PSYoungGen      total 140800K, used 130048K [0x000000076b780000, 0x0000000784980000, 0x00000007c0000000)
  eden space 130048K, 100% used [0x000000076b780000,0x0000000773680000,0x0000000773680000)
  from space 10752K, 0% used [0x0000000773680000,0x0000000773680000,0x0000000774100000)
  to   space 80896K, 0% used [0x000000077fa80000,0x000000077fa80000,0x0000000784980000)
 ParOldGen       total 289280K, used 120253K [0x00000006c2600000, 0x00000006d4080000, 0x000000076b780000)
  object space 289280K, 41% used [0x00000006c2600000,0x00000006c9b6f568,0x00000006d4080000)
 Metaspace       used 6478K, capacity 6652K, committed 6656K, reserved 1056768K
  class space    used 682K, capacity 767K, committed 768K, reserved 1048576K
Event: 47.119 GC heap after
Heap after GC invocations=8 (full 2):
 PSYoungGen      total 309760K, used 80742K [0x000000076b780000, 0x0000000787600000, 0x00000007c0000000)
  eden space 228864K, 0% used [0x000000076b780000,0x000000076b780000,0x0000000779700000)
  from space 80896K, 99% used [0x000000077fa80000,0x0000000784959ac0,0x0000000784980000)
  to   space 101888K, 0% used [0x0000000779700000,0x0000000779700000,0x000000077fa80000)
 ParOldGen       total 289280K, used 160403K [0x00000006c2600000, 0x00000006d4080000, 0x000000076b780000)
  object space 289280K, 55% used [0x00000006c2600000,0x00000006cc2a4db8,0x00000006d4080000)
 Metaspace       used 6478K, capacity 6652K, committed 6656K, reserved 1056768K
  class space    used 682K, capacity 767K, committed 768K, reserved 1048576K
}
Event: 54.364 GC heap before
{Heap before GC invocations=9 (full 2):
 PSYoungGen      total 309760K, used 309454K [0x000000076b780000, 0x0000000787600000, 0x00000007c0000000)
  eden space 228864K, 99% used [0x000000076b780000,0x00000007796d9f38,0x0000000779700000)
  from space 80896K, 99% used [0x000000077fa80000,0x0000000784959ac0,0x0000000784980000)
  to   space 101888K, 0% used [0x0000000779700000,0x0000000779700000,0x000000077fa80000)
 ParOldGen       total 289280K, used 160403K [0x00000006c2600000, 0x00000006d4080000, 0x000000076b780000)
  object space 289280K, 55% used [0x00000006c2600000,0x00000006cc2a4db8,0x00000006d4080000)
 Metaspace       used 6508K, capacity 6716K, committed 6912K, reserved 1056768K
  class space    used 686K, capacity 767K, committed 768K, reserved 1048576K
Event: 54.459 GC heap after
Heap after GC invocations=9 (full 2):
 PSYoungGen      total 330752K, used 101855K [0x000000076b780000, 0x0000000795d00000, 0x00000007c0000000)
  eden space 228864K, 0% used [0x000000076b780000,0x000000076b780000,0x0000000779700000)
  from space 101888K, 99% used [0x0000000779700000,0x000000077fa77ca0,0x000000077fa80000)
  to   space 124928K, 0% used [0x000000078e300000,0x000000078e300000,0x0000000795d00000)
 ParOldGen       total 289280K, used 269792K [0x00000006c2600000, 0x00000006d4080000, 0x000000076b780000)
  object space 289280K, 93% used [0x00000006c2600000,0x00000006d2d78100,0x00000006d4080000)
 Metaspace       used 6508K, capacity 6716K, committed 6912K, reserved 1056768K
  class space    used 686K, capacity 767K, committed 768K, reserved 1048576K
}
Event: 54.459 GC heap before
{Heap before GC invocations=10 (full 3):
 PSYoungGen      total 330752K, used 101855K [0x000000076b780000, 0x0000000795d00000, 0x00000007c0000000)
  eden space 228864K, 0% used [0x000000076b780000,0x000000076b780000,0x0000000779700000)
  from space 101888K, 99% used [0x0000000779700000,0x000000077fa77ca0,0x000000077fa80000)
  to   space 124928K, 0% used [0x000000078e300000,0x000000078e300000,0x0000000795d00000)
 ParOldGen       total 289280K, used 269792K [0x00000006c2600000, 0x00000006d4080000, 0x000000076b780000)
  object space 289280K, 93% used [0x00000006c2600000,0x00000006d2d78100,0x00000006d4080000)
 Metaspace       used 6508K, capacity 6716K, committed 6912K, reserved 1056768K
  class space    used 686K, capacity 767K, committed 768K, reserved 1048576K
Event: 54.517 GC heap after
Heap after GC invocations=10 (full 3):
 PSYoungGen      total 330752K, used 0K [0x000000076b780000, 0x0000000795d00000, 0x00000007c0000000)
  eden space 228864K, 0% used [0x000000076b780000,0x000000076b780000,0x0000000779700000)
  from space 101888K, 0% used [0x0000000779700000,0x0000000779700000,0x000000077fa80000)
  to   space 124928K, 0% used [0x000000078e300000,0x000000078e300000,0x0000000795d00000)
 ParOldGen       total 402944K, used 210937K [0x00000006c2600000, 0x00000006daf80000, 0x000000076b780000)
  object space 402944K, 52% used [0x00000006c2600000,0x00000006cf3fe720,0x00000006daf80000)
 Metaspace       used 6508K, capacity 6716K, committed 6912K, reserved 1056768K
  class space    used 686K, capacity 767K, committed 768K, reserved 1048576K
}

Deoptimization events (5 events):
Event: 4.671 Thread 0x00000230ec1d3000 Uncommon trap: reason=unstable_if action=reinterpret pc=0x00000230d0aa1ef8 method=java.util.zip.InflaterInputStream.read([BII)I @ 69
Event: 6.038 Thread 0x00000230ec1d3000 Uncommon trap: reason=unstable_if action=reinterpret pc=0x00000230d0a9fe64 method=java.util.zip.InflaterInputStream.read([BII)I @ 69
Event: 10.104 Thread 0x00000230ec1cf800 Uncommon trap: reason=unstable_if action=reinterpret pc=0x00000230d0b3b5f0 method=com.app.MusicPlayer$Task.run()V @ 208
Event: 52.076 Thread 0x00000230ec905800 Uncommon trap: reason=unstable_if action=reinterpret pc=0x00000230d0b2621c method=com.app.Music.run()V @ 76
Event: 59.201 Thread 0x00000230ec903000 Uncommon trap: reason=unstable_if action=reinterpret pc=0x00000230d0b66858 method=com.app.Music.run()V @ 76

Classes redefined (0 events):
No events

Internal exceptions (10 events):
Event: 3.442 Thread 0x00000230ec1d3000 Exception <a 'java/security/PrivilegedActionException'> (0x000000076bd5ad48) thrown at [J:\jenkins\tmp\workspace\build\src\hotspot\src\share\vm\prims\jvm.cpp, line 1502]
Event: 3.442 Thread 0x00000230ec1d3000 Exception <a 'java/security/PrivilegedActionException'> (0x000000076bd5bdc0) thrown at [J:\jenkins\tmp\workspace\build\src\hotspot\src\share\vm\prims\jvm.cpp, line 1502]
Event: 3.442 Thread 0x00000230ec1d3000 Exception <a 'java/security/PrivilegedActionException'> (0x000000076bd5bfd0) thrown at [J:\jenkins\tmp\workspace\build\src\hotspot\src\share\vm\prims\jvm.cpp, line 1502]
Event: 3.443 Thread 0x00000230ec1d3000 Exception <a 'java/security/PrivilegedActionException'> (0x000000076bd5cff0) thrown at [J:\jenkins\tmp\workspace\build\src\hotspot\src\share\vm\prims\jvm.cpp, line 1502]
Event: 3.443 Thread 0x00000230ec1d3000 Exception <a 'java/security/PrivilegedActionException'> (0x000000076bd5d200) thrown at [J:\jenkins\tmp\workspace\build\src\hotspot\src\share\vm\prims\jvm.cpp, line 1502]
Event: 3.445 Thread 0x00000230ec1d3000 Exception <a 'java/lang/NoClassDefFoundError': org/slf4j/impl/StaticLoggerBinder> (0x000000076bd62e30) thrown at [J:\jenkins\tmp\workspace\build\src\hotspot\src\share\vm\classfile\systemDictionary.cpp, line 199]
Event: 6.153 Thread 0x00000230ec1cf800 Exception <a 'java/lang/NoSuchFieldError': method resolution failed> (0x000000076bebece8) thrown at [J:\jenkins\tmp\workspace\build\src\hotspot\src\share\vm\prims\methodHandles.cpp, line 1167]
Event: 6.161 Thread 0x00000230ec1cf800 Exception <a 'java/lang/NoSuchFieldError': method resolution failed> (0x000000076becc518) thrown at [J:\jenkins\tmp\workspace\build\src\hotspot\src\share\vm\prims\methodHandles.cpp, line 1167]
Event: 52.082 Thread 0x00000230ec904800 Exception <a 'java/net/SocketException': Connection reset by peer: socket write error> (0x000000076ef67388) thrown at [J:\jenkins\tmp\workspace\build\src\hotspot\src\share\vm\prims\jni.cpp, line 737]
Event: 59.213 Thread 0x00000230ec906000 Exception <a 'java/net/SocketException': Connection reset by peer: socket write error> (0x0000000770f512b0) thrown at [J:\jenkins\tmp\workspace\build\src\hotspot\src\share\vm\prims\jni.cpp, line 737]

Events (10 events):
Event: 59.224 Thread 0x00000230ec903000 Thread exited: 0x00000230ec903000
Event: 59.317 Executing VM operation: RevokeBias
Event: 59.318 Executing VM operation: RevokeBias done
Event: 59.318 Thread 0x00000230ec906000 Thread exited: 0x00000230ec906000
Event: 60.505 Thread 0x00000230ec905800 Thread added: 0x00000230ec905800
Event: 60.506 Thread 0x00000230ec903000 Thread added: 0x00000230ec903000
Event: 60.506 Executing VM operation: RevokeBias
Event: 60.506 Executing VM operation: RevokeBias done
Event: 60.506 Executing VM operation: RevokeBias
Event: 60.507 Executing VM operation: RevokeBias done


Dynamic libraries:
0x00007ff629240000 - 0x00007ff62927a000 	C:\Program Files\AdoptOpenJDK\jdk-8.0.252.09-hotspot\bin\java.exe
0x00007ffb9c8c0000 - 0x00007ffb9cab0000 	C:\Windows\SYSTEM32\ntdll.dll
0x00007ffb9b9a0000 - 0x00007ffb9ba52000 	C:\Windows\System32\KERNEL32.DLL
0x00007ffb99bf0000 - 0x00007ffb99e94000 	C:\Windows\System32\KERNELBASE.dll
0x00007ffb9aba0000 - 0x00007ffb9ac43000 	C:\Windows\System32\ADVAPI32.dll
0x00007ffb9ad30000 - 0x00007ffb9adce000 	C:\Windows\System32\msvcrt.dll
0x00007ffb9ac50000 - 0x00007ffb9ace7000 	C:\Windows\System32\sechost.dll
0x00007ffb9ba60000 - 0x00007ffb9bb80000 	C:\Windows\System32\RPCRT4.dll
0x00007ffb9b670000 - 0x00007ffb9b804000 	C:\Windows\System32\USER32.dll
0x00007ffb9a770000 - 0x00007ffb9a791000 	C:\Windows\System32\win32u.dll
0x00007ffb9c630000 - 0x00007ffb9c656000 	C:\Windows\System32\GDI32.dll
0x00007ffb9a7d0000 - 0x00007ffb9a966000 	C:\Windows\System32\gdi32full.dll
0x00007ffb9a6d0000 - 0x00007ffb9a76e000 	C:\Windows\System32\msvcp_win.dll
0x00007ffb99af0000 - 0x00007ffb99bea000 	C:\Windows\System32\ucrtbase.dll
0x00007ffb7f3f0000 - 0x00007ffb7f674000 	C:\Windows\WinSxS\amd64_microsoft.windows.common-controls_6595b64144ccf1df_6.0.18362.959_none_e6c7bbbf130c62bb\COMCTL32.dll
0x00007ffb9c220000 - 0x00007ffb9c555000 	C:\Windows\System32\combase.dll
0x00007ffb99ea0000 - 0x00007ffb99f20000 	C:\Windows\System32\bcryptPrimitives.dll
0x00007ffb9ad00000 - 0x00007ffb9ad2e000 	C:\Windows\System32\IMM32.DLL
0x00007ffb55280000 - 0x00007ffb5536f000 	C:\Program Files\AdoptOpenJDK\jdk-8.0.252.09-hotspot\jre\bin\msvcr120.dll
0x00007ffb54e00000 - 0x00007ffb54ea6000 	C:\Program Files\AdoptOpenJDK\jdk-8.0.252.09-hotspot\jre\bin\msvcp120.dll
0x000000006bad0000 - 0x000000006c2ce000 	C:\Program Files\AdoptOpenJDK\jdk-8.0.252.09-hotspot\jre\bin\server\jvm.dll
0x00007ffb9c870000 - 0x00007ffb9c878000 	C:\Windows\System32\PSAPI.DLL
0x00007ffb91390000 - 0x00007ffb9139a000 	C:\Windows\SYSTEM32\VERSION.dll
0x00007ffb892e0000 - 0x00007ffb89304000 	C:\Windows\SYSTEM32\WINMM.dll
0x00007ffb85d90000 - 0x00007ffb85d99000 	C:\Windows\SYSTEM32\WSOCK32.dll
0x00007ffb9b8c0000 - 0x00007ffb9b92f000 	C:\Windows\System32\WS2_32.dll
0x00007ffb8af40000 - 0x00007ffb8af6d000 	C:\Windows\SYSTEM32\WINMMBASE.dll
0x00007ffb99aa0000 - 0x00007ffb99aea000 	C:\Windows\System32\cfgmgr32.dll
0x00007ffb911d0000 - 0x00007ffb911df000 	C:\Program Files\AdoptOpenJDK\jdk-8.0.252.09-hotspot\jre\bin\verify.dll
0x00007ffb6f2b0000 - 0x00007ffb6f2d8000 	C:\Program Files\AdoptOpenJDK\jdk-8.0.252.09-hotspot\jre\bin\java.dll
0x00007ffb70700000 - 0x00007ffb70735000 	C:\Program Files\AdoptOpenJDK\jdk-8.0.252.09-hotspot\jre\bin\jdwp.dll
0x00007ffb91e40000 - 0x00007ffb91e48000 	C:\Program Files\AdoptOpenJDK\jdk-8.0.252.09-hotspot\jre\bin\npt.dll
0x00007ffb7a570000 - 0x00007ffb7a586000 	C:\Program Files\AdoptOpenJDK\jdk-8.0.252.09-hotspot\jre\bin\zip.dll
0x00007ffb9af80000 - 0x00007ffb9b666000 	C:\Windows\System32\SHELL32.dll
0x00007ffb9ae30000 - 0x00007ffb9aed9000 	C:\Windows\System32\shcore.dll
0x00007ffb99f20000 - 0x00007ffb9a6a2000 	C:\Windows\System32\windows.storage.dll
0x00007ffb99810000 - 0x00007ffb99833000 	C:\Windows\System32\profapi.dll
0x00007ffb997c0000 - 0x00007ffb9980a000 	C:\Windows\System32\powrprof.dll
0x00007ffb99770000 - 0x00007ffb99780000 	C:\Windows\System32\UMPDC.dll
0x00007ffb9add0000 - 0x00007ffb9ae22000 	C:\Windows\System32\shlwapi.dll
0x00007ffb997a0000 - 0x00007ffb997b1000 	C:\Windows\System32\kernel.appcore.dll
0x00007ffb9a6b0000 - 0x00007ffb9a6c7000 	C:\Windows\System32\cryptsp.dll
0x00007ffb8e610000 - 0x00007ffb8e619000 	C:\Program Files\AdoptOpenJDK\jdk-8.0.252.09-hotspot\jre\bin\dt_socket.dll
0x00007ffb67560000 - 0x00007ffb67576000 	C:\Windows\system32\napinsp.dll
0x00007ffb67520000 - 0x00007ffb6753a000 	C:\Windows\system32\pnrpnsp.dll
0x00007ffb98fe0000 - 0x00007ffb99047000 	C:\Windows\System32\mswsock.dll
0x00007ffb98d30000 - 0x00007ffb98dfb000 	C:\Windows\SYSTEM32\DNSAPI.dll
0x00007ffb9c660000 - 0x00007ffb9c668000 	C:\Windows\System32\NSI.dll
0x00007ffb98cf0000 - 0x00007ffb98d2a000 	C:\Windows\SYSTEM32\IPHLPAPI.DLL
0x00007ffb6afa0000 - 0x00007ffb6afae000 	C:\Windows\System32\winrnr.dll
0x00007ffb91300000 - 0x00007ffb9131c000 	C:\Windows\system32\NLAapi.dll
0x00007ffb922f0000 - 0x00007ffb92305000 	C:\Windows\system32\wshbth.dll
0x00007ffb8e0c0000 - 0x00007ffb8e137000 	C:\Windows\System32\fwpuclnt.dll
0x00007ffb9a7a0000 - 0x00007ffb9a7c6000 	C:\Windows\System32\bcrypt.dll
0x00007ffb8c5c0000 - 0x00007ffb8c5ca000 	C:\Windows\System32\rasadhlp.dll
0x00007ffb6bf00000 - 0x00007ffb6bf1a000 	C:\Program Files\AdoptOpenJDK\jdk-8.0.252.09-hotspot\jre\bin\net.dll
0x00007ffb98b50000 - 0x00007ffb98b83000 	C:\Windows\system32\rsaenh.dll
0x00007ffb99660000 - 0x00007ffb99685000 	C:\Windows\SYSTEM32\USERENV.dll
0x00007ffb991b0000 - 0x00007ffb991bc000 	C:\Windows\SYSTEM32\CRYPTBASE.dll
0x00007ffb8f140000 - 0x00007ffb8f156000 	C:\Windows\SYSTEM32\dhcpcsvc6.DLL
0x00007ffb8f700000 - 0x00007ffb8f71c000 	C:\Windows\SYSTEM32\dhcpcsvc.DLL
0x00007ffb6bee0000 - 0x00007ffb6bef2000 	C:\Program Files\AdoptOpenJDK\jdk-8.0.252.09-hotspot\jre\bin\nio.dll
0x000000006e740000 - 0x000000006fda5000 	C:\Users\rando\AppData\Local\Temp\xuggle\xuggle9180191980128410613.dll
0x00007ffb9aa40000 - 0x00007ffb9ab97000 	C:\Windows\System32\ole32.dll
0x00007ffb8e2d0000 - 0x00007ffb8e2e8000 	C:\Windows\SYSTEM32\AVICAP32.dll
0x00007ffb5fad0000 - 0x00007ffb5faf9000 	C:\Windows\SYSTEM32\MSVFW32.dll
0x00007ffb8ca00000 - 0x00007ffb8ca0c000 	C:\Program Files\AdoptOpenJDK\jdk-8.0.252.09-hotspot\jre\bin\jsound.dll
0x00007ffb8c9f0000 - 0x00007ffb8c9fb000 	C:\Program Files\AdoptOpenJDK\jdk-8.0.252.09-hotspot\jre\bin\jsoundds.dll
0x00007ffb4c390000 - 0x00007ffb4c429000 	C:\Windows\SYSTEM32\DSOUND.dll
0x00007ffb906f0000 - 0x00007ffb90762000 	C:\Windows\SYSTEM32\MMDevAPI.DLL
0x00007ffb99570000 - 0x00007ffb9959a000 	C:\Windows\SYSTEM32\DEVOBJ.dll
0x00007ffb946b0000 - 0x00007ffb94749000 	C:\Windows\system32\uxtheme.dll
0x00007ffb54880000 - 0x00007ffb548c4000 	C:\Windows\SYSTEM32\wdmaud.drv
0x00007ffb91e20000 - 0x00007ffb91e29000 	C:\Windows\SYSTEM32\ksuser.dll
0x00007ffb913a0000 - 0x00007ffb913aa000 	C:\Windows\SYSTEM32\AVRT.dll
0x00007ffb908e0000 - 0x00007ffb90a3d000 	C:\Windows\SYSTEM32\AUDIOSES.DLL
0x00007ffb9c560000 - 0x00007ffb9c625000 	C:\Windows\System32\OLEAUT32.dll
0x00007ffb92330000 - 0x00007ffb92483000 	C:\Windows\SYSTEM32\wintypes.dll
0x00007ffb82ff0000 - 0x00007ffb82ffd000 	C:\Windows\SYSTEM32\msacm32.drv
0x00007ffb54810000 - 0x00007ffb5482c000 	C:\Windows\SYSTEM32\MSACM32.dll
0x00007ffb82610000 - 0x00007ffb8261a000 	C:\Windows\SYSTEM32\midimap.dll
0x00007ffb9b810000 - 0x00007ffb9b8b2000 	C:\Windows\System32\clbcatq.dll
0x00007ffb949e0000 - 0x00007ffb949f4000 	C:\Windows\SYSTEM32\resourcepolicyclient.dll
0x00007ffb7b2f0000 - 0x00007ffb7b441000 	C:\Windows\System32\Windows.UI.dll
0x00007ffb82710000 - 0x00007ffb827ae000 	C:\Windows\System32\TextInputFramework.dll
0x00007ffb80790000 - 0x00007ffb808ab000 	C:\Windows\System32\InputHost.dll
0x00007ffb7ca20000 - 0x00007ffb7cd4a000 	C:\Windows\System32\CoreUIComponents.dll
0x00007ffb94270000 - 0x00007ffb94344000 	C:\Windows\System32\CoreMessaging.dll
0x00007ffb92cd0000 - 0x00007ffb92dc0000 	C:\Windows\System32\PROPSYS.dll
0x00007ffb987b0000 - 0x00007ffb987e1000 	C:\Windows\SYSTEM32\ntmarta.dll
0x00007ffb94ea0000 - 0x00007ffb95094000 	C:\Windows\SYSTEM32\dbghelp.dll

VM Arguments:
jvm_args: -agentlib:jdwp=transport=dt_socket,server=n,suspend=y,address=localhost:53678 -Dfile.encoding=UTF-8 
java_command: com.app.App
java_class_path (initial): C:\Users\rando\AppData\Local\Temp\cp_ds6hjpws035egcdxzqclh0x8q.jar
Launcher Type: SUN_STANDARD

Environment Variables:
JAVA_HOME=C:\Program Files\AdoptOpenJDK\jdk-8.0.252.09-hotspot
PATH=C:\Python38\Scripts\;C:\Python38\;C:\Windows\system32;C:\Windows;C:\Windows\System32\Wbem;C:\Windows\System32\WindowsPowerShell\v1.0\;C:\Windows\System32\OpenSSH\;C:\Program Files (x86)\NVIDIA Corporation\PhysX\Common;C:\Program Files\NVIDIA Corporation\NVIDIA NvDLISR;C:\Program Files\Intel\WiFi\bin\;C:\Program Files\Common Files\Intel\WirelessCommon\;C:\Program Files\Microsoft SQL Server\130\Tools\Binn\;C:\Program Files\Microsoft SQL Server\Client SDK\ODBC\170\Tools\Binn\;C:\Program Files\Git\cmd;C:\Program Files\dotnet\;C:\Program Files\nodejs\;C:\ProgramData\chocolatey\bin;C:\Users\rando\AppData\Local\Microsoft\WindowsApps;C:\Users\rando\AppData\Local\atom\bin;C:\MinGW\bin;C:\Users\rando\AppData\Local\Programs\Microsoft VS Code\bin;C:\Program Files\AdoptOpenJDK\jdk-8.0.252.09-hotspot\bin;C:\Program Files\apache-maven-3.6.3\bin;C:\Program Files\PostgreSQL\12\bin;C:\Users\rando\.dotnet\tools;C:\Users\rando\AppData\Roaming\npm;
USERNAME=rando
OS=Windows_NT
PROCESSOR_IDENTIFIER=Intel64 Family 6 Model 158 Stepping 10, GenuineIntel



---------------  S Y S T E M  ---------------

OS: Windows 10.0 , 64 bit Build 18362 (10.0.18362.959)

CPU:total 12 (initial active 12) (6 cores per cpu, 2 threads per core) family 6 model 158 stepping 10, cmov, cx8, fxsr, mmx, sse, sse2, sse3, ssse3, sse4.1, sse4.2, popcnt, avx, avx2, aes, clmul, erms, 3dnowpref, lzcnt, ht, tsc, tscinvbit, bmi1, bmi2, adx

Memory: 4k page, physical 16618432k(6637988k free), swap 20450532k(2836228k free)

vm_info: OpenJDK 64-Bit Server VM (25.252-b09) for windows-amd64 JRE (1.8.0_252-b09), built on Apr 22 2020 09:32:45 by "jenkins" with MS VC++ 12.0 (VS2013)

time: Sun Aug 02 18:55:07 2020
timezone: ???? (?W?€??)
elapsed time: 60 seconds (0d 0h 1m 0s)

