#
# A fatal error has been detected by the Java Runtime Environment:
#
#  EXCEPTION_ACCESS_VIOLATION (0xc0000005) at pc=0x000000006ee76520, pid=19452, tid=0x0000000000004f7c
#
# JRE version: OpenJDK Runtime Environment (8.0_252-b09) (build 1.8.0_252-b09)
# Java VM: OpenJDK 64-Bit Server VM (25.252-b09 mixed mode windows-amd64 compressed oops)
# Problematic frame:
# C  [xuggle2250890949347948772.dll+0x736520]
#
# Failed to write core dump. Minidumps are not enabled by default on client versions of Windows
#
# If you would like to submit a bug report, please visit:
#   http://bugreport.java.com/bugreport/crash.jsp
# The crash happened outside the Java Virtual Machine in native code.
# See problematic frame for where to report the bug.
#

---------------  T H R E A D  ---------------

Current thread (0x000001c8e63ad800):  JavaThread "Thread-0" [_thread_in_native, id=20348, stack(0x0000003d91000000,0x0000003d91100000)]

siginfo: ExceptionCode=0xc0000005, reading address 0xffffffffffffffff

Registers:
RAX=0x000001c8e6f120d0, RBX=0x000001c8f1170120, RCX=0x000001c8e6f120d0, RDX=0x0000000000000009
RSP=0x0000003d910fdf90, RBP=0x000001c8e6f11810, RSI=0x000001c8e6f130d0, RDI=0x0000000000000004
R8 =0x000000006ee77580, R9 =0x000000006ee76490, R10=0x000001c8e6e998e0, R11=0x000001c8e6ead180
R12=0x000001c8e6ead980, R13=0x0000000000000004, R14=0x0000000000000184, R15=0x000000006fab8f20
RIP=0x000000006ee76520, EFLAGS=0x0000000000010202

Top of Stack: (sp=0x0000003d910fdf90)
0x0000003d910fdf90:   000000006ee76665 000000006ee774c5
0x0000003d910fdfa0:   000000006ee77505 000000006ee77545
0x0000003d910fdfb0:   000000006ee77585 000000006ee79426
0x0000003d910fdfc0:   000000006fab8f20 000001c8e6f120d0
0x0000003d910fdfd0:   000001c8f11725e0 000001c8b0000cbc
0x0000003d910fdfe0:   3fe0000000000000 0000000000000000
0x0000003d910fdff0:   40c7760000000000 0000000000000000
0x0000003d910fe000:   3fe0000000000000 0000000000000001
0x0000003d910fe010:   000001c8f11735e0 000000006ea45d24
0x0000003d910fe020:   3f40624dd2f1a9fc 0000000000000000
0x0000003d910fe030:   0000000000000000 0000000000000000
0x0000003d910fe040:   0000000000000000 0000000000000000
0x0000003d910fe050:   000001c8f117c4e0 000000006fab7320
0x0000003d910fe060:   000001c8e6e388b0 000001c8f1170080
0x0000003d910fe070:   0000000000000001 000001c8e6f11810
0x0000003d910fe080:   000001c8e6f11890 0000000000000000 

Instructions: (pc=0x000000006ee76520)
0x000000006ee76500:   c4 e3 5d 0c c0 55 c5 e4 5c c8 c5 e4 58 c0 c5 fc
0x000000006ee76510:   29 01 c5 fc 29 49 20 c3 0f 1f 84 00 00 00 00 00
0x000000006ee76520:   c5 fc 28 51 40 c5 fc 28 59 60 c5 ec 5c fb c5 ec
0x000000006ee76530:   58 d3 c5 c4 57 3d 26 41 84 00 c5 ec c6 df be c5 


Register to memory mapping:

RAX=0x000001c8e6f120d0 is an unknown value
RBX=0x000001c8f1170120 is an unknown value
RCX=0x000001c8e6f120d0 is an unknown value
RDX=0x0000000000000009 is an unknown value
RSP=0x0000003d910fdf90 is pointing into the stack for thread: 0x000001c8e63ad800
RBP=0x000001c8e6f11810 is an unknown value
RSI=0x000001c8e6f130d0 is an unknown value
RDI=0x0000000000000004 is an unknown value
R8 =0x000000006ee77580 is an unknown value
R9 =0x000000006ee76490 is an unknown value
R10=0x000001c8e6e998e0 is an unknown value
R11=0x000001c8e6ead180 is an unknown value
R12=0x000001c8e6ead980 is an unknown value
R13=0x0000000000000004 is an unknown value
R14=0x0000000000000184 is an unknown value
R15=0x000000006fab8f20 is an unknown value


Stack: [0x0000003d91000000,0x0000003d91100000],  sp=0x0000003d910fdf90,  free space=1015k
Native frames: (J=compiled Java code, j=interpreted, Vv=VM code, C=native code)
C  [xuggle2250890949347948772.dll+0x736520]

Java frames: (J=compiled Java code, j=interpreted, Vv=VM code)
j  com.xuggle.xuggler.XugglerJNI.IContainer_open__SWIG_0(JLcom/xuggle/xuggler/IContainer;Ljava/lang/String;IJLcom/xuggle/xuggler/IContainerFormat;)I+0
j  com.xuggle.xuggler.IContainer.open(Ljava/lang/String;Lcom/xuggle/xuggler/IContainer$Type;Lcom/xuggle/xuggler/IContainerFormat;)I+15
j  com.app.PlayerController.run()V+177
v  ~StubRoutines::call_stub

---------------  P R O C E S S  ---------------

Java Threads: ( => current thread )
  0x000001c8e68c7800 JavaThread "Java Sound Event Dispatcher" daemon [_thread_blocked, id=8652, stack(0x0000003d91300000,0x0000003d91400000)]
=>0x000001c8e63ad800 JavaThread "Thread-0" [_thread_in_native, id=20348, stack(0x0000003d91000000,0x0000003d91100000)]
  0x000001c8e62cc000 JavaThread "Service Thread" daemon [_thread_blocked, id=15296, stack(0x0000003d90e00000,0x0000003d90f00000)]
  0x000001c8e6242800 JavaThread "C1 CompilerThread3" daemon [_thread_blocked, id=23104, stack(0x0000003d90d00000,0x0000003d90e00000)]
  0x000001c8e623d800 JavaThread "C2 CompilerThread2" daemon [_thread_blocked, id=17684, stack(0x0000003d90c00000,0x0000003d90d00000)]
  0x000001c8e4b7e000 JavaThread "C2 CompilerThread1" daemon [_thread_blocked, id=17432, stack(0x0000003d90b00000,0x0000003d90c00000)]
  0x000001c8e4b7c800 JavaThread "C2 CompilerThread0" daemon [_thread_blocked, id=8920, stack(0x0000003d90a00000,0x0000003d90b00000)]
  0x000001c8e4b7b000 JavaThread "JDWP Command Reader" daemon [_thread_in_native, id=25156, stack(0x0000003d90900000,0x0000003d90a00000)]
  0x000001c8e4b72000 JavaThread "JDWP Event Helper Thread" daemon [_thread_blocked, id=7860, stack(0x0000003d90800000,0x0000003d90900000)]
  0x000001c8e4b6e800 JavaThread "JDWP Transport Listener: dt_socket" daemon [_thread_blocked, id=20088, stack(0x0000003d90700000,0x0000003d90800000)]
  0x000001c8e6232800 JavaThread "Attach Listener" daemon [_thread_blocked, id=15372, stack(0x0000003d90600000,0x0000003d90700000)]
  0x000001c8e4b2e000 JavaThread "Signal Dispatcher" daemon [_thread_blocked, id=19744, stack(0x0000003d90500000,0x0000003d90600000)]
  0x000001c8e4b15000 JavaThread "Finalizer" daemon [_thread_blocked, id=24668, stack(0x0000003d90400000,0x0000003d90500000)]
  0x000001c8e4b0d000 JavaThread "Reference Handler" daemon [_thread_blocked, id=17792, stack(0x0000003d90300000,0x0000003d90400000)]
  0x000001c8c8d78800 JavaThread "main" [_thread_in_native, id=2900, stack(0x0000003d8f700000,0x0000003d8f800000)]

Other Threads:
  0x000001c8e4ae1800 VMThread [stack: 0x0000003d90200000,0x0000003d90300000] [id=9600]
  0x000001c8e62cc800 WatcherThread [stack: 0x0000003d90f00000,0x0000003d91000000] [id=12364]

VM state:not at safepoint (normal execution)

VM Mutex/Monitor currently owned by a thread: None

heap address: 0x00000006c2600000, size: 4058 MB, Compressed Oops mode: Zero based, Oop shift amount: 3
Narrow klass base: 0x0000000000000000, Narrow klass shift: 3
Compressed class space size: 1073741824 Address: 0x00000007c0000000

Heap:
 PSYoungGen      total 276992K, used 35509K [0x000000076b780000, 0x0000000786700000, 0x00000007c0000000)
  eden space 121344K, 28% used [0x000000076b780000,0x000000076d998da8,0x0000000772e00000)
  from space 155648K, 0% used [0x000000077cf00000,0x000000077cf94710,0x0000000786700000)
  to   space 160256K, 0% used [0x0000000772e00000,0x0000000772e00000,0x000000077ca80000)
 ParOldGen       total 248832K, used 129955K [0x00000006c2600000, 0x00000006d1900000, 0x000000076b780000)
  object space 248832K, 52% used [0x00000006c2600000,0x00000006ca4e8d28,0x00000006d1900000)
 Metaspace       used 6507K, capacity 6712K, committed 6912K, reserved 1056768K
  class space    used 681K, capacity 767K, committed 768K, reserved 1048576K

Card table byte_map: [0x000001c8d9fb0000,0x000001c8da7a0000] byte_map_base: 0x000001c8d699d000

Marking Bits: (ParMarkBitMap*) 0x000000006c255010
 Begin Bits: [0x000001c8dacf0000, 0x000001c8dec58000)
 End Bits:   [0x000001c8dec58000, 0x000001c8e2bc0000)

Polling page: 0x000001c8c8d30000

CodeCache: size=245760Kb used=2964Kb max_used=2966Kb free=242795Kb
 bounds [0x000001c8cabf0000, 0x000001c8caee0000, 0x000001c8d9bf0000]
 total_blobs=1090 nmethods=733 adapters=279
 compilation: enabled

Compilation events (10 events):
Event: 159.501 Thread 0x000001c8e4b7c800 nmethod 733 0x000001c8cacf2110 code [0x000001c8cacf2260, 0x000001c8cacf2348]
Event: 159.501 Thread 0x000001c8e6242800 nmethod 731 0x000001c8caed5610 code [0x000001c8caed57e0, 0x000001c8caed60a0]
Event: 159.501 Thread 0x000001c8e6242800  732   !   3       java.lang.ref.Finalizer::remove (94 bytes)
Event: 159.501 Thread 0x000001c8e6242800 nmethod 732 0x000001c8caecf050 code [0x000001c8caecf1e0, 0x000001c8caecf6f8]
Event: 159.501 Thread 0x000001c8e6242800  734       1       java.lang.ref.Reference::clear (6 bytes)
Event: 159.501 Thread 0x000001c8e6242800 nmethod 734 0x000001c8caec6910 code [0x000001c8caec6a60, 0x000001c8caec6b98]
Event: 169.374 Thread 0x000001c8e6242800  736       3       java.net.DualStackPlainSocketImpl::socketAvailable (10 bytes)
Event: 169.375 Thread 0x000001c8e6242800 nmethod 736 0x000001c8cacfe550 code [0x000001c8cacfe6c0, 0x000001c8cacfe880]
Event: 169.875 Thread 0x000001c8e6242800  738       3       com.app.Music::put (9 bytes)
Event: 169.875 Thread 0x000001c8e6242800 nmethod 738 0x000001c8cacfb990 code [0x000001c8cacfbb00, 0x000001c8cacfbcd0]

GC Heap History (10 events):
Event: 151.888 GC heap before
{Heap before GC invocations=20 (full 2):
 PSYoungGen      total 296960K, used 249046K [0x000000076b780000, 0x0000000787d00000, 0x00000007c0000000)
  eden space 139776K, 99% used [0x000000076b780000,0x0000000773fea6f8,0x0000000774000000)
  from space 157184K, 69% used [0x0000000774400000,0x000000077aecb200,0x000000077dd80000)
  to   space 162304K, 0% used [0x000000077de80000,0x000000077de80000,0x0000000787d00000)
 ParOldGen       total 248832K, used 129955K [0x00000006c2600000, 0x00000006d1900000, 0x000000076b780000)
  object space 248832K, 52% used [0x00000006c2600000,0x00000006ca4e8d28,0x00000006d1900000)
 Metaspace       used 6502K, capacity 6712K, committed 6912K, reserved 1056768K
  class space    used 680K, capacity 767K, committed 768K, reserved 1048576K
Event: 151.890 GC heap after
Heap after GC invocations=20 (full 2):
 PSYoungGen      total 297984K, used 4226K [0x000000076b780000, 0x0000000788000000, 0x00000007c0000000)
  eden space 135680K, 0% used [0x000000076b780000,0x000000076b780000,0x0000000773c00000)
  from space 162304K, 2% used [0x000000077de80000,0x000000077e2a0b80,0x0000000787d00000)
  to   space 165888K, 0% used [0x0000000773c00000,0x0000000773c00000,0x000000077de00000)
 ParOldGen       total 248832K, used 129955K [0x00000006c2600000, 0x00000006d1900000, 0x000000076b780000)
  object space 248832K, 52% used [0x00000006c2600000,0x00000006ca4e8d28,0x00000006d1900000)
 Metaspace       used 6502K, capacity 6712K, committed 6912K, reserved 1056768K
  class space    used 680K, capacity 767K, committed 768K, reserved 1048576K
}
Event: 159.486 GC heap before
{Heap before GC invocations=21 (full 2):
 PSYoungGen      total 297984K, used 139906K [0x000000076b780000, 0x0000000788000000, 0x00000007c0000000)
  eden space 135680K, 100% used [0x000000076b780000,0x0000000773c00000,0x0000000773c00000)
  from space 162304K, 2% used [0x000000077de80000,0x000000077e2a0b80,0x0000000787d00000)
  to   space 165888K, 0% used [0x0000000773c00000,0x0000000773c00000,0x000000077de00000)
 ParOldGen       total 248832K, used 129955K [0x00000006c2600000, 0x00000006d1900000, 0x000000076b780000)
  object space 248832K, 52% used [0x00000006c2600000,0x00000006ca4e8d28,0x00000006d1900000)
 Metaspace       used 6503K, capacity 6712K, committed 6912K, reserved 1056768K
  class space    used 680K, capacity 767K, committed 768K, reserved 1048576K
Event: 159.492 GC heap after
Heap after GC invocations=21 (full 2):
 PSYoungGen      total 186880K, used 54535K [0x000000076b780000, 0x0000000786e80000, 0x00000007c0000000)
  eden space 132096K, 0% used [0x000000076b780000,0x000000076b780000,0x0000000773880000)
  from space 54784K, 99% used [0x0000000773c00000,0x0000000777141f98,0x0000000777180000)
  to   space 158720K, 0% used [0x000000077d380000,0x000000077d380000,0x0000000786e80000)
 ParOldGen       total 248832K, used 129955K [0x00000006c2600000, 0x00000006d1900000, 0x000000076b780000)
  object space 248832K, 52% used [0x00000006c2600000,0x00000006ca4e8d28,0x00000006d1900000)
 Metaspace       used 6503K, capacity 6712K, committed 6912K, reserved 1056768K
  class space    used 680K, capacity 767K, committed 768K, reserved 1048576K
}
Event: 171.874 GC heap before
{Heap before GC invocations=22 (full 2):
 PSYoungGen      total 186880K, used 186631K [0x000000076b780000, 0x0000000786e80000, 0x00000007c0000000)
  eden space 132096K, 100% used [0x000000076b780000,0x0000000773880000,0x0000000773880000)
  from space 54784K, 99% used [0x0000000773c00000,0x0000000777141f98,0x0000000777180000)
  to   space 158720K, 0% used [0x000000077d380000,0x000000077d380000,0x0000000786e80000)
 ParOldGen       total 248832K, used 129955K [0x00000006c2600000, 0x00000006d1900000, 0x000000076b780000)
  object space 248832K, 52% used [0x00000006c2600000,0x00000006ca4e8d28,0x00000006d1900000)
 Metaspace       used 6503K, capacity 6712K, committed 6912K, reserved 1056768K
  class space    used 680K, capacity 767K, committed 768K, reserved 1048576K
Event: 171.875 GC heap after
Heap after GC invocations=22 (full 2):
 PSYoungGen      total 287232K, used 781K [0x000000076b780000, 0x0000000787000000, 0x00000007c0000000)
  eden space 128512K, 0% used [0x000000076b780000,0x000000076b780000,0x0000000773500000)
  from space 158720K, 0% used [0x000000077d380000,0x000000077d443588,0x0000000786e80000)
  to   space 161280K, 0% used [0x0000000773500000,0x0000000773500000,0x000000077d280000)
 ParOldGen       total 248832K, used 129955K [0x00000006c2600000, 0x00000006d1900000, 0x000000076b780000)
  object space 248832K, 52% used [0x00000006c2600000,0x00000006ca4e8d28,0x00000006d1900000)
 Metaspace       used 6503K, capacity 6712K, committed 6912K, reserved 1056768K
  class space    used 680K, capacity 767K, committed 768K, reserved 1048576K
}
Event: 183.903 GC heap before
{Heap before GC invocations=23 (full 2):
 PSYoungGen      total 287232K, used 129293K [0x000000076b780000, 0x0000000787000000, 0x00000007c0000000)
  eden space 128512K, 100% used [0x000000076b780000,0x0000000773500000,0x0000000773500000)
  from space 158720K, 0% used [0x000000077d380000,0x000000077d443588,0x0000000786e80000)
  to   space 161280K, 0% used [0x0000000773500000,0x0000000773500000,0x000000077d280000)
 ParOldGen       total 248832K, used 129955K [0x00000006c2600000, 0x00000006d1900000, 0x000000076b780000)
  object space 248832K, 52% used [0x00000006c2600000,0x00000006ca4e8d28,0x00000006d1900000)
 Metaspace       used 6503K, capacity 6712K, committed 6912K, reserved 1056768K
  class space    used 680K, capacity 767K, committed 768K, reserved 1048576K
Event: 183.904 GC heap after
Heap after GC invocations=23 (full 2):
 PSYoungGen      total 125952K, used 561K [0x000000076b780000, 0x0000000786c80000, 0x00000007c0000000)
  eden space 124928K, 0% used [0x000000076b780000,0x000000076b780000,0x0000000773180000)
  from space 1024K, 54% used [0x0000000773500000,0x000000077358c710,0x0000000773600000)
  to   space 161280K, 0% used [0x000000077cf00000,0x000000077cf00000,0x0000000786c80000)
 ParOldGen       total 248832K, used 129955K [0x00000006c2600000, 0x00000006d1900000, 0x000000076b780000)
  object space 248832K, 52% used [0x00000006c2600000,0x00000006ca4e8d28,0x00000006d1900000)
 Metaspace       used 6503K, capacity 6712K, committed 6912K, reserved 1056768K
  class space    used 680K, capacity 767K, committed 768K, reserved 1048576K
}
Event: 195.573 GC heap before
{Heap before GC invocations=24 (full 2):
 PSYoungGen      total 125952K, used 125489K [0x000000076b780000, 0x0000000786c80000, 0x00000007c0000000)
  eden space 124928K, 100% used [0x000000076b780000,0x0000000773180000,0x0000000773180000)
  from space 1024K, 54% used [0x0000000773500000,0x000000077358c710,0x0000000773600000)
  to   space 161280K, 0% used [0x000000077cf00000,0x000000077cf00000,0x0000000786c80000)
 ParOldGen       total 248832K, used 129955K [0x00000006c2600000, 0x00000006d1900000, 0x000000076b780000)
  object space 248832K, 52% used [0x00000006c2600000,0x00000006ca4e8d28,0x00000006d1900000)
 Metaspace       used 6503K, capacity 6712K, committed 6912K, reserved 1056768K
  class space    used 680K, capacity 767K, committed 768K, reserved 1048576K
Event: 195.574 GC heap after
Heap after GC invocations=24 (full 2):
 PSYoungGen      total 276992K, used 593K [0x000000076b780000, 0x0000000786700000, 0x00000007c0000000)
  eden space 121344K, 0% used [0x000000076b780000,0x000000076b780000,0x0000000772e00000)
  from space 155648K, 0% used [0x000000077cf00000,0x000000077cf94710,0x0000000786700000)
  to   space 160256K, 0% used [0x0000000772e00000,0x0000000772e00000,0x000000077ca80000)
 ParOldGen       total 248832K, used 129955K [0x00000006c2600000, 0x00000006d1900000, 0x000000076b780000)
  object space 248832K, 52% used [0x00000006c2600000,0x00000006ca4e8d28,0x00000006d1900000)
 Metaspace       used 6503K, capacity 6712K, committed 6912K, reserved 1056768K
  class space    used 680K, capacity 767K, committed 768K, reserved 1048576K
}

Deoptimization events (10 events):
Event: 10.375 Thread 0x000001c8c8d78800 Uncommon trap: reason=unstable_if action=reinterpret pc=0x000001c8cae6bf50 method=com.app.Music$MyByteStream.put([B)V @ 124
Event: 10.554 Thread 0x000001c8e6935800 Uncommon trap: reason=unstable_if action=reinterpret pc=0x000001c8cae3936c method=java.util.concurrent.locks.AbstractQueuedSynchronizer.transferForSignal(Ljava/util/concurrent/locks/AbstractQueuedSynchronizer$Node;)Z @ 33
Event: 18.177 Thread 0x000001c8c8d78800 Uncommon trap: reason=unstable_if action=reinterpret pc=0x000001c8cae27384 method=java.util.concurrent.locks.AbstractQueuedSynchronizer.unparkSuccessor(Ljava/util/concurrent/locks/AbstractQueuedSynchronizer$Node;)V @ 6
Event: 51.374 Thread 0x000001c8c8d78800 Uncommon trap: reason=unstable_if action=reinterpret pc=0x000001c8cae8c848 method=com.app.Music$MyByteStream.put([B)V @ 97
Event: 159.500 Thread 0x000001c8e4b15000 Uncommon trap: reason=unstable_if action=reinterpret pc=0x000001c8caeaf690 method=java.lang.ref.Finalizer.remove()V @ 10
Event: 159.500 Thread 0x000001c8e4b15000 Uncommon trap: reason=unstable_if action=reinterpret pc=0x000001c8caead9e0 method=java.lang.ref.Finalizer.remove()V @ 10
Event: 159.500 Thread 0x000001c8e4b15000 Uncommon trap: reason=unstable_if action=reinterpret pc=0x000001c8caea2938 method=java.lang.ref.Finalizer.remove()V @ 10
Event: 198.715 Thread 0x000001c8e6935800 Uncommon trap: reason=unstable_if action=reinterpret pc=0x000001c8cae4d300 method=com.app.Music.run()V @ 62
Event: 198.715 Thread 0x000001c8e6935800 Uncommon trap: reason=unstable_if action=reinterpret pc=0x000001c8cae8acc0 method=sun.nio.cs.UTF_8$Encoder.encodeArrayLoop(Ljava/nio/CharBuffer;Ljava/nio/ByteBuffer;)Ljava/nio/charset/CoderResult; @ 87
Event: 211.412 Thread 0x000001c8e63ad800 Uncommon trap: reason=unstable_if action=reinterpret pc=0x000001c8caec9998 method=java.io.PrintStream.write(Ljava/lang/String;)V @ 43

Classes redefined (0 events):
No events

Internal exceptions (10 events):
Event: 3.497 Thread 0x000001c8e63ad800 Exception <a 'java/security/PrivilegedActionException'> (0x000000076bc45b18) thrown at [J:\jenkins\tmp\workspace\build\src\hotspot\src\share\vm\prims\jvm.cpp, line 1502]
Event: 3.498 Thread 0x000001c8e63ad800 Exception <a 'java/security/PrivilegedActionException'> (0x000000076bc46bf0) thrown at [J:\jenkins\tmp\workspace\build\src\hotspot\src\share\vm\prims\jvm.cpp, line 1502]
Event: 3.498 Thread 0x000001c8e63ad800 Exception <a 'java/security/PrivilegedActionException'> (0x000000076bc46e00) thrown at [J:\jenkins\tmp\workspace\build\src\hotspot\src\share\vm\prims\jvm.cpp, line 1502]
Event: 3.498 Thread 0x000001c8e63ad800 Exception <a 'java/security/PrivilegedActionException'> (0x000000076bc47e78) thrown at [J:\jenkins\tmp\workspace\build\src\hotspot\src\share\vm\prims\jvm.cpp, line 1502]
Event: 3.499 Thread 0x000001c8e63ad800 Exception <a 'java/security/PrivilegedActionException'> (0x000000076bc48088) thrown at [J:\jenkins\tmp\workspace\build\src\hotspot\src\share\vm\prims\jvm.cpp, line 1502]
Event: 3.499 Thread 0x000001c8e63ad800 Exception <a 'java/security/PrivilegedActionException'> (0x000000076bc490a8) thrown at [J:\jenkins\tmp\workspace\build\src\hotspot\src\share\vm\prims\jvm.cpp, line 1502]
Event: 3.499 Thread 0x000001c8e63ad800 Exception <a 'java/security/PrivilegedActionException'> (0x000000076bc492b8) thrown at [J:\jenkins\tmp\workspace\build\src\hotspot\src\share\vm\prims\jvm.cpp, line 1502]
Event: 3.501 Thread 0x000001c8e63ad800 Exception <a 'java/lang/NoClassDefFoundError': org/slf4j/impl/StaticLoggerBinder> (0x000000076bc4eee8) thrown at [J:\jenkins\tmp\workspace\build\src\hotspot\src\share\vm\classfile\systemDictionary.cpp, line 199]
Event: 6.129 Thread 0x000001c8c8d78800 Exception <a 'java/lang/NoSuchFieldError': method resolution failed> (0x000000076bf878c0) thrown at [J:\jenkins\tmp\workspace\build\src\hotspot\src\share\vm\prims\methodHandles.cpp, line 1167]
Event: 6.133 Thread 0x000001c8c8d78800 Exception <a 'java/lang/NoSuchFieldError': method resolution failed> (0x000000076bf95148) thrown at [J:\jenkins\tmp\workspace\build\src\hotspot\src\share\vm\prims\methodHandles.cpp, line 1167]

Events (10 events):
Event: 198.715 Thread 0x000001c8e6935800 DEOPT PACKING pc=0x000001c8cae8acc0 sp=0x0000003d917fed60
Event: 198.715 Thread 0x000001c8e6935800 DEOPT UNPACKING pc=0x000001c8cac35583 sp=0x0000003d917fed10 mode 2
Event: 198.715 loading class sun/net/ResourceManager
Event: 198.716 loading class sun/net/ResourceManager done
Event: 198.716 Executing VM operation: RevokeBias
Event: 198.716 Executing VM operation: RevokeBias done
Event: 198.716 Thread 0x000001c8e6935800 Thread exited: 0x000001c8e6935800
Event: 211.412 Thread 0x000001c8e63ad800 Uncommon trap: trap_request=0xffffff65 fr.pc=0x000001c8caec9998
Event: 211.412 Thread 0x000001c8e63ad800 DEOPT PACKING pc=0x000001c8caec9998 sp=0x0000003d910ff210
Event: 211.412 Thread 0x000001c8e63ad800 DEOPT UNPACKING pc=0x000001c8cac35583 sp=0x0000003d910ff158 mode 2


Dynamic libraries:
0x00007ff629240000 - 0x00007ff62927a000 	C:\Program Files\AdoptOpenJDK\jdk-8.0.252.09-hotspot\bin\java.exe
0x00007ffb9c8c0000 - 0x00007ffb9cab0000 	C:\Windows\SYSTEM32\ntdll.dll
0x00007ffb9b9a0000 - 0x00007ffb9ba52000 	C:\Windows\System32\KERNEL32.DLL
0x00007ffb99bf0000 - 0x00007ffb99e94000 	C:\Windows\System32\KERNELBASE.dll
0x00007ffb9aba0000 - 0x00007ffb9ac43000 	C:\Windows\System32\ADVAPI32.dll
0x00007ffb9ad30000 - 0x00007ffb9adce000 	C:\Windows\System32\msvcrt.dll
0x00007ffb9ac50000 - 0x00007ffb9ace7000 	C:\Windows\System32\sechost.dll
0x00007ffb9ba60000 - 0x00007ffb9bb80000 	C:\Windows\System32\RPCRT4.dll
0x00007ffb9b670000 - 0x00007ffb9b804000 	C:\Windows\System32\USER32.dll
0x00007ffb9a770000 - 0x00007ffb9a791000 	C:\Windows\System32\win32u.dll
0x00007ffb9c630000 - 0x00007ffb9c656000 	C:\Windows\System32\GDI32.dll
0x00007ffb9a7d0000 - 0x00007ffb9a966000 	C:\Windows\System32\gdi32full.dll
0x00007ffb9a6d0000 - 0x00007ffb9a76e000 	C:\Windows\System32\msvcp_win.dll
0x00007ffb99af0000 - 0x00007ffb99bea000 	C:\Windows\System32\ucrtbase.dll
0x00007ffb7f3f0000 - 0x00007ffb7f674000 	C:\Windows\WinSxS\amd64_microsoft.windows.common-controls_6595b64144ccf1df_6.0.18362.959_none_e6c7bbbf130c62bb\COMCTL32.dll
0x00007ffb9c220000 - 0x00007ffb9c555000 	C:\Windows\System32\combase.dll
0x00007ffb99ea0000 - 0x00007ffb99f20000 	C:\Windows\System32\bcryptPrimitives.dll
0x00007ffb9ad00000 - 0x00007ffb9ad2e000 	C:\Windows\System32\IMM32.DLL
0x00007ffb55280000 - 0x00007ffb5536f000 	C:\Program Files\AdoptOpenJDK\jdk-8.0.252.09-hotspot\jre\bin\msvcr120.dll
0x00007ffb54e00000 - 0x00007ffb54ea6000 	C:\Program Files\AdoptOpenJDK\jdk-8.0.252.09-hotspot\jre\bin\msvcp120.dll
0x000000006bad0000 - 0x000000006c2ce000 	C:\Program Files\AdoptOpenJDK\jdk-8.0.252.09-hotspot\jre\bin\server\jvm.dll
0x00007ffb9c870000 - 0x00007ffb9c878000 	C:\Windows\System32\PSAPI.DLL
0x00007ffb85d90000 - 0x00007ffb85d99000 	C:\Windows\SYSTEM32\WSOCK32.dll
0x00007ffb91390000 - 0x00007ffb9139a000 	C:\Windows\SYSTEM32\VERSION.dll
0x00007ffb892e0000 - 0x00007ffb89304000 	C:\Windows\SYSTEM32\WINMM.dll
0x00007ffb9b8c0000 - 0x00007ffb9b92f000 	C:\Windows\System32\WS2_32.dll
0x00007ffb8af40000 - 0x00007ffb8af6d000 	C:\Windows\SYSTEM32\winmmbase.dll
0x00007ffb99aa0000 - 0x00007ffb99aea000 	C:\Windows\System32\cfgmgr32.dll
0x00007ffb911d0000 - 0x00007ffb911df000 	C:\Program Files\AdoptOpenJDK\jdk-8.0.252.09-hotspot\jre\bin\verify.dll
0x00007ffb6f2b0000 - 0x00007ffb6f2d8000 	C:\Program Files\AdoptOpenJDK\jdk-8.0.252.09-hotspot\jre\bin\java.dll
0x00007ffb70700000 - 0x00007ffb70735000 	C:\Program Files\AdoptOpenJDK\jdk-8.0.252.09-hotspot\jre\bin\jdwp.dll
0x00007ffb91e40000 - 0x00007ffb91e48000 	C:\Program Files\AdoptOpenJDK\jdk-8.0.252.09-hotspot\jre\bin\npt.dll
0x00007ffb7a570000 - 0x00007ffb7a586000 	C:\Program Files\AdoptOpenJDK\jdk-8.0.252.09-hotspot\jre\bin\zip.dll
0x00007ffb9af80000 - 0x00007ffb9b666000 	C:\Windows\System32\SHELL32.dll
0x00007ffb9ae30000 - 0x00007ffb9aed9000 	C:\Windows\System32\shcore.dll
0x00007ffb99f20000 - 0x00007ffb9a6a2000 	C:\Windows\System32\windows.storage.dll
0x00007ffb99810000 - 0x00007ffb99833000 	C:\Windows\System32\profapi.dll
0x00007ffb997c0000 - 0x00007ffb9980a000 	C:\Windows\System32\powrprof.dll
0x00007ffb99770000 - 0x00007ffb99780000 	C:\Windows\System32\UMPDC.dll
0x00007ffb9add0000 - 0x00007ffb9ae22000 	C:\Windows\System32\shlwapi.dll
0x00007ffb997a0000 - 0x00007ffb997b1000 	C:\Windows\System32\kernel.appcore.dll
0x00007ffb9a6b0000 - 0x00007ffb9a6c7000 	C:\Windows\System32\cryptsp.dll
0x00007ffb8e610000 - 0x00007ffb8e619000 	C:\Program Files\AdoptOpenJDK\jdk-8.0.252.09-hotspot\jre\bin\dt_socket.dll
0x00007ffb67560000 - 0x00007ffb67576000 	C:\Windows\system32\napinsp.dll
0x00007ffb67520000 - 0x00007ffb6753a000 	C:\Windows\system32\pnrpnsp.dll
0x00007ffb98fe0000 - 0x00007ffb99047000 	C:\Windows\System32\mswsock.dll
0x00007ffb98d30000 - 0x00007ffb98dfb000 	C:\Windows\SYSTEM32\DNSAPI.dll
0x00007ffb9c660000 - 0x00007ffb9c668000 	C:\Windows\System32\NSI.dll
0x00007ffb98cf0000 - 0x00007ffb98d2a000 	C:\Windows\SYSTEM32\IPHLPAPI.DLL
0x00007ffb6afa0000 - 0x00007ffb6afae000 	C:\Windows\System32\winrnr.dll
0x00007ffb91300000 - 0x00007ffb9131c000 	C:\Windows\system32\NLAapi.dll
0x00007ffb922f0000 - 0x00007ffb92305000 	C:\Windows\system32\wshbth.dll
0x00007ffb8e0c0000 - 0x00007ffb8e137000 	C:\Windows\System32\fwpuclnt.dll
0x00007ffb9a7a0000 - 0x00007ffb9a7c6000 	C:\Windows\System32\bcrypt.dll
0x00007ffb8c5c0000 - 0x00007ffb8c5ca000 	C:\Windows\System32\rasadhlp.dll
0x00007ffb6bf00000 - 0x00007ffb6bf1a000 	C:\Program Files\AdoptOpenJDK\jdk-8.0.252.09-hotspot\jre\bin\net.dll
0x00007ffb98b50000 - 0x00007ffb98b83000 	C:\Windows\system32\rsaenh.dll
0x00007ffb99660000 - 0x00007ffb99685000 	C:\Windows\SYSTEM32\USERENV.dll
0x00007ffb991b0000 - 0x00007ffb991bc000 	C:\Windows\SYSTEM32\CRYPTBASE.dll
0x00007ffb8f140000 - 0x00007ffb8f156000 	C:\Windows\SYSTEM32\dhcpcsvc6.DLL
0x00007ffb8f700000 - 0x00007ffb8f71c000 	C:\Windows\SYSTEM32\dhcpcsvc.DLL
0x00007ffb6bee0000 - 0x00007ffb6bef2000 	C:\Program Files\AdoptOpenJDK\jdk-8.0.252.09-hotspot\jre\bin\nio.dll
0x000000006e740000 - 0x000000006fda5000 	C:\Users\rando\AppData\Local\Temp\xuggle\xuggle2250890949347948772.dll
0x00007ffb9aa40000 - 0x00007ffb9ab97000 	C:\Windows\System32\ole32.dll
0x00007ffb8e2d0000 - 0x00007ffb8e2e8000 	C:\Windows\SYSTEM32\AVICAP32.dll
0x00007ffb6f2e0000 - 0x00007ffb6f309000 	C:\Windows\SYSTEM32\MSVFW32.dll
0x00007ffb8e200000 - 0x00007ffb8e20c000 	C:\Program Files\AdoptOpenJDK\jdk-8.0.252.09-hotspot\jre\bin\jsound.dll
0x00007ffb8c9b0000 - 0x00007ffb8c9bb000 	C:\Program Files\AdoptOpenJDK\jdk-8.0.252.09-hotspot\jre\bin\jsoundds.dll
0x00007ffb4c390000 - 0x00007ffb4c429000 	C:\Windows\SYSTEM32\DSOUND.dll
0x00007ffb906f0000 - 0x00007ffb90762000 	C:\Windows\SYSTEM32\MMDevAPI.DLL
0x00007ffb99570000 - 0x00007ffb9959a000 	C:\Windows\SYSTEM32\DEVOBJ.dll
0x00007ffb946b0000 - 0x00007ffb94749000 	C:\Windows\system32\uxtheme.dll
0x00007ffb54880000 - 0x00007ffb548c4000 	C:\Windows\SYSTEM32\wdmaud.drv
0x00007ffb91e20000 - 0x00007ffb91e29000 	C:\Windows\SYSTEM32\ksuser.dll
0x00007ffb913a0000 - 0x00007ffb913aa000 	C:\Windows\SYSTEM32\AVRT.dll
0x00007ffb908e0000 - 0x00007ffb90a3d000 	C:\Windows\SYSTEM32\AUDIOSES.DLL
0x00007ffb9c560000 - 0x00007ffb9c625000 	C:\Windows\System32\OLEAUT32.dll
0x00007ffb92330000 - 0x00007ffb92483000 	C:\Windows\SYSTEM32\wintypes.dll
0x00007ffb82ff0000 - 0x00007ffb82ffd000 	C:\Windows\SYSTEM32\msacm32.drv
0x00007ffb54810000 - 0x00007ffb5482c000 	C:\Windows\SYSTEM32\MSACM32.dll
0x00007ffb82610000 - 0x00007ffb8261a000 	C:\Windows\SYSTEM32\midimap.dll
0x00007ffb9b810000 - 0x00007ffb9b8b2000 	C:\Windows\System32\clbcatq.dll
0x00007ffb949e0000 - 0x00007ffb949f4000 	C:\Windows\SYSTEM32\resourcepolicyclient.dll
0x00007ffb7b2f0000 - 0x00007ffb7b441000 	C:\Windows\System32\Windows.UI.dll
0x00007ffb82710000 - 0x00007ffb827ae000 	C:\Windows\System32\TextInputFramework.dll
0x00007ffb80790000 - 0x00007ffb808ab000 	C:\Windows\System32\InputHost.dll
0x00007ffb7ca20000 - 0x00007ffb7cd4a000 	C:\Windows\System32\CoreUIComponents.dll
0x00007ffb94270000 - 0x00007ffb94344000 	C:\Windows\System32\CoreMessaging.dll
0x00007ffb92cd0000 - 0x00007ffb92dc0000 	C:\Windows\System32\PROPSYS.dll
0x00007ffb987b0000 - 0x00007ffb987e1000 	C:\Windows\SYSTEM32\ntmarta.dll
0x00007ffb94ea0000 - 0x00007ffb95094000 	C:\Windows\SYSTEM32\dbghelp.dll

VM Arguments:
jvm_args: -agentlib:jdwp=transport=dt_socket,server=n,suspend=y,address=localhost:51566 -Dfile.encoding=UTF-8 
java_command: com.app.App
java_class_path (initial): C:\Users\rando\AppData\Local\Temp\cp_ds6hjpws035egcdxzqclh0x8q.jar
Launcher Type: SUN_STANDARD

Environment Variables:
JAVA_HOME=C:\Program Files\AdoptOpenJDK\jdk-8.0.252.09-hotspot
PATH=C:\Python38\Scripts\;C:\Python38\;C:\Windows\system32;C:\Windows;C:\Windows\System32\Wbem;C:\Windows\System32\WindowsPowerShell\v1.0\;C:\Windows\System32\OpenSSH\;C:\Program Files (x86)\NVIDIA Corporation\PhysX\Common;C:\Program Files\NVIDIA Corporation\NVIDIA NvDLISR;C:\Program Files\Intel\WiFi\bin\;C:\Program Files\Common Files\Intel\WirelessCommon\;C:\Program Files\Microsoft SQL Server\130\Tools\Binn\;C:\Program Files\Microsoft SQL Server\Client SDK\ODBC\170\Tools\Binn\;C:\Program Files\Git\cmd;C:\Program Files\dotnet\;C:\Program Files\nodejs\;C:\ProgramData\chocolatey\bin;C:\Users\rando\AppData\Local\Microsoft\WindowsApps;C:\Users\rando\AppData\Local\atom\bin;C:\MinGW\bin;C:\Users\rando\AppData\Local\Programs\Microsoft VS Code\bin;C:\Program Files\AdoptOpenJDK\jdk-8.0.252.09-hotspot\bin;C:\Program Files\apache-maven-3.6.3\bin;C:\Program Files\PostgreSQL\12\bin;C:\Users\rando\.dotnet\tools;C:\Users\rando\AppData\Roaming\npm;
USERNAME=rando
OS=Windows_NT
PROCESSOR_IDENTIFIER=Intel64 Family 6 Model 158 Stepping 10, GenuineIntel



---------------  S Y S T E M  ---------------

OS: Windows 10.0 , 64 bit Build 18362 (10.0.18362.959)

CPU:total 12 (initial active 12) (6 cores per cpu, 2 threads per core) family 6 model 158 stepping 10, cmov, cx8, fxsr, mmx, sse, sse2, sse3, ssse3, sse4.1, sse4.2, popcnt, avx, avx2, aes, clmul, erms, 3dnowpref, lzcnt, ht, tsc, tscinvbit, bmi1, bmi2, adx

Memory: 4k page, physical 16618432k(7913832k free), swap 19108800k(5631476k free)

vm_info: OpenJDK 64-Bit Server VM (25.252-b09) for windows-amd64 JRE (1.8.0_252-b09), built on Apr 22 2020 09:32:45 by "jenkins" with MS VC++ 12.0 (VS2013)

time: Sun Aug 02 15:32:03 2020
timezone: ???? (?W?€??)
elapsed time: 212 seconds (0d 0h 3m 32s)

