#
# A fatal error has been detected by the Java Runtime Environment:
#
#  EXCEPTION_ACCESS_VIOLATION (0xc0000005) at pc=0x000000006ee76520, pid=19856, tid=0x0000000000001f7c
#
# JRE version: OpenJDK Runtime Environment (8.0_252-b09) (build 1.8.0_252-b09)
# Java VM: OpenJDK 64-Bit Server VM (25.252-b09 mixed mode windows-amd64 compressed oops)
# Problematic frame:
# C  [xuggle8928798364040804017.dll+0x736520]
#
# Failed to write core dump. Minidumps are not enabled by default on client versions of Windows
#
# If you would like to submit a bug report, please visit:
#   http://bugreport.java.com/bugreport/crash.jsp
# The crash happened outside the Java Virtual Machine in native code.
# See problematic frame for where to report the bug.
#

---------------  T H R E A D  ---------------

Current thread (0x0000022d7fca6000):  JavaThread "Thread-14" [_thread_in_native, id=8060, stack(0x000000a0e3900000,0x000000a0e3a00000)]

siginfo: ExceptionCode=0xc0000005, reading address 0xffffffffffffffff

Registers:
RAX=0x0000022d1a9b6b90, RBX=0x0000022d1aa762c0, RCX=0x0000022d1a9b6b90, RDX=0x0000000000000009
RSP=0x000000a0e39fdfc0, RBP=0x0000022d1a9b62d0, RSI=0x0000022d1a9b7b90, RDI=0x0000000000000004
R8 =0x000000006ee77580, R9 =0x000000006ee76490, R10=0x0000022d7ff40b40, R11=0x0000022d7ff0d400
R12=0x0000022d7ff0dc00, R13=0x0000000000000004, R14=0x0000000000000184, R15=0x000000006fab8f20
RIP=0x000000006ee76520, EFLAGS=0x0000000000010202

Top of Stack: (sp=0x000000a0e39fdfc0)
0x000000a0e39fdfc0:   000000006ee76665 000000006ee774c5
0x000000a0e39fdfd0:   000000006ee77505 000000006ee77545
0x000000a0e39fdfe0:   000000006ee77585 000000006ee79426
0x000000a0e39fdff0:   000000006fab8f20 0000022d1a9b6b90
0x000000a0e39fe000:   0000022d1aa78780 000000a0e39fe008
0x000000a0e39fe010:   3fe0000000000000 0000000000000000
0x000000a0e39fe020:   40c7760000000000 0000000000000000
0x000000a0e39fe030:   3fe0000000000000 0000000000000001
0x000000a0e39fe040:   0000022d1aa79780 000000006ea45d24
0x000000a0e39fe050:   3f40624dd2f1a9fc 0000000000000000
0x000000a0e39fe060:   0000000000000000 0000000000000000
0x000000a0e39fe070:   0000000000000000 0000000000000000
0x000000a0e39fe080:   0000022d1aa82680 000000006fab7320
0x000000a0e39fe090:   41663c30d516cc4e 0000022d1aa76220
0x000000a0e39fe0a0:   0000000000000001 0000022d1a9b62d0
0x000000a0e39fe0b0:   0000022d1a9b6350 0000000000000000 

Instructions: (pc=0x000000006ee76520)
0x000000006ee76500:   c4 e3 5d 0c c0 55 c5 e4 5c c8 c5 e4 58 c0 c5 fc
0x000000006ee76510:   29 01 c5 fc 29 49 20 c3 0f 1f 84 00 00 00 00 00
0x000000006ee76520:   c5 fc 28 51 40 c5 fc 28 59 60 c5 ec 5c fb c5 ec
0x000000006ee76530:   58 d3 c5 c4 57 3d 26 41 84 00 c5 ec c6 df be c5 


Register to memory mapping:

RAX=0x0000022d1a9b6b90 is an unknown value
RBX=0x0000022d1aa762c0 is an unknown value
RCX=0x0000022d1a9b6b90 is an unknown value
RDX=0x0000000000000009 is an unknown value
RSP=0x000000a0e39fdfc0 is pointing into the stack for thread: 0x0000022d7fca6000
RBP=0x0000022d1a9b62d0 is an unknown value
RSI=0x0000022d1a9b7b90 is an unknown value
RDI=0x0000000000000004 is an unknown value
R8 =0x000000006ee77580 is an unknown value
R9 =0x000000006ee76490 is an unknown value
R10=0x0000022d7ff40b40 is an unknown value
R11=0x0000022d7ff0d400 is an unknown value
R12=0x0000022d7ff0dc00 is an unknown value
R13=0x0000000000000004 is an unknown value
R14=0x0000000000000184 is an unknown value
R15=0x000000006fab8f20 is an unknown value


Stack: [0x000000a0e3900000,0x000000a0e3a00000],  sp=0x000000a0e39fdfc0,  free space=1015k
Native frames: (J=compiled Java code, j=interpreted, Vv=VM code, C=native code)
C  [xuggle8928798364040804017.dll+0x736520]

Java frames: (J=compiled Java code, j=interpreted, Vv=VM code)
j  com.xuggle.xuggler.XugglerJNI.IContainer_open__SWIG_0(JLcom/xuggle/xuggler/IContainer;Ljava/lang/String;IJLcom/xuggle/xuggler/IContainerFormat;)I+0
j  com.xuggle.xuggler.IContainer.open(Ljava/lang/String;Lcom/xuggle/xuggler/IContainer$Type;Lcom/xuggle/xuggler/IContainerFormat;)I+15
j  com.app.PlayerController$Task.run()V+34
j  java.lang.Thread.run()V+11
v  ~StubRoutines::call_stub

---------------  P R O C E S S  ---------------

Java Threads: ( => current thread )
  0x0000022d0f1a2800 JavaThread "Thread-15" [_thread_in_native, id=19560, stack(0x000000a0e3a00000,0x000000a0e3b00000)]
=>0x0000022d7fca6000 JavaThread "Thread-14" [_thread_in_native, id=8060, stack(0x000000a0e3900000,0x000000a0e3a00000)]
  0x0000022d0f02f800 JavaThread "Java Sound Event Dispatcher" daemon [_thread_blocked, id=16912, stack(0x000000a0e5600000,0x000000a0e5700000)]
  0x0000022d7fc43800 JavaThread "Thread-0" [_thread_in_native, id=23028, stack(0x000000a0e5500000,0x000000a0e5600000)]
  0x0000022d7fbac800 JavaThread "Service Thread" daemon [_thread_blocked, id=17428, stack(0x000000a0e5300000,0x000000a0e5400000)]
  0x0000022d7fb29800 JavaThread "C1 CompilerThread3" daemon [_thread_blocked, id=20956, stack(0x000000a0e5200000,0x000000a0e5300000)]
  0x0000022d7fb1e800 JavaThread "C2 CompilerThread2" daemon [_thread_blocked, id=3740, stack(0x000000a0e5100000,0x000000a0e5200000)]
  0x0000022d7fb1d000 JavaThread "C2 CompilerThread1" daemon [_thread_blocked, id=22424, stack(0x000000a0e5000000,0x000000a0e5100000)]
  0x0000022d7fb1b800 JavaThread "C2 CompilerThread0" daemon [_thread_blocked, id=21516, stack(0x000000a0e4f00000,0x000000a0e5000000)]
  0x0000022d7fb0f000 JavaThread "JDWP Command Reader" daemon [_thread_in_native, id=17808, stack(0x000000a0e4e00000,0x000000a0e4f00000)]
  0x0000022d7d6fc000 JavaThread "JDWP Event Helper Thread" daemon [_thread_blocked, id=1292, stack(0x000000a0e4d00000,0x000000a0e4e00000)]
  0x0000022d7d6f9000 JavaThread "JDWP Transport Listener: dt_socket" daemon [_thread_in_native, id=8460, stack(0x000000a0e4c00000,0x000000a0e4d00000)]
  0x0000022d7fb02800 JavaThread "Attach Listener" daemon [_thread_blocked, id=10516, stack(0x000000a0e4b00000,0x000000a0e4c00000)]
  0x0000022d7d6c1000 JavaThread "Signal Dispatcher" daemon [_thread_blocked, id=22340, stack(0x000000a0e4a00000,0x000000a0e4b00000)]
  0x0000022d7d6a1800 JavaThread "Finalizer" daemon [_thread_blocked, id=9944, stack(0x000000a0e4900000,0x000000a0e4a00000)]
  0x0000022d7d69a000 JavaThread "Reference Handler" daemon [_thread_blocked, id=14228, stack(0x000000a0e4800000,0x000000a0e4900000)]
  0x0000022d71678000 JavaThread "main" [_thread_in_native, id=8152, stack(0x000000a0e3c00000,0x000000a0e3d00000)]

Other Threads:
  0x0000022d7d667800 VMThread [stack: 0x000000a0e4700000,0x000000a0e4800000] [id=2124]
  0x0000022d7fb88800 WatcherThread [stack: 0x000000a0e5400000,0x000000a0e5500000] [id=21180]

VM state:not at safepoint (normal execution)

VM Mutex/Monitor currently owned by a thread: None

heap address: 0x00000006c2600000, size: 4058 MB, Compressed Oops mode: Zero based, Oop shift amount: 3
Narrow klass base: 0x0000000000000000, Narrow klass shift: 3
Compressed class space size: 1073741824 Address: 0x00000007c0000000

Heap:
 PSYoungGen      total 566272K, used 472099K [0x000000076b780000, 0x00000007a0300000, 0x00000007c0000000)
  eden space 375296K, 75% used [0x000000076b780000,0x000000077cc0a7b0,0x0000000782600000)
  from space 190976K, 98% used [0x0000000790400000,0x000000079bc7e488,0x000000079be80000)
  to   space 227328K, 0% used [0x0000000782600000,0x0000000782600000,0x0000000790400000)
 ParOldGen       total 367616K, used 198713K [0x00000006c2600000, 0x00000006d8d00000, 0x000000076b780000)
  object space 367616K, 54% used [0x00000006c2600000,0x00000006ce80e458,0x00000006d8d00000)
 Metaspace       used 6530K, capacity 6716K, committed 6912K, reserved 1056768K
  class space    used 686K, capacity 767K, committed 768K, reserved 1048576K

Card table byte_map: [0x0000022d73800000,0x0000022d73ff0000] byte_map_base: 0x0000022d701ed000

Marking Bits: (ParMarkBitMap*) 0x000000006c255010
 Begin Bits: [0x0000022d74540000, 0x0000022d784a8000)
 End Bits:   [0x0000022d784a8000, 0x0000022d7c410000)

Polling page: 0x0000022d71880000

CodeCache: size=245760Kb used=2676Kb max_used=2676Kb free=243083Kb
 bounds [0x0000022d00000000, 0x0000022d002b0000, 0x0000022d0f000000]
 total_blobs=984 nmethods=627 adapters=279
 compilation: enabled

Compilation events (10 events):
Event: 86.300 Thread 0x0000022d7fb29800  629       3       sun.nio.cs.UTF_8$Encoder::encodeArrayLoop (489 bytes)
Event: 86.305 Thread 0x0000022d7fb29800 nmethod 629 0x0000022d0029c4d0 code [0x0000022d0029caa0, 0x0000022d002a01b0]
Event: 86.305 Thread 0x0000022d7fb29800  631       3       java.io.PrintStream::ensureOpen (18 bytes)
Event: 86.305 Thread 0x0000022d7fb29800 nmethod 631 0x0000022d00104410 code [0x0000022d00104580, 0x0000022d001047f0]
Event: 86.305 Thread 0x0000022d7fb29800  630       1       sun.nio.cs.StreamEncoder::isOpen (5 bytes)
Event: 86.305 Thread 0x0000022d7fb29800 nmethod 630 0x0000022d00104150 code [0x0000022d001042a0, 0x0000022d001043b8]
Event: 88.946 Thread 0x0000022d7fb29800  632       3       java.net.URI::access$300 (7 bytes)
Event: 88.947 Thread 0x0000022d7fb29800 nmethod 632 0x0000022d00103d90 code [0x0000022d00103f00, 0x0000022d00104090]
Event: 88.947 Thread 0x0000022d7fb29800  633       3       java.net.URI::match (56 bytes)
Event: 88.947 Thread 0x0000022d7fb29800 nmethod 633 0x0000022d00103890 code [0x0000022d00103a00, 0x0000022d00103d18]

GC Heap History (10 events):
Event: 41.605 GC heap before
{Heap before GC invocations=7 (full 2):
 PSYoungGen      total 140800K, used 10653K [0x000000076b780000, 0x0000000785600000, 0x00000007c0000000)
  eden space 130048K, 0% used [0x000000076b780000,0x000000076b780000,0x0000000773680000)
  from space 10752K, 99% used [0x0000000773680000,0x00000007740e7780,0x0000000774100000)
  to   space 87040K, 0% used [0x0000000780100000,0x0000000780100000,0x0000000785600000)
 ParOldGen       total 222208K, used 221940K [0x00000006c2600000, 0x00000006cff00000, 0x000000076b780000)
  object space 222208K, 99% used [0x00000006c2600000,0x00000006cfebd148,0x00000006cff00000)
 Metaspace       used 6491K, capacity 6652K, committed 6656K, reserved 1056768K
  class space    used 682K, capacity 767K, committed 768K, reserved 1048576K
Event: 41.623 GC heap after
Heap after GC invocations=7 (full 2):
 PSYoungGen      total 140800K, used 0K [0x000000076b780000, 0x0000000785600000, 0x00000007c0000000)
  eden space 130048K, 0% used [0x000000076b780000,0x000000076b780000,0x0000000773680000)
  from space 10752K, 0% used [0x0000000773680000,0x0000000773680000,0x0000000774100000)
  to   space 87040K, 0% used [0x0000000780100000,0x0000000780100000,0x0000000785600000)
 ParOldGen       total 286720K, used 120067K [0x00000006c2600000, 0x00000006d3e00000, 0x000000076b780000)
  object space 286720K, 41% used [0x00000006c2600000,0x00000006c9b40e48,0x00000006d3e00000)
 Metaspace       used 6491K, capacity 6652K, committed 6656K, reserved 1056768K
  class space    used 682K, capacity 767K, committed 768K, reserved 1048576K
}
Event: 41.803 GC heap before
{Heap before GC invocations=8 (full 2):
 PSYoungGen      total 140800K, used 130048K [0x000000076b780000, 0x0000000785600000, 0x00000007c0000000)
  eden space 130048K, 100% used [0x000000076b780000,0x0000000773680000,0x0000000773680000)
  from space 10752K, 0% used [0x0000000773680000,0x0000000773680000,0x0000000774100000)
  to   space 87040K, 0% used [0x0000000780100000,0x0000000780100000,0x0000000785600000)
 ParOldGen       total 286720K, used 120067K [0x00000006c2600000, 0x00000006d3e00000, 0x000000076b780000)
  object space 286720K, 41% used [0x00000006c2600000,0x00000006c9b40e48,0x00000006d3e00000)
 Metaspace       used 6491K, capacity 6652K, committed 6656K, reserved 1056768K
  class space    used 682K, capacity 767K, committed 768K, reserved 1048576K
Event: 41.825 GC heap after
Heap after GC invocations=8 (full 2):
 PSYoungGen      total 295936K, used 87035K [0x000000076b780000, 0x000000078ad80000, 0x00000007c0000000)
  eden space 208896K, 0% used [0x000000076b780000,0x000000076b780000,0x0000000778380000)
  from space 87040K, 99% used [0x0000000780100000,0x00000007855fee18,0x0000000785600000)
  to   space 128512K, 0% used [0x0000000778380000,0x0000000778380000,0x0000000780100000)
 ParOldGen       total 286720K, used 160249K [0x00000006c2600000, 0x00000006d3e00000, 0x000000076b780000)
  object space 286720K, 55% used [0x00000006c2600000,0x00000006cc27e698,0x00000006d3e00000)
 Metaspace       used 6491K, capacity 6652K, committed 6656K, reserved 1056768K
  class space    used 682K, capacity 767K, committed 768K, reserved 1048576K
}
Event: 56.839 GC heap before
{Heap before GC invocations=9 (full 2):
 PSYoungGen      total 295936K, used 295931K [0x000000076b780000, 0x000000078ad80000, 0x00000007c0000000)
  eden space 208896K, 100% used [0x000000076b780000,0x0000000778380000,0x0000000778380000)
  from space 87040K, 99% used [0x0000000780100000,0x00000007855fee18,0x0000000785600000)
  to   space 128512K, 0% used [0x0000000778380000,0x0000000778380000,0x0000000780100000)
 ParOldGen       total 286720K, used 160249K [0x00000006c2600000, 0x00000006d3e00000, 0x000000076b780000)
  object space 286720K, 55% used [0x00000006c2600000,0x00000006cc27e698,0x00000006d3e00000)
 Metaspace       used 6491K, capacity 6652K, committed 6656K, reserved 1056768K
  class space    used 682K, capacity 767K, committed 768K, reserved 1048576K
Event: 56.875 GC heap after
Heap after GC invocations=9 (full 2):
 PSYoungGen      total 337408K, used 128497K [0x000000076b780000, 0x000000079be80000, 0x00000007c0000000)
  eden space 208896K, 0% used [0x000000076b780000,0x000000076b780000,0x0000000778380000)
  from space 128512K, 99% used [0x0000000778380000,0x00000007800fc758,0x0000000780100000)
  to   space 190976K, 0% used [0x0000000790400000,0x0000000790400000,0x000000079be80000)
 ParOldGen       total 286720K, used 231436K [0x00000006c2600000, 0x00000006d3e00000, 0x000000076b780000)
  object space 286720K, 80% used [0x00000006c2600000,0x00000006d0803240,0x00000006d3e00000)
 Metaspace       used 6491K, capacity 6652K, committed 6656K, reserved 1056768K
  class space    used 682K, capacity 767K, committed 768K, reserved 1048576K
}
Event: 56.875 GC heap before
{Heap before GC invocations=10 (full 3):
 PSYoungGen      total 337408K, used 128497K [0x000000076b780000, 0x000000079be80000, 0x00000007c0000000)
  eden space 208896K, 0% used [0x000000076b780000,0x000000076b780000,0x0000000778380000)
  from space 128512K, 99% used [0x0000000778380000,0x00000007800fc758,0x0000000780100000)
  to   space 190976K, 0% used [0x0000000790400000,0x0000000790400000,0x000000079be80000)
 ParOldGen       total 286720K, used 231436K [0x00000006c2600000, 0x00000006d3e00000, 0x000000076b780000)
  object space 286720K, 80% used [0x00000006c2600000,0x00000006d0803240,0x00000006d3e00000)
 Metaspace       used 6491K, capacity 6652K, committed 6656K, reserved 1056768K
  class space    used 682K, capacity 767K, committed 768K, reserved 1048576K
Event: 56.901 GC heap after
Heap after GC invocations=10 (full 3):
 PSYoungGen      total 337408K, used 0K [0x000000076b780000, 0x000000079be80000, 0x00000007c0000000)
  eden space 208896K, 0% used [0x000000076b780000,0x000000076b780000,0x0000000778380000)
  from space 128512K, 0% used [0x0000000778380000,0x0000000778380000,0x0000000780100000)
  to   space 190976K, 0% used [0x0000000790400000,0x0000000790400000,0x000000079be80000)
 ParOldGen       total 367616K, used 198705K [0x00000006c2600000, 0x00000006d8d00000, 0x000000076b780000)
  object space 367616K, 54% used [0x00000006c2600000,0x00000006ce80c458,0x00000006d8d00000)
 Metaspace       used 6491K, capacity 6652K, committed 6656K, reserved 1056768K
  class space    used 682K, capacity 767K, committed 768K, reserved 1048576K
}
Event: 79.568 GC heap before
{Heap before GC invocations=11 (full 3):
 PSYoungGen      total 337408K, used 208896K [0x000000076b780000, 0x000000079be80000, 0x00000007c0000000)
  eden space 208896K, 100% used [0x000000076b780000,0x0000000778380000,0x0000000778380000)
  from space 128512K, 0% used [0x0000000778380000,0x0000000778380000,0x0000000780100000)
  to   space 190976K, 0% used [0x0000000790400000,0x0000000790400000,0x000000079be80000)
 ParOldGen       total 367616K, used 198705K [0x00000006c2600000, 0x00000006d8d00000, 0x000000076b780000)
  object space 367616K, 54% used [0x00000006c2600000,0x00000006ce80c458,0x00000006d8d00000)
 Metaspace       used 6524K, capacity 6716K, committed 6912K, reserved 1056768K
  class space    used 686K, capacity 767K, committed 768K, reserved 1048576K
Event: 79.673 GC heap after
Heap after GC invocations=11 (full 3):
 PSYoungGen      total 566272K, used 188921K [0x000000076b780000, 0x00000007a0300000, 0x00000007c0000000)
  eden space 375296K, 0% used [0x000000076b780000,0x000000076b780000,0x0000000782600000)
  from space 190976K, 98% used [0x0000000790400000,0x000000079bc7e488,0x000000079be80000)
  to   space 227328K, 0% used [0x0000000782600000,0x0000000782600000,0x0000000790400000)
 ParOldGen       total 367616K, used 198713K [0x00000006c2600000, 0x00000006d8d00000, 0x000000076b780000)
  object space 367616K, 54% used [0x00000006c2600000,0x00000006ce80e458,0x00000006d8d00000)
 Metaspace       used 6524K, capacity 6716K, committed 6912K, reserved 1056768K
  class space    used 686K, capacity 767K, committed 768K, reserved 1048576K
}

Deoptimization events (6 events):
Event: 5.122 Thread 0x0000022d7fca4800 Uncommon trap: reason=unstable_if action=reinterpret pc=0x0000022d00186678 method=java.util.zip.InflaterInputStream.read([BII)I @ 69
Event: 6.406 Thread 0x0000022d7fca4800 Uncommon trap: reason=unstable_if action=reinterpret pc=0x0000022d001845e4 method=java.util.zip.InflaterInputStream.read([BII)I @ 69
Event: 10.464 Thread 0x0000022d7fca6000 Uncommon trap: reason=unstable_if action=reinterpret pc=0x0000022d002206f0 method=com.app.MusicPlayer$Task.run()V @ 208
Event: 78.064 Thread 0x0000022d0f166000 Uncommon trap: reason=unstable_if action=reinterpret pc=0x0000022d0020b6dc method=com.app.Music.run()V @ 76
Event: 79.492 Thread 0x0000022d16bc7800 Uncommon trap: reason=unstable_if action=reinterpret pc=0x0000022d00287ec0 method=java.util.concurrent.locks.AbstractQueuedSynchronizer.enq(Ljava/util/concurrent/locks/AbstractQueuedSynchronizer$Node;)Ljava/util/concurrent/locks/AbstractQueuedSynchronizer
Event: 86.274 Thread 0x0000022d16bc7800 Uncommon trap: reason=unstable_if action=reinterpret pc=0x0000022d00241498 method=com.app.Music.run()V @ 76

Classes redefined (0 events):
No events

Internal exceptions (10 events):
Event: 3.624 Thread 0x0000022d7fca4800 Exception <a 'java/security/PrivilegedActionException'> (0x000000076bd5ad48) thrown at [J:\jenkins\tmp\workspace\build\src\hotspot\src\share\vm\prims\jvm.cpp, line 1502]
Event: 3.624 Thread 0x0000022d7fca4800 Exception <a 'java/security/PrivilegedActionException'> (0x000000076bd5bdc0) thrown at [J:\jenkins\tmp\workspace\build\src\hotspot\src\share\vm\prims\jvm.cpp, line 1502]
Event: 3.624 Thread 0x0000022d7fca4800 Exception <a 'java/security/PrivilegedActionException'> (0x000000076bd5bfd0) thrown at [J:\jenkins\tmp\workspace\build\src\hotspot\src\share\vm\prims\jvm.cpp, line 1502]
Event: 3.625 Thread 0x0000022d7fca4800 Exception <a 'java/security/PrivilegedActionException'> (0x000000076bd5cff0) thrown at [J:\jenkins\tmp\workspace\build\src\hotspot\src\share\vm\prims\jvm.cpp, line 1502]
Event: 3.625 Thread 0x0000022d7fca4800 Exception <a 'java/security/PrivilegedActionException'> (0x000000076bd5d200) thrown at [J:\jenkins\tmp\workspace\build\src\hotspot\src\share\vm\prims\jvm.cpp, line 1502]
Event: 3.627 Thread 0x0000022d7fca4800 Exception <a 'java/lang/NoClassDefFoundError': org/slf4j/impl/StaticLoggerBinder> (0x000000076bd62e30) thrown at [J:\jenkins\tmp\workspace\build\src\hotspot\src\share\vm\classfile\systemDictionary.cpp, line 199]
Event: 6.547 Thread 0x0000022d7fca6000 Exception <a 'java/lang/NoSuchFieldError': method resolution failed> (0x000000076bebeac8) thrown at [J:\jenkins\tmp\workspace\build\src\hotspot\src\share\vm\prims\methodHandles.cpp, line 1167]
Event: 6.552 Thread 0x0000022d7fca6000 Exception <a 'java/lang/NoSuchFieldError': method resolution failed> (0x000000076becc510) thrown at [J:\jenkins\tmp\workspace\build\src\hotspot\src\share\vm\prims\methodHandles.cpp, line 1167]
Event: 78.074 Thread 0x0000022d7fca6000 Exception <a 'java/net/SocketException': Connection reset by peer: socket write error> (0x00000007750c2af0) thrown at [J:\jenkins\tmp\workspace\build\src\hotspot\src\share\vm\prims\jni.cpp, line 737]
Event: 86.282 Thread 0x0000022d7fca6000 Exception <a 'java/net/SocketException': Connection reset by peer: socket write error> (0x000000077c2a3cd0) thrown at [J:\jenkins\tmp\workspace\build\src\hotspot\src\share\vm\prims\jni.cpp, line 737]

Events (10 events):
Event: 86.284 Thread 0x0000022d0f1a2800 Thread exited: 0x0000022d0f1a2800
Event: 86.321 Executing VM operation: RevokeBias
Event: 86.321 Executing VM operation: RevokeBias done
Event: 86.321 Thread 0x0000022d7fca6000 Thread exited: 0x0000022d7fca6000
Event: 88.947 Thread 0x0000022d7fca6000 Thread added: 0x0000022d7fca6000
Event: 88.953 Thread 0x0000022d0f1a2800 Thread added: 0x0000022d0f1a2800
Event: 88.953 Executing VM operation: RevokeBias
Event: 88.954 Executing VM operation: RevokeBias done
Event: 88.954 Executing VM operation: RevokeBias
Event: 88.954 Executing VM operation: RevokeBias done


Dynamic libraries:
0x00007ff629240000 - 0x00007ff62927a000 	C:\Program Files\AdoptOpenJDK\jdk-8.0.252.09-hotspot\bin\java.exe
0x00007ffb9c8c0000 - 0x00007ffb9cab0000 	C:\Windows\SYSTEM32\ntdll.dll
0x00007ffb9b9a0000 - 0x00007ffb9ba52000 	C:\Windows\System32\KERNEL32.DLL
0x00007ffb99bf0000 - 0x00007ffb99e94000 	C:\Windows\System32\KERNELBASE.dll
0x00007ffb9aba0000 - 0x00007ffb9ac43000 	C:\Windows\System32\ADVAPI32.dll
0x00007ffb9ad30000 - 0x00007ffb9adce000 	C:\Windows\System32\msvcrt.dll
0x00007ffb9ac50000 - 0x00007ffb9ace7000 	C:\Windows\System32\sechost.dll
0x00007ffb9ba60000 - 0x00007ffb9bb80000 	C:\Windows\System32\RPCRT4.dll
0x00007ffb9b670000 - 0x00007ffb9b804000 	C:\Windows\System32\USER32.dll
0x00007ffb9a770000 - 0x00007ffb9a791000 	C:\Windows\System32\win32u.dll
0x00007ffb9c630000 - 0x00007ffb9c656000 	C:\Windows\System32\GDI32.dll
0x00007ffb9a7d0000 - 0x00007ffb9a966000 	C:\Windows\System32\gdi32full.dll
0x00007ffb9a6d0000 - 0x00007ffb9a76e000 	C:\Windows\System32\msvcp_win.dll
0x00007ffb99af0000 - 0x00007ffb99bea000 	C:\Windows\System32\ucrtbase.dll
0x00007ffb7f3f0000 - 0x00007ffb7f674000 	C:\Windows\WinSxS\amd64_microsoft.windows.common-controls_6595b64144ccf1df_6.0.18362.959_none_e6c7bbbf130c62bb\COMCTL32.dll
0x00007ffb9c220000 - 0x00007ffb9c555000 	C:\Windows\System32\combase.dll
0x00007ffb99ea0000 - 0x00007ffb99f20000 	C:\Windows\System32\bcryptPrimitives.dll
0x00007ffb9ad00000 - 0x00007ffb9ad2e000 	C:\Windows\System32\IMM32.DLL
0x00007ffb55280000 - 0x00007ffb5536f000 	C:\Program Files\AdoptOpenJDK\jdk-8.0.252.09-hotspot\jre\bin\msvcr120.dll
0x00007ffb54e00000 - 0x00007ffb54ea6000 	C:\Program Files\AdoptOpenJDK\jdk-8.0.252.09-hotspot\jre\bin\msvcp120.dll
0x000000006bad0000 - 0x000000006c2ce000 	C:\Program Files\AdoptOpenJDK\jdk-8.0.252.09-hotspot\jre\bin\server\jvm.dll
0x00007ffb9c870000 - 0x00007ffb9c878000 	C:\Windows\System32\PSAPI.DLL
0x00007ffb91390000 - 0x00007ffb9139a000 	C:\Windows\SYSTEM32\VERSION.dll
0x00007ffb85d90000 - 0x00007ffb85d99000 	C:\Windows\SYSTEM32\WSOCK32.dll
0x00007ffb892e0000 - 0x00007ffb89304000 	C:\Windows\SYSTEM32\WINMM.dll
0x00007ffb9b8c0000 - 0x00007ffb9b92f000 	C:\Windows\System32\WS2_32.dll
0x00007ffb8af40000 - 0x00007ffb8af6d000 	C:\Windows\SYSTEM32\winmmbase.dll
0x00007ffb99aa0000 - 0x00007ffb99aea000 	C:\Windows\System32\cfgmgr32.dll
0x00007ffb911d0000 - 0x00007ffb911df000 	C:\Program Files\AdoptOpenJDK\jdk-8.0.252.09-hotspot\jre\bin\verify.dll
0x00007ffb6f2b0000 - 0x00007ffb6f2d8000 	C:\Program Files\AdoptOpenJDK\jdk-8.0.252.09-hotspot\jre\bin\java.dll
0x00007ffb70700000 - 0x00007ffb70735000 	C:\Program Files\AdoptOpenJDK\jdk-8.0.252.09-hotspot\jre\bin\jdwp.dll
0x00007ffb91e40000 - 0x00007ffb91e48000 	C:\Program Files\AdoptOpenJDK\jdk-8.0.252.09-hotspot\jre\bin\npt.dll
0x00007ffb7a570000 - 0x00007ffb7a586000 	C:\Program Files\AdoptOpenJDK\jdk-8.0.252.09-hotspot\jre\bin\zip.dll
0x00007ffb9af80000 - 0x00007ffb9b666000 	C:\Windows\System32\SHELL32.dll
0x00007ffb9ae30000 - 0x00007ffb9aed9000 	C:\Windows\System32\shcore.dll
0x00007ffb99f20000 - 0x00007ffb9a6a2000 	C:\Windows\System32\windows.storage.dll
0x00007ffb99810000 - 0x00007ffb99833000 	C:\Windows\System32\profapi.dll
0x00007ffb997c0000 - 0x00007ffb9980a000 	C:\Windows\System32\powrprof.dll
0x00007ffb99770000 - 0x00007ffb99780000 	C:\Windows\System32\UMPDC.dll
0x00007ffb9add0000 - 0x00007ffb9ae22000 	C:\Windows\System32\shlwapi.dll
0x00007ffb997a0000 - 0x00007ffb997b1000 	C:\Windows\System32\kernel.appcore.dll
0x00007ffb9a6b0000 - 0x00007ffb9a6c7000 	C:\Windows\System32\cryptsp.dll
0x00007ffb8e2e0000 - 0x00007ffb8e2e9000 	C:\Program Files\AdoptOpenJDK\jdk-8.0.252.09-hotspot\jre\bin\dt_socket.dll
0x00007ffb67560000 - 0x00007ffb67576000 	C:\Windows\system32\napinsp.dll
0x00007ffb67520000 - 0x00007ffb6753a000 	C:\Windows\system32\pnrpnsp.dll
0x00007ffb98fe0000 - 0x00007ffb99047000 	C:\Windows\System32\mswsock.dll
0x00007ffb98d30000 - 0x00007ffb98dfb000 	C:\Windows\SYSTEM32\DNSAPI.dll
0x00007ffb9c660000 - 0x00007ffb9c668000 	C:\Windows\System32\NSI.dll
0x00007ffb98cf0000 - 0x00007ffb98d2a000 	C:\Windows\SYSTEM32\IPHLPAPI.DLL
0x00007ffb6afa0000 - 0x00007ffb6afae000 	C:\Windows\System32\winrnr.dll
0x00007ffb91300000 - 0x00007ffb9131c000 	C:\Windows\system32\NLAapi.dll
0x00007ffb922f0000 - 0x00007ffb92305000 	C:\Windows\system32\wshbth.dll
0x00007ffb8e0c0000 - 0x00007ffb8e137000 	C:\Windows\System32\fwpuclnt.dll
0x00007ffb9a7a0000 - 0x00007ffb9a7c6000 	C:\Windows\System32\bcrypt.dll
0x00007ffb8c5c0000 - 0x00007ffb8c5ca000 	C:\Windows\System32\rasadhlp.dll
0x00007ffb6bf00000 - 0x00007ffb6bf1a000 	C:\Program Files\AdoptOpenJDK\jdk-8.0.252.09-hotspot\jre\bin\net.dll
0x00007ffb98b50000 - 0x00007ffb98b83000 	C:\Windows\system32\rsaenh.dll
0x00007ffb99660000 - 0x00007ffb99685000 	C:\Windows\SYSTEM32\USERENV.dll
0x00007ffb991b0000 - 0x00007ffb991bc000 	C:\Windows\SYSTEM32\CRYPTBASE.dll
0x00007ffb8f140000 - 0x00007ffb8f156000 	C:\Windows\SYSTEM32\dhcpcsvc6.DLL
0x00007ffb8f700000 - 0x00007ffb8f71c000 	C:\Windows\SYSTEM32\dhcpcsvc.DLL
0x00007ffb6bee0000 - 0x00007ffb6bef2000 	C:\Program Files\AdoptOpenJDK\jdk-8.0.252.09-hotspot\jre\bin\nio.dll
0x000000006e740000 - 0x000000006fda5000 	C:\Users\rando\AppData\Local\Temp\xuggle\xuggle8928798364040804017.dll
0x00007ffb9aa40000 - 0x00007ffb9ab97000 	C:\Windows\System32\ole32.dll
0x00007ffb8c9f0000 - 0x00007ffb8ca08000 	C:\Windows\SYSTEM32\AVICAP32.dll
0x00007ffb5fad0000 - 0x00007ffb5faf9000 	C:\Windows\SYSTEM32\MSVFW32.dll
0x00007ffb8c9b0000 - 0x00007ffb8c9bc000 	C:\Program Files\AdoptOpenJDK\jdk-8.0.252.09-hotspot\jre\bin\jsound.dll
0x00007ffb81030000 - 0x00007ffb8103b000 	C:\Program Files\AdoptOpenJDK\jdk-8.0.252.09-hotspot\jre\bin\jsoundds.dll
0x00007ffb4c390000 - 0x00007ffb4c429000 	C:\Windows\SYSTEM32\DSOUND.dll
0x00007ffb906f0000 - 0x00007ffb90762000 	C:\Windows\SYSTEM32\MMDevAPI.DLL
0x00007ffb99570000 - 0x00007ffb9959a000 	C:\Windows\SYSTEM32\DEVOBJ.dll
0x00007ffb946b0000 - 0x00007ffb94749000 	C:\Windows\system32\uxtheme.dll
0x00007ffb54880000 - 0x00007ffb548c4000 	C:\Windows\SYSTEM32\wdmaud.drv
0x00007ffb91e20000 - 0x00007ffb91e29000 	C:\Windows\SYSTEM32\ksuser.dll
0x00007ffb913a0000 - 0x00007ffb913aa000 	C:\Windows\SYSTEM32\AVRT.dll
0x00007ffb908e0000 - 0x00007ffb90a3d000 	C:\Windows\SYSTEM32\AUDIOSES.DLL
0x00007ffb9c560000 - 0x00007ffb9c625000 	C:\Windows\System32\OLEAUT32.dll
0x00007ffb92330000 - 0x00007ffb92483000 	C:\Windows\SYSTEM32\wintypes.dll
0x00007ffb82ff0000 - 0x00007ffb82ffd000 	C:\Windows\SYSTEM32\msacm32.drv
0x00007ffb54810000 - 0x00007ffb5482c000 	C:\Windows\SYSTEM32\MSACM32.dll
0x00007ffb82610000 - 0x00007ffb8261a000 	C:\Windows\SYSTEM32\midimap.dll
0x00007ffb9b810000 - 0x00007ffb9b8b2000 	C:\Windows\System32\clbcatq.dll
0x00007ffb949e0000 - 0x00007ffb949f4000 	C:\Windows\SYSTEM32\resourcepolicyclient.dll
0x00007ffb7b2f0000 - 0x00007ffb7b441000 	C:\Windows\System32\Windows.UI.dll
0x00007ffb82710000 - 0x00007ffb827ae000 	C:\Windows\System32\TextInputFramework.dll
0x00007ffb80790000 - 0x00007ffb808ab000 	C:\Windows\System32\InputHost.dll
0x00007ffb7ca20000 - 0x00007ffb7cd4a000 	C:\Windows\System32\CoreUIComponents.dll
0x00007ffb94270000 - 0x00007ffb94344000 	C:\Windows\System32\CoreMessaging.dll
0x00007ffb92cd0000 - 0x00007ffb92dc0000 	C:\Windows\System32\PROPSYS.dll
0x00007ffb987b0000 - 0x00007ffb987e1000 	C:\Windows\SYSTEM32\ntmarta.dll
0x00007ffb94ea0000 - 0x00007ffb95094000 	C:\Windows\SYSTEM32\dbghelp.dll

VM Arguments:
jvm_args: -agentlib:jdwp=transport=dt_socket,server=n,suspend=y,address=localhost:53559 -Dfile.encoding=UTF-8 
java_command: com.app.App
java_class_path (initial): C:\Users\rando\AppData\Local\Temp\cp_ds6hjpws035egcdxzqclh0x8q.jar
Launcher Type: SUN_STANDARD

Environment Variables:
JAVA_HOME=C:\Program Files\AdoptOpenJDK\jdk-8.0.252.09-hotspot
PATH=C:\Python38\Scripts\;C:\Python38\;C:\Windows\system32;C:\Windows;C:\Windows\System32\Wbem;C:\Windows\System32\WindowsPowerShell\v1.0\;C:\Windows\System32\OpenSSH\;C:\Program Files (x86)\NVIDIA Corporation\PhysX\Common;C:\Program Files\NVIDIA Corporation\NVIDIA NvDLISR;C:\Program Files\Intel\WiFi\bin\;C:\Program Files\Common Files\Intel\WirelessCommon\;C:\Program Files\Microsoft SQL Server\130\Tools\Binn\;C:\Program Files\Microsoft SQL Server\Client SDK\ODBC\170\Tools\Binn\;C:\Program Files\Git\cmd;C:\Program Files\dotnet\;C:\Program Files\nodejs\;C:\ProgramData\chocolatey\bin;C:\Users\rando\AppData\Local\Microsoft\WindowsApps;C:\Users\rando\AppData\Local\atom\bin;C:\MinGW\bin;C:\Users\rando\AppData\Local\Programs\Microsoft VS Code\bin;C:\Program Files\AdoptOpenJDK\jdk-8.0.252.09-hotspot\bin;C:\Program Files\apache-maven-3.6.3\bin;C:\Program Files\PostgreSQL\12\bin;C:\Users\rando\.dotnet\tools;C:\Users\rando\AppData\Roaming\npm;
USERNAME=rando
OS=Windows_NT
PROCESSOR_IDENTIFIER=Intel64 Family 6 Model 158 Stepping 10, GenuineIntel



---------------  S Y S T E M  ---------------

OS: Windows 10.0 , 64 bit Build 18362 (10.0.18362.959)

CPU:total 12 (initial active 12) (6 cores per cpu, 2 threads per core) family 6 model 158 stepping 10, cmov, cx8, fxsr, mmx, sse, sse2, sse3, ssse3, sse4.1, sse4.2, popcnt, avx, avx2, aes, clmul, erms, 3dnowpref, lzcnt, ht, tsc, tscinvbit, bmi1, bmi2, adx

Memory: 4k page, physical 16618432k(6217428k free), swap 20450532k(2510824k free)

vm_info: OpenJDK 64-Bit Server VM (25.252-b09) for windows-amd64 JRE (1.8.0_252-b09), built on Apr 22 2020 09:32:45 by "jenkins" with MS VC++ 12.0 (VS2013)

time: Sun Aug 02 18:44:37 2020
timezone: ???? (?W?€??)
elapsed time: 89 seconds (0d 0h 1m 29s)

